Replace Part C1 100nF in C:\Users\Lahiru\Google Drive\Altium Projects\FPGA Interface Board\Level Translators.SchDoc with 100nF from FPGA Interface Board.IntLib
Replace Part C2 100nF in C:\Users\Lahiru\Google Drive\Altium Projects\FPGA Interface Board\Level Translators.SchDoc with 100nF from FPGA Interface Board.IntLib
Replace Part C3 100nF in C:\Users\Lahiru\Google Drive\Altium Projects\FPGA Interface Board\Level Translators.SchDoc with 100nF from FPGA Interface Board.IntLib
Replace Part C4 100nF in C:\Users\Lahiru\Google Drive\Altium Projects\FPGA Interface Board\Level Translators.SchDoc with 100nF from FPGA Interface Board.IntLib
Replace Part C5 100nF in C:\Users\Lahiru\Google Drive\Altium Projects\FPGA Interface Board\Level Translators.SchDoc with 100nF from FPGA Interface Board.IntLib
Replace Part C6 100nF in C:\Users\Lahiru\Google Drive\Altium Projects\FPGA Interface Board\Level Translators.SchDoc with 100nF from FPGA Interface Board.IntLib
Replace Part C7 100nF in C:\Users\Lahiru\Google Drive\Altium Projects\FPGA Interface Board\Level Translators.SchDoc with 100nF from FPGA Interface Board.IntLib
Replace Part C8 100nF in C:\Users\Lahiru\Google Drive\Altium Projects\FPGA Interface Board\Level Translators.SchDoc with 100nF from FPGA Interface Board.IntLib
Replace Part C9 100nF in C:\Users\Lahiru\Google Drive\Altium Projects\FPGA Interface Board\Level Translators.SchDoc with 100nF from FPGA Interface Board.IntLib
Replace Part C10 100nF in C:\Users\Lahiru\Google Drive\Altium Projects\FPGA Interface Board\Level Translators.SchDoc with 100nF from FPGA Interface Board.IntLib
Replace Part C11 100nF in C:\Users\Lahiru\Google Drive\Altium Projects\FPGA Interface Board\Level Translators.SchDoc with 100nF from FPGA Interface Board.IntLib
Replace Part C12 100nF in C:\Users\Lahiru\Google Drive\Altium Projects\FPGA Interface Board\Level Translators.SchDoc with 100nF from FPGA Interface Board.IntLib
Replace Part C13 100nF in C:\Users\Lahiru\Google Drive\Altium Projects\FPGA Interface Board\Level Translators.SchDoc with 100nF from FPGA Interface Board.IntLib
Replace Part C14 100nF in C:\Users\Lahiru\Google Drive\Altium Projects\FPGA Interface Board\Level Translators.SchDoc with 100nF from FPGA Interface Board.IntLib
Replace Part C15 100nF in C:\Users\Lahiru\Google Drive\Altium Projects\FPGA Interface Board\Level Translators.SchDoc with 100nF from FPGA Interface Board.IntLib
Replace Part C16 100nF in C:\Users\Lahiru\Google Drive\Altium Projects\FPGA Interface Board\Level Translators.SchDoc with 100nF from FPGA Interface Board.IntLib
Replace Part C17 100nF in C:\Users\Lahiru\Google Drive\Altium Projects\FPGA Interface Board\Level Translators.SchDoc with 100nF from FPGA Interface Board.IntLib
Replace Part C18 100nF in C:\Users\Lahiru\Google Drive\Altium Projects\FPGA Interface Board\Level Translators.SchDoc with 100nF from FPGA Interface Board.IntLib
Replace Part C19 100nF in C:\Users\Lahiru\Google Drive\Altium Projects\FPGA Interface Board\Level Translators.SchDoc with 100nF from FPGA Interface Board.IntLib
Replace Part C20 100nF in C:\Users\Lahiru\Google Drive\Altium Projects\FPGA Interface Board\Level Translators.SchDoc with 100nF from FPGA Interface Board.IntLib
Replace Part C21 100nF in C:\Users\Lahiru\Google Drive\Altium Projects\FPGA Interface Board\Level Translators.SchDoc with 100nF from FPGA Interface Board.IntLib
Replace Part C22 100nF in C:\Users\Lahiru\Google Drive\Altium Projects\FPGA Interface Board\Level Translators.SchDoc with 100nF from FPGA Interface Board.IntLib
Replace Part C23 100nF in C:\Users\Lahiru\Google Drive\Altium Projects\FPGA Interface Board\Level Translators.SchDoc with 100nF from FPGA Interface Board.IntLib
Replace Part C24 100nF in C:\Users\Lahiru\Google Drive\Altium Projects\FPGA Interface Board\Level Translators.SchDoc with 100nF from FPGA Interface Board.IntLib
Replace Part C25 100nF in C:\Users\Lahiru\Google Drive\Altium Projects\FPGA Interface Board\Level Translators.SchDoc with 100nF from FPGA Interface Board.IntLib
Replace Part C26 100nF in C:\Users\Lahiru\Google Drive\Altium Projects\FPGA Interface Board\Level Translators.SchDoc with 100nF from FPGA Interface Board.IntLib
Replace Part C27 100nF in C:\Users\Lahiru\Google Drive\Altium Projects\FPGA Interface Board\Level Translators.SchDoc with 100nF from FPGA Interface Board.IntLib
Replace Part C28 100nF in C:\Users\Lahiru\Google Drive\Altium Projects\FPGA Interface Board\Level Translators.SchDoc with 100nF from FPGA Interface Board.IntLib
Replace Part C29 100nF in C:\Users\Lahiru\Google Drive\Altium Projects\FPGA Interface Board\Level Translators.SchDoc with 100nF from FPGA Interface Board.IntLib
Replace Part C30 100nF in C:\Users\Lahiru\Google Drive\Altium Projects\FPGA Interface Board\Level Translators.SchDoc with 100nF from FPGA Interface Board.IntLib
Replace Part C31 100nF in C:\Users\Lahiru\Google Drive\Altium Projects\FPGA Interface Board\Level Translators.SchDoc with 100nF from FPGA Interface Board.IntLib
Replace Part C32 100nF in C:\Users\Lahiru\Google Drive\Altium Projects\FPGA Interface Board\Level Translators.SchDoc with 100nF from FPGA Interface Board.IntLib
Replace Part R1 51 in C:\Users\Lahiru\Google Drive\Altium Projects\FPGA Interface Board\Level Translators.SchDoc with 51 from FPGA Interface Board.IntLib
Replace Part R2 51 in C:\Users\Lahiru\Google Drive\Altium Projects\FPGA Interface Board\Level Translators.SchDoc with 51 from FPGA Interface Board.IntLib
Replace Part R3 51 in C:\Users\Lahiru\Google Drive\Altium Projects\FPGA Interface Board\Level Translators.SchDoc with 51 from FPGA Interface Board.IntLib
Replace Part R7 51 in C:\Users\Lahiru\Google Drive\Altium Projects\FPGA Interface Board\Level Translators.SchDoc with 51 from FPGA Interface Board.IntLib
Replace Part R8 51 in C:\Users\Lahiru\Google Drive\Altium Projects\FPGA Interface Board\Level Translators.SchDoc with 51 from FPGA Interface Board.IntLib
Replace Part R9 51 in C:\Users\Lahiru\Google Drive\Altium Projects\FPGA Interface Board\Level Translators.SchDoc with 51 from FPGA Interface Board.IntLib
Replace Part R13 1K in C:\Users\Lahiru\Google Drive\Altium Projects\FPGA Interface Board\Level Translators.SchDoc with 1K from FPGA Interface Board.IntLib
Replace Part R14 1K in C:\Users\Lahiru\Google Drive\Altium Projects\FPGA Interface Board\Level Translators.SchDoc with 1K from FPGA Interface Board.IntLib
Replace Part R15 1K in C:\Users\Lahiru\Google Drive\Altium Projects\FPGA Interface Board\Level Translators.SchDoc with 1K from FPGA Interface Board.IntLib
Replace Part R16 1K in C:\Users\Lahiru\Google Drive\Altium Projects\FPGA Interface Board\Level Translators.SchDoc with 1K from FPGA Interface Board.IntLib
Replace Part R17 1K in C:\Users\Lahiru\Google Drive\Altium Projects\FPGA Interface Board\Level Translators.SchDoc with 1K from FPGA Interface Board.IntLib
Replace Part R18 1K in C:\Users\Lahiru\Google Drive\Altium Projects\FPGA Interface Board\Level Translators.SchDoc with 1K from FPGA Interface Board.IntLib
Replace Part R19 51 in C:\Users\Lahiru\Google Drive\Altium Projects\FPGA Interface Board\Level Translators.SchDoc with 51 from FPGA Interface Board.IntLib
Replace Part R20 51 in C:\Users\Lahiru\Google Drive\Altium Projects\FPGA Interface Board\Level Translators.SchDoc with 51 from FPGA Interface Board.IntLib
Replace Part R21 51 in C:\Users\Lahiru\Google Drive\Altium Projects\FPGA Interface Board\Level Translators.SchDoc with 51 from FPGA Interface Board.IntLib
Replace Part R25 51 in C:\Users\Lahiru\Google Drive\Altium Projects\FPGA Interface Board\Level Translators.SchDoc with 51 from FPGA Interface Board.IntLib
Replace Part R26 51 in C:\Users\Lahiru\Google Drive\Altium Projects\FPGA Interface Board\Level Translators.SchDoc with 51 from FPGA Interface Board.IntLib
Replace Part R27 51 in C:\Users\Lahiru\Google Drive\Altium Projects\FPGA Interface Board\Level Translators.SchDoc with 51 from FPGA Interface Board.IntLib
Replace Part R31 1K in C:\Users\Lahiru\Google Drive\Altium Projects\FPGA Interface Board\Level Translators.SchDoc with 1K from FPGA Interface Board.IntLib
Replace Part R32 1K in C:\Users\Lahiru\Google Drive\Altium Projects\FPGA Interface Board\Level Translators.SchDoc with 1K from FPGA Interface Board.IntLib
Replace Part R33 1K in C:\Users\Lahiru\Google Drive\Altium Projects\FPGA Interface Board\Level Translators.SchDoc with 1K from FPGA Interface Board.IntLib
Replace Part R34 1K in C:\Users\Lahiru\Google Drive\Altium Projects\FPGA Interface Board\Level Translators.SchDoc with 1K from FPGA Interface Board.IntLib
Replace Part R35 1K in C:\Users\Lahiru\Google Drive\Altium Projects\FPGA Interface Board\Level Translators.SchDoc with 1K from FPGA Interface Board.IntLib
Replace Part R36 1K in C:\Users\Lahiru\Google Drive\Altium Projects\FPGA Interface Board\Level Translators.SchDoc with 1K from FPGA Interface Board.IntLib
Replace Part R37 51 in C:\Users\Lahiru\Google Drive\Altium Projects\FPGA Interface Board\Level Translators.SchDoc with 51 from FPGA Interface Board.IntLib
Replace Part R38 51 in C:\Users\Lahiru\Google Drive\Altium Projects\FPGA Interface Board\Level Translators.SchDoc with 51 from FPGA Interface Board.IntLib
Replace Part R41 51 in C:\Users\Lahiru\Google Drive\Altium Projects\FPGA Interface Board\Level Translators.SchDoc with 51 from FPGA Interface Board.IntLib
Replace Part R42 51 in C:\Users\Lahiru\Google Drive\Altium Projects\FPGA Interface Board\Level Translators.SchDoc with 51 from FPGA Interface Board.IntLib
Replace Part R45 1K in C:\Users\Lahiru\Google Drive\Altium Projects\FPGA Interface Board\Level Translators.SchDoc with 1K from FPGA Interface Board.IntLib
Replace Part R46 1K in C:\Users\Lahiru\Google Drive\Altium Projects\FPGA Interface Board\Level Translators.SchDoc with 1K from FPGA Interface Board.IntLib
Replace Part R47 1K in C:\Users\Lahiru\Google Drive\Altium Projects\FPGA Interface Board\Level Translators.SchDoc with 1K from FPGA Interface Board.IntLib
Replace Part R48 1K in C:\Users\Lahiru\Google Drive\Altium Projects\FPGA Interface Board\Level Translators.SchDoc with 1K from FPGA Interface Board.IntLib
Replace Part RLY1 G5NB-1A-E-DC12 in C:\Users\Lahiru\Google Drive\Altium Projects\FPGA Interface Board\Level Translators.SchDoc with G5NB-1A-E-DC12 from FPGA Interface Board.IntLib
Replace Part RLY2 G5NB-1A-E-DC12 in C:\Users\Lahiru\Google Drive\Altium Projects\FPGA Interface Board\Level Translators.SchDoc with G5NB-1A-E-DC12 from FPGA Interface Board.IntLib
Replace Part RLY3 G5NB-1A-E-DC12 in C:\Users\Lahiru\Google Drive\Altium Projects\FPGA Interface Board\Level Translators.SchDoc with G5NB-1A-E-DC12 from FPGA Interface Board.IntLib
Replace Part RLY4 G5NB-1A-E-DC12 in C:\Users\Lahiru\Google Drive\Altium Projects\FPGA Interface Board\Level Translators.SchDoc with G5NB-1A-E-DC12 from FPGA Interface Board.IntLib
Replace Part RLY5 G5NB-1A-E-DC12 in C:\Users\Lahiru\Google Drive\Altium Projects\FPGA Interface Board\Level Translators.SchDoc with G5NB-1A-E-DC12 from FPGA Interface Board.IntLib
Replace Part RLY6 G5NB-1A-E-DC12 in C:\Users\Lahiru\Google Drive\Altium Projects\FPGA Interface Board\Level Translators.SchDoc with G5NB-1A-E-DC12 from FPGA Interface Board.IntLib
Replace Part RLY7 G5NB-1A-E-DC12 in C:\Users\Lahiru\Google Drive\Altium Projects\FPGA Interface Board\Level Translators.SchDoc with G5NB-1A-E-DC12 from FPGA Interface Board.IntLib
Replace Part RLY8 G5NB-1A-E-DC12 in C:\Users\Lahiru\Google Drive\Altium Projects\FPGA Interface Board\Level Translators.SchDoc with G5NB-1A-E-DC12 from FPGA Interface Board.IntLib
Replace Part RLY9 G5NB-1A-E-DC12 in C:\Users\Lahiru\Google Drive\Altium Projects\FPGA Interface Board\Level Translators.SchDoc with G5NB-1A-E-DC12 from FPGA Interface Board.IntLib
Replace Part RLY10 G5NB-1A-E-DC12 in C:\Users\Lahiru\Google Drive\Altium Projects\FPGA Interface Board\Level Translators.SchDoc with G5NB-1A-E-DC12 from FPGA Interface Board.IntLib
Replace Part RLY11 G5NB-1A-E-DC12 in C:\Users\Lahiru\Google Drive\Altium Projects\FPGA Interface Board\Level Translators.SchDoc with G5NB-1A-E-DC12 from FPGA Interface Board.IntLib
Replace Part RLY12 G5NB-1A-E-DC12 in C:\Users\Lahiru\Google Drive\Altium Projects\FPGA Interface Board\Level Translators.SchDoc with G5NB-1A-E-DC12 from FPGA Interface Board.IntLib
Replace Part RLY13 G5NB-1A-E-DC12 in C:\Users\Lahiru\Google Drive\Altium Projects\FPGA Interface Board\Level Translators.SchDoc with G5NB-1A-E-DC12 from FPGA Interface Board.IntLib
Replace Part RLY14 G5NB-1A-E-DC12 in C:\Users\Lahiru\Google Drive\Altium Projects\FPGA Interface Board\Level Translators.SchDoc with G5NB-1A-E-DC12 from FPGA Interface Board.IntLib
Replace Part RLY15 G5NB-1A-E-DC12 in C:\Users\Lahiru\Google Drive\Altium Projects\FPGA Interface Board\Level Translators.SchDoc with G5NB-1A-E-DC12 from FPGA Interface Board.IntLib
Replace Part RLY16 G5NB-1A-E-DC12 in C:\Users\Lahiru\Google Drive\Altium Projects\FPGA Interface Board\Level Translators.SchDoc with G5NB-1A-E-DC12 from FPGA Interface Board.IntLib
Replace Part U3 74LVCH2T45DC-Q100H in C:\Users\Lahiru\Google Drive\Altium Projects\FPGA Interface Board\Level Translators.SchDoc with 74LVCH2T45DC-Q100H from FPGA Interface Board.IntLib
Replace Part U4 74LVCH2T45DC-Q100H in C:\Users\Lahiru\Google Drive\Altium Projects\FPGA Interface Board\Level Translators.SchDoc with 74LVCH2T45DC-Q100H from FPGA Interface Board.IntLib
Replace Part U5 74LVCH2T45DC-Q100H in C:\Users\Lahiru\Google Drive\Altium Projects\FPGA Interface Board\Level Translators.SchDoc with 74LVCH2T45DC-Q100H from FPGA Interface Board.IntLib
Replace Part U6 74LVCH2T45DC-Q100H in C:\Users\Lahiru\Google Drive\Altium Projects\FPGA Interface Board\Level Translators.SchDoc with 74LVCH2T45DC-Q100H from FPGA Interface Board.IntLib
Replace Part U7 74LVCH2T45DC-Q100H in C:\Users\Lahiru\Google Drive\Altium Projects\FPGA Interface Board\Level Translators.SchDoc with 74LVCH2T45DC-Q100H from FPGA Interface Board.IntLib
Replace Part U8 74LVCH2T45DC-Q100H in C:\Users\Lahiru\Google Drive\Altium Projects\FPGA Interface Board\Level Translators.SchDoc with 74LVCH2T45DC-Q100H from FPGA Interface Board.IntLib
Replace Part U9 74LVCH2T45DC-Q100H in C:\Users\Lahiru\Google Drive\Altium Projects\FPGA Interface Board\Level Translators.SchDoc with 74LVCH2T45DC-Q100H from FPGA Interface Board.IntLib
Replace Part U10 74LVCH2T45DC-Q100H in C:\Users\Lahiru\Google Drive\Altium Projects\FPGA Interface Board\Level Translators.SchDoc with 74LVCH2T45DC-Q100H from FPGA Interface Board.IntLib
Replace Part U11 74LVCH2T45DC-Q100H in C:\Users\Lahiru\Google Drive\Altium Projects\FPGA Interface Board\Level Translators.SchDoc with 74LVCH2T45DC-Q100H from FPGA Interface Board.IntLib
Replace Part U12 74LVCH2T45DC-Q100H in C:\Users\Lahiru\Google Drive\Altium Projects\FPGA Interface Board\Level Translators.SchDoc with 74LVCH2T45DC-Q100H from FPGA Interface Board.IntLib
Replace Part U13 74LVCH2T45DC-Q100H in C:\Users\Lahiru\Google Drive\Altium Projects\FPGA Interface Board\Level Translators.SchDoc with 74LVCH2T45DC-Q100H from FPGA Interface Board.IntLib
Replace Part U14 74LVCH2T45DC-Q100H in C:\Users\Lahiru\Google Drive\Altium Projects\FPGA Interface Board\Level Translators.SchDoc with 74LVCH2T45DC-Q100H from FPGA Interface Board.IntLib
Replace Part U15 74LVCH2T45DC-Q100H in C:\Users\Lahiru\Google Drive\Altium Projects\FPGA Interface Board\Level Translators.SchDoc with 74LVCH2T45DC-Q100H from FPGA Interface Board.IntLib
Replace Part U16 74LVCH2T45DC-Q100H in C:\Users\Lahiru\Google Drive\Altium Projects\FPGA Interface Board\Level Translators.SchDoc with 74LVCH2T45DC-Q100H from FPGA Interface Board.IntLib
Replace Part U17 74LVCH2T45DC-Q100H in C:\Users\Lahiru\Google Drive\Altium Projects\FPGA Interface Board\Level Translators.SchDoc with 74LVCH2T45DC-Q100H from FPGA Interface Board.IntLib
Replace Part U18 74LVCH2T45DC-Q100H in C:\Users\Lahiru\Google Drive\Altium Projects\FPGA Interface Board\Level Translators.SchDoc with 74LVCH2T45DC-Q100H from FPGA Interface Board.IntLib
