Change Component Designator: Old Designator=Q4 New Designator=Q5
Change Component Designator: Old Designator=Q5 New Designator=Q6
Change Component Designator: Old Designator=Q6 New Designator=Q7
Change Component Designator: Old Designator=Q? New Designator=Q4
Change Component Designator: Old Designator=Q? New Designator=Q8
Change Component Designator: Old Designator=R24 New Designator=R30
Change Component Designator: Old Designator=R28 New Designator=R44
Change Component Designator: Old Designator=R29 New Designator=R52
Change Component Designator: Old Designator=R30 New Designator=R24
Change Component Designator: Old Designator=R40 New Designator=R49
Change Component Designator: Old Designator=R43 New Designator=R53
Change Component Designator: Old Designator=R44 New Designator=R28
Change Component Designator: Old Designator=R49 New Designator=R40
Change Component Designator: Old Designator=R51 New Designator=R54
Change Component Designator: Old Designator=R52 New Designator=R56
Change Component Designator: Old Designator=R53 New Designator=R60
Change Component Designator: Old Designator=R54 New Designator=R64
Change Component Designator: Old Designator=R55 New Designator=R68
Change Component Designator: Old Designator=R56 New Designator=R57
Change Component Designator: Old Designator=R57 New Designator=R61
Change Component Designator: Old Designator=R58 New Designator=R65
Change Component Designator: Old Designator=R59 New Designator=R69
Change Component Designator: Old Designator=R60 New Designator=R58
Change Component Designator: Old Designator=R61 New Designator=R62
Change Component Designator: Old Designator=R62 New Designator=R66
Change Component Designator: Old Designator=R63 New Designator=R70
Change Component Designator: Old Designator=R? New Designator=R29
Change Component Designator: Old Designator=R? New Designator=R43
Change Component Designator: Old Designator=R? New Designator=R51
Change Component Designator: Old Designator=R? New Designator=R55
Change Component Designator: Old Designator=R? New Designator=R59
Change Component Designator: Old Designator=R? New Designator=R63
Change Component Designator: Old Designator=R? New Designator=R67
Change Component Designator: Old Designator=R? New Designator=R71
Change Component Designator: Old Designator=T2 New Designator=T5
Change Component Designator: Old Designator=T3 New Designator=T2
Change Component Designator: Old Designator=T4 New Designator=T6
Change Component Designator: Old Designator=T5 New Designator=T3
Change Component Designator: Old Designator=T6 New Designator=T7
Change Component Designator: Old Designator=T7 New Designator=T9
Change Component Designator: Old Designator=T8 New Designator=T13
Change Component Designator: Old Designator=T9 New Designator=T10
Change Component Designator: Old Designator=T10 New Designator=T14
Change Component Designator: Old Designator=T12 New Designator=T15
Change Component Designator: Old Designator=T? New Designator=T4
Change Component Designator: Old Designator=T? New Designator=T8
Change Component Designator: Old Designator=T? New Designator=T12
Change Component Designator: Old Designator=T? New Designator=T16
