Replace Part C33 10uF in C:\Users\Lahiru\Google Drive\Altium Projects\FPGA Interface Board\Logic Voltage Source.SchDoc with 10uF from FPGA Interface Board.IntLib
Replace Part C34 10uF in C:\Users\Lahiru\Google Drive\Altium Projects\FPGA Interface Board\Logic Voltage Source.SchDoc with 10uF from FPGA Interface Board.IntLib
Replace Part C35 100nF in C:\Users\Lahiru\Google Drive\Altium Projects\FPGA Interface Board\Logic Voltage Source.SchDoc with 100nF from FPGA Interface Board.IntLib
Replace Part C36 5pF in C:\Users\Lahiru\Google Drive\Altium Projects\FPGA Interface Board\Logic Voltage Source.SchDoc with 5pF from FPGA Interface Board.IntLib
Replace Part C37 100nF in C:\Users\Lahiru\Google Drive\Altium Projects\FPGA Interface Board\Logic Voltage Source.SchDoc with 100nF from FPGA Interface Board.IntLib
Replace Part C38 22uF in C:\Users\Lahiru\Google Drive\Altium Projects\FPGA Interface Board\Logic Voltage Source.SchDoc with 22uF from FPGA Interface Board.IntLib
Replace Part C39 22uF in C:\Users\Lahiru\Google Drive\Altium Projects\FPGA Interface Board\Logic Voltage Source.SchDoc with 22uF from FPGA Interface Board.IntLib
Replace Part C40 470nF in C:\Users\Lahiru\Google Drive\Altium Projects\FPGA Interface Board\Logic Voltage Source.SchDoc with 470nF from FPGA Interface Board.IntLib
Replace Part C41 100nF in C:\Users\Lahiru\Google Drive\Altium Projects\FPGA Interface Board\Logic Voltage Source.SchDoc with 100nF from Main_MCU.IntLib
Replace Part C42 470nF in C:\Users\Lahiru\Google Drive\Altium Projects\FPGA Interface Board\Logic Voltage Source.SchDoc with 470nF from Main_MCU.IntLib
Replace Part C45 CMP-2f55e5122ad9f092-5_3 in C:\Users\Lahiru\Google Drive\Altium Projects\FPGA Interface Board\Logic Voltage Source.SchDoc with CMP-2f55e5122ad9f092-5_3 from Resistor Capacitor.IntLib
Replace Part C46 CMP-2f55e5122ad9f092-5_3 in C:\Users\Lahiru\Google Drive\Altium Projects\FPGA Interface Board\Logic Voltage Source.SchDoc with CMP-2f55e5122ad9f092-5_3 from Resistor Capacitor.IntLib
Replace Part JP1 CMP-75tq5o8j4p0avfd6ylbk-1 in C:\Users\Lahiru\Google Drive\Altium Projects\FPGA Interface Board\Logic Voltage Source.SchDoc with CMP-75tq5o8j4p0avfd6ylbk-1 from POWER CARD.IntLib
Replace Part JP2 CMP-75tq5o8j4p0avfd6ylbk-1 in C:\Users\Lahiru\Google Drive\Altium Projects\FPGA Interface Board\Logic Voltage Source.SchDoc with CMP-75tq5o8j4p0avfd6ylbk-1 from POWER CARD.IntLib
Replace Part L1 3.3uH in C:\Users\Lahiru\Google Drive\Altium Projects\FPGA Interface Board\Logic Voltage Source.SchDoc with 3.3uH from FPGA Interface Board.IntLib
Replace Part R6 10K in C:\Users\Lahiru\Google Drive\Altium Projects\FPGA Interface Board\Logic Voltage Source.SchDoc with 10K from Main_MCU.IntLib
Replace Part R10 100K in C:\Users\Lahiru\Google Drive\Altium Projects\FPGA Interface Board\Logic Voltage Source.SchDoc with 100K from FPGA Interface Board.IntLib
Replace Part R11 49.9K in C:\Users\Lahiru\Google Drive\Altium Projects\FPGA Interface Board\Logic Voltage Source.SchDoc with 49.9K from FPGA Interface Board.IntLib
Replace Part R12 1K in C:\Users\Lahiru\Google Drive\Altium Projects\FPGA Interface Board\Logic Voltage Source.SchDoc with 1K from Main_MCU.IntLib
Replace Part R22 10K in C:\Users\Lahiru\Google Drive\Altium Projects\FPGA Interface Board\Logic Voltage Source.SchDoc with 10K from Main_MCU.IntLib
Replace Part R49 10K in C:\Users\Lahiru\Google Drive\Altium Projects\FPGA Interface Board\Logic Voltage Source.SchDoc with 10K from FPGA Interface Board.IntLib
Replace Part R50 10K in C:\Users\Lahiru\Google Drive\Altium Projects\FPGA Interface Board\Logic Voltage Source.SchDoc with 10K from FPGA Interface Board.IntLib
Replace Part R51 10K in C:\Users\Lahiru\Google Drive\Altium Projects\FPGA Interface Board\Logic Voltage Source.SchDoc with 10K from FPGA Interface Board.IntLib
Replace Part R52 105K in C:\Users\Lahiru\Google Drive\Altium Projects\FPGA Interface Board\Logic Voltage Source.SchDoc with 105K from FPGA Interface Board.IntLib
Replace Part R53 10K in C:\Users\Lahiru\Google Drive\Altium Projects\FPGA Interface Board\Logic Voltage Source.SchDoc with 10K from FPGA Interface Board.IntLib
Replace Part U1 MCP1826T-ADJE/DC in C:\Users\Lahiru\Google Drive\Altium Projects\FPGA Interface Board\Logic Voltage Source.SchDoc with MCP1826T-ADJE/DC from FPGA Interface Board.IntLib
Replace Part U19 TPS56528DDAR in C:\Users\Lahiru\Google Drive\Altium Projects\FPGA Interface Board\Logic Voltage Source.SchDoc with TPS56528DDAR from FPGA Interface Board.IntLib
Replace Part U20 L78M06CDT-TR in C:\Users\Lahiru\Google Drive\Altium Projects\FPGA Interface Board\Logic Voltage Source.SchDoc with L78M06CDT-TR from FPGA Interface Board.IntLib
