Change Physical Footprint: Designator=C1 Old Footprint=C0603 New Footprint=C0603
Change Physical Footprint: Designator=C2 Old Footprint=C0603 New Footprint=C0603
Change Physical Footprint: Designator=C3 Old Footprint=C0603 New Footprint=C0603
Change Physical Footprint: Designator=C4 Old Footprint=C0603 New Footprint=C0603
Change Physical Footprint: Designator=C5 Old Footprint=C0603 New Footprint=C0603
Change Physical Footprint: Designator=C6 Old Footprint=C0603 New Footprint=C0603
Change Physical Footprint: Designator=C7 Old Footprint=C0603 New Footprint=C0603
Change Physical Footprint: Designator=C8 Old Footprint=C0603 New Footprint=C0603
Change Physical Footprint: Designator=C9 Old Footprint=C0603 New Footprint=C0603
Change Physical Footprint: Designator=C10 Old Footprint=C0603 New Footprint=C0603
Change Physical Footprint: Designator=C11 Old Footprint=C0603 New Footprint=C0603
Change Physical Footprint: Designator=C12 Old Footprint=C0603 New Footprint=C0603
Change Physical Footprint: Designator=C13 Old Footprint=C0603 New Footprint=C0603
Change Physical Footprint: Designator=C14 Old Footprint=C0603 New Footprint=C0603
Change Physical Footprint: Designator=C15 Old Footprint=C0603 New Footprint=C0603
Change Physical Footprint: Designator=C16 Old Footprint=C0603 New Footprint=C0603
Change Physical Footprint: Designator=C17 Old Footprint=C0603 New Footprint=C0603
Change Physical Footprint: Designator=C18 Old Footprint=C0603 New Footprint=C0603
Change Physical Footprint: Designator=C19 Old Footprint=C0603 New Footprint=C0603
Change Physical Footprint: Designator=C20 Old Footprint=C0603 New Footprint=C0603
Change Physical Footprint: Designator=C21 Old Footprint=C0603 New Footprint=C0603
Change Physical Footprint: Designator=C22 Old Footprint=C0603 New Footprint=C0603
Change Physical Footprint: Designator=C23 Old Footprint=C0603 New Footprint=C0603
Change Physical Footprint: Designator=C24 Old Footprint=C0603 New Footprint=C0603
Change Physical Footprint: Designator=C25 Old Footprint=C0603 New Footprint=C0603
Change Physical Footprint: Designator=C26 Old Footprint=C0603 New Footprint=C0603
Change Physical Footprint: Designator=C27 Old Footprint=C0603 New Footprint=C0603
Change Physical Footprint: Designator=C28 Old Footprint=C0603 New Footprint=C0603
Change Physical Footprint: Designator=C29 Old Footprint=C0603 New Footprint=C0603
Change Physical Footprint: Designator=C30 Old Footprint=C0603 New Footprint=C0603
Change Physical Footprint: Designator=C31 Old Footprint=C0603 New Footprint=C0603
Change Physical Footprint: Designator=C32 Old Footprint=C0603 New Footprint=C0603
Change Physical Footprint: Designator=C33 Old Footprint=C0805 New Footprint=C0805
Change Physical Footprint: Designator=C34 Old Footprint=C0805 New Footprint=C0805
Change Physical Footprint: Designator=C35 Old Footprint=C0603 New Footprint=C0603
Change Physical Footprint: Designator=C36 Old Footprint=C0603 New Footprint=C0603
Change Physical Footprint: Designator=C37 Old Footprint=C0603 New Footprint=C0603
Change Physical Footprint: Designator=C38 Old Footprint=C0603 New Footprint=C0603
Change Physical Footprint: Designator=C39 Old Footprint=C0603 New Footprint=C0603
Change Physical Footprint: Designator=C40 Old Footprint=C0603 New Footprint=C0603
Change Physical Footprint: Designator=C43 Old Footprint=C0603 New Footprint=C0603
Change Physical Footprint: Designator=C44 Old Footprint=C0603 New Footprint=C0603
Change Physical Footprint: Designator=CN1 Old Footprint=CONN-TH_B8B-XH-A (LF)(SN) New Footprint=CONN-TH_B8B-XH-A (LF)(SN)
Change Physical Footprint: Designator=CN2 Old Footprint=CONN-TH_B8B-XH-A (LF)(SN) New Footprint=CONN-TH_B8B-XH-A (LF)(SN)
Change Physical Footprint: Designator=CN3 Old Footprint=CONN-TH_B8B-XH-A (LF)(SN) New Footprint=CONN-TH_B8B-XH-A (LF)(SN)
Change Physical Footprint: Designator=CN4 Old Footprint=CONN-TH_6P-P2.50_B6B-XH-A(LF)(SN) New Footprint=CONN-TH_6P-P2.50_B6B-XH-A(LF)(SN)
Change Physical Footprint: Designator=CN5 Old Footprint=CONN-TH_HAA420A-4A New Footprint=CONN-TH_HAA420A-4A
Change Physical Footprint: Designator=Designator2 Old Footprint=MCP1826T-ADJE/DC New Footprint=MCP1826T-ADJE/DC
Change Physical Footprint: Designator=IO_1 Old Footprint=LED0603-R-RD New Footprint=LED0603-R-RD
Change Physical Footprint: Designator=IO_2 Old Footprint=LED0603-R-RD New Footprint=LED0603-R-RD
Change Physical Footprint: Designator=IO_3 Old Footprint=LED0603-R-RD New Footprint=LED0603-R-RD
Change Physical Footprint: Designator=IO_4 Old Footprint=LED0603-R-RD New Footprint=LED0603-R-RD
Change Physical Footprint: Designator=IO_5 Old Footprint=LED0603-R-RD New Footprint=LED0603-R-RD
Change Physical Footprint: Designator=IO_6 Old Footprint=LED0603-R-RD New Footprint=LED0603-R-RD
Change Physical Footprint: Designator=IO_7 Old Footprint=LED0603-R-RD New Footprint=LED0603-R-RD
Change Physical Footprint: Designator=IO_8 Old Footprint=LED0603-R-RD New Footprint=LED0603-R-RD
Change Physical Footprint: Designator=IO_9 Old Footprint=LED0603-R-RD New Footprint=LED0603-R-RD
Change Physical Footprint: Designator=IO_10 Old Footprint=LED0603-R-RD New Footprint=LED0603-R-RD
Change Physical Footprint: Designator=IO_11 Old Footprint=LED0603-R-RD New Footprint=LED0603-R-RD
Change Physical Footprint: Designator=IO_12 Old Footprint=LED0603-R-RD New Footprint=LED0603-R-RD
Change Physical Footprint: Designator=IO_13 Old Footprint=LED0603-R-RD New Footprint=LED0603-R-RD
Change Physical Footprint: Designator=IO_14 Old Footprint=LED0603-R-RD New Footprint=LED0603-R-RD
Change Physical Footprint: Designator=IO_15 Old Footprint=LED0603-R-RD New Footprint=LED0603-R-RD
Change Physical Footprint: Designator=IO_16 Old Footprint=LED0603-R-RD New Footprint=LED0603-R-RD
Change Physical Footprint: Designator=L1 Old Footprint=IND-SMD_L11.5-W10.0_SMMS1040 New Footprint=IND-SMD_L11.5-W10.0_SMMS1040
Change Physical Footprint: Designator=P1 Old Footprint=HDR-TH_16P-P2.54-V New Footprint=HDR-TH_16P-P2.54-V
Change Physical Footprint: Designator=R1 Old Footprint=R0603 New Footprint=R0603
Change Physical Footprint: Designator=R2 Old Footprint=R0603 New Footprint=R0603
Change Physical Footprint: Designator=R3 Old Footprint=R0603 New Footprint=R0603
Change Physical Footprint: Designator=R4 Old Footprint=gen0603-2 New Footprint=gen0603-2
Change Physical Footprint: Designator=R5 Old Footprint=gen0603-2 New Footprint=gen0603-2
Change Physical Footprint: Designator=R7 Old Footprint=R0603 New Footprint=R0603
Change Physical Footprint: Designator=R8 Old Footprint=R0603 New Footprint=R0603
Change Physical Footprint: Designator=R9 Old Footprint=R0603 New Footprint=R0603
Change Physical Footprint: Designator=R13 Old Footprint=R0603 New Footprint=R0603
Change Physical Footprint: Designator=R14 Old Footprint=R0603 New Footprint=R0603
Change Physical Footprint: Designator=R15 Old Footprint=R0603 New Footprint=R0603
Change Physical Footprint: Designator=R16 Old Footprint=R0603 New Footprint=R0603
Change Physical Footprint: Designator=R17 Old Footprint=R0603 New Footprint=R0603
Change Physical Footprint: Designator=R18 Old Footprint=R0603 New Footprint=R0603
Change Physical Footprint: Designator=R19 Old Footprint=R0603 New Footprint=R0603
Change Physical Footprint: Designator=R20 Old Footprint=R0603 New Footprint=R0603
Change Physical Footprint: Designator=R21 Old Footprint=R0603 New Footprint=R0603
Change Physical Footprint: Designator=R25 Old Footprint=R0603 New Footprint=R0603
Change Physical Footprint: Designator=R26 Old Footprint=R0603 New Footprint=R0603
Change Physical Footprint: Designator=R27 Old Footprint=R0603 New Footprint=R0603
Change Physical Footprint: Designator=R31 Old Footprint=R0603 New Footprint=R0603
Change Physical Footprint: Designator=R32 Old Footprint=R0603 New Footprint=R0603
Change Physical Footprint: Designator=R33 Old Footprint=R0603 New Footprint=R0603
Change Physical Footprint: Designator=R34 Old Footprint=R0603 New Footprint=R0603
Change Physical Footprint: Designator=R35 Old Footprint=R0603 New Footprint=R0603
Change Physical Footprint: Designator=R36 Old Footprint=R0603 New Footprint=R0603
Change Physical Footprint: Designator=R37 Old Footprint=R0603 New Footprint=R0603
Change Physical Footprint: Designator=R38 Old Footprint=R0603 New Footprint=R0603
Change Physical Footprint: Designator=R41 Old Footprint=R0603 New Footprint=R0603
Change Physical Footprint: Designator=R42 Old Footprint=R0603 New Footprint=R0603
Change Physical Footprint: Designator=R45 Old Footprint=R0603 New Footprint=R0603
Change Physical Footprint: Designator=R46 Old Footprint=R0603 New Footprint=R0603
Change Physical Footprint: Designator=R47 Old Footprint=R0603 New Footprint=R0603
Change Physical Footprint: Designator=R48 Old Footprint=R0603 New Footprint=R0603
Change Physical Footprint: Designator=R49 Old Footprint=R0603 New Footprint=R0603
Change Physical Footprint: Designator=R50 Old Footprint=R0603 New Footprint=R0603
Change Physical Footprint: Designator=R51 Old Footprint=R0603 New Footprint=R0603
Change Physical Footprint: Designator=R52 Old Footprint=R0603 New Footprint=R0603
Change Physical Footprint: Designator=R53 Old Footprint=R0603 New Footprint=R0603
Change Physical Footprint: Designator=R54 Old Footprint=R0603 New Footprint=R0603
Change Physical Footprint: Designator=R55 Old Footprint=R0603 New Footprint=R0603
Change Physical Footprint: Designator=R56 Old Footprint=R0603 New Footprint=R0603
Change Physical Footprint: Designator=R57 Old Footprint=R0603 New Footprint=R0603
Change Physical Footprint: Designator=R58 Old Footprint=R0603 New Footprint=R0603
Change Physical Footprint: Designator=R59 Old Footprint=R0603 New Footprint=R0603
Change Physical Footprint: Designator=R60 Old Footprint=R0603 New Footprint=R0603
Change Physical Footprint: Designator=R61 Old Footprint=R0603 New Footprint=R0603
Change Physical Footprint: Designator=R62 Old Footprint=R0603 New Footprint=R0603
Change Physical Footprint: Designator=R63 Old Footprint=R0603 New Footprint=R0603
Change Physical Footprint: Designator=R64 Old Footprint=R0603 New Footprint=R0603
Change Physical Footprint: Designator=R65 Old Footprint=R0603 New Footprint=R0603
Change Physical Footprint: Designator=R66 Old Footprint=R0603 New Footprint=R0603
Change Physical Footprint: Designator=R67 Old Footprint=R0603 New Footprint=R0603
Change Physical Footprint: Designator=R68 Old Footprint=R0603 New Footprint=R0603
Change Physical Footprint: Designator=R69 Old Footprint=R0603 New Footprint=R0603
Change Physical Footprint: Designator=RF1 Old Footprint=ANT-TH_KH-SMA-K513-G New Footprint=ANT-TH_KH-SMA-K513-G
Change Physical Footprint: Designator=RF2 Old Footprint=ANT-TH_KH-SMA-K513-G New Footprint=ANT-TH_KH-SMA-K513-G
Change Physical Footprint: Designator=RLY1 Old Footprint=RELAY-TH_G5NB-1A-E-DCXX New Footprint=RELAY-TH_G5NB-1A-E-DCXX
Change Physical Footprint: Designator=RLY2 Old Footprint=RELAY-TH_G5NB-1A-E-DCXX New Footprint=RELAY-TH_G5NB-1A-E-DCXX
Change Physical Footprint: Designator=RLY3 Old Footprint=RELAY-TH_G5NB-1A-E-DCXX New Footprint=RELAY-TH_G5NB-1A-E-DCXX
Change Physical Footprint: Designator=RLY4 Old Footprint=RELAY-TH_G5NB-1A-E-DCXX New Footprint=RELAY-TH_G5NB-1A-E-DCXX
Change Physical Footprint: Designator=RLY5 Old Footprint=RELAY-TH_G5NB-1A-E-DCXX New Footprint=RELAY-TH_G5NB-1A-E-DCXX
Change Physical Footprint: Designator=RLY6 Old Footprint=RELAY-TH_G5NB-1A-E-DCXX New Footprint=RELAY-TH_G5NB-1A-E-DCXX
Change Physical Footprint: Designator=RLY7 Old Footprint=RELAY-TH_G5NB-1A-E-DCXX New Footprint=RELAY-TH_G5NB-1A-E-DCXX
Change Physical Footprint: Designator=RLY8 Old Footprint=RELAY-TH_G5NB-1A-E-DCXX New Footprint=RELAY-TH_G5NB-1A-E-DCXX
Change Physical Footprint: Designator=RLY9 Old Footprint=RELAY-TH_G5NB-1A-E-DCXX New Footprint=RELAY-TH_G5NB-1A-E-DCXX
Change Physical Footprint: Designator=RLY10 Old Footprint=RELAY-TH_G5NB-1A-E-DCXX New Footprint=RELAY-TH_G5NB-1A-E-DCXX
Change Physical Footprint: Designator=RLY11 Old Footprint=RELAY-TH_G5NB-1A-E-DCXX New Footprint=RELAY-TH_G5NB-1A-E-DCXX
Change Physical Footprint: Designator=RLY12 Old Footprint=RELAY-TH_G5NB-1A-E-DCXX New Footprint=RELAY-TH_G5NB-1A-E-DCXX
Change Physical Footprint: Designator=RLY13 Old Footprint=RELAY-TH_G5NB-1A-E-DCXX New Footprint=RELAY-TH_G5NB-1A-E-DCXX
Change Physical Footprint: Designator=RLY14 Old Footprint=RELAY-TH_G5NB-1A-E-DCXX New Footprint=RELAY-TH_G5NB-1A-E-DCXX
Change Physical Footprint: Designator=RLY15 Old Footprint=RELAY-TH_G5NB-1A-E-DCXX New Footprint=RELAY-TH_G5NB-1A-E-DCXX
Change Physical Footprint: Designator=RLY16 Old Footprint=RELAY-TH_G5NB-1A-E-DCXX New Footprint=RELAY-TH_G5NB-1A-E-DCXX
Change Physical Footprint: Designator=U2 Old Footprint=DE0-NANO UPSIDE DOWN New Footprint=DE0-NANO UPSIDE DOWN
Change Physical Footprint: Designator=U3 Old Footprint=VSSOP-8_L2.4-W2.1-P0.50-LS3.2-BR New Footprint=VSSOP-8_L2.4-W2.1-P0.50-LS3.2-BR
Change Physical Footprint: Designator=U4 Old Footprint=VSSOP-8_L2.4-W2.1-P0.50-LS3.2-BR New Footprint=VSSOP-8_L2.4-W2.1-P0.50-LS3.2-BR
Change Physical Footprint: Designator=U5 Old Footprint=VSSOP-8_L2.4-W2.1-P0.50-LS3.2-BR New Footprint=VSSOP-8_L2.4-W2.1-P0.50-LS3.2-BR
Change Physical Footprint: Designator=U6 Old Footprint=VSSOP-8_L2.4-W2.1-P0.50-LS3.2-BR New Footprint=VSSOP-8_L2.4-W2.1-P0.50-LS3.2-BR
Change Physical Footprint: Designator=U7 Old Footprint=VSSOP-8_L2.4-W2.1-P0.50-LS3.2-BR New Footprint=VSSOP-8_L2.4-W2.1-P0.50-LS3.2-BR
Change Physical Footprint: Designator=U8 Old Footprint=VSSOP-8_L2.4-W2.1-P0.50-LS3.2-BR New Footprint=VSSOP-8_L2.4-W2.1-P0.50-LS3.2-BR
Change Physical Footprint: Designator=U9 Old Footprint=VSSOP-8_L2.4-W2.1-P0.50-LS3.2-BR New Footprint=VSSOP-8_L2.4-W2.1-P0.50-LS3.2-BR
Change Physical Footprint: Designator=U10 Old Footprint=VSSOP-8_L2.4-W2.1-P0.50-LS3.2-BR New Footprint=VSSOP-8_L2.4-W2.1-P0.50-LS3.2-BR
Change Physical Footprint: Designator=U11 Old Footprint=VSSOP-8_L2.4-W2.1-P0.50-LS3.2-BR New Footprint=VSSOP-8_L2.4-W2.1-P0.50-LS3.2-BR
Change Physical Footprint: Designator=U12 Old Footprint=VSSOP-8_L2.4-W2.1-P0.50-LS3.2-BR New Footprint=VSSOP-8_L2.4-W2.1-P0.50-LS3.2-BR
Change Physical Footprint: Designator=U13 Old Footprint=VSSOP-8_L2.4-W2.1-P0.50-LS3.2-BR New Footprint=VSSOP-8_L2.4-W2.1-P0.50-LS3.2-BR
Change Physical Footprint: Designator=U14 Old Footprint=VSSOP-8_L2.4-W2.1-P0.50-LS3.2-BR New Footprint=VSSOP-8_L2.4-W2.1-P0.50-LS3.2-BR
Change Physical Footprint: Designator=U15 Old Footprint=VSSOP-8_L2.4-W2.1-P0.50-LS3.2-BR New Footprint=VSSOP-8_L2.4-W2.1-P0.50-LS3.2-BR
Change Physical Footprint: Designator=U16 Old Footprint=VSSOP-8_L2.4-W2.1-P0.50-LS3.2-BR New Footprint=VSSOP-8_L2.4-W2.1-P0.50-LS3.2-BR
Change Physical Footprint: Designator=U17 Old Footprint=VSSOP-8_L2.4-W2.1-P0.50-LS3.2-BR New Footprint=VSSOP-8_L2.4-W2.1-P0.50-LS3.2-BR
Change Physical Footprint: Designator=U18 Old Footprint=VSSOP-8_L2.4-W2.1-P0.50-LS3.2-BR New Footprint=VSSOP-8_L2.4-W2.1-P0.50-LS3.2-BR
Change Physical Footprint: Designator=U19 Old Footprint=SOIC-8_L4.9-W3.9-P1.27-LS6.0-BL-EP New Footprint=SOIC-8_L4.9-W3.9-P1.27-LS6.0-BL-EP
Change Physical Footprint: Designator=U21 Old Footprint=SOP-18_L11.4-W7.6-P1.27-LS10.6-BL New Footprint=SOP-18_L11.4-W7.6-P1.27-LS10.6-BL
Change Physical Footprint: Designator=U22 Old Footprint=SOIC-16_L9.9-W3.9-P1.27-LS6.0-BL New Footprint=SOIC-16_L9.9-W3.9-P1.27-LS6.0-BL
Change Physical Footprint: Designator=U23 Old Footprint=SOP-18_L11.4-W7.6-P1.27-LS10.6-BL New Footprint=SOP-18_L11.4-W7.6-P1.27-LS10.6-BL
Change Physical Footprint: Designator=U24 Old Footprint=SOIC-16_L9.9-W3.9-P1.27-LS6.0-BL New Footprint=SOIC-16_L9.9-W3.9-P1.27-LS6.0-BL
