Added Component: Designator=Q?(SOT-23-3)
Add component. Clean all parameters for all variants
Add component (AddParameter): Name = "Manufacture Part Number"; Value = "MMBT3904LT1G"; VariantName = "[No Variations]"
Add component (AddParameter): Name = "Manufacturer"; Value = "ON Semiconductor"; VariantName = "[No Variations]"
Add component (AddParameter): Name = "Supplier"; Value = "LCSC"; VariantName = "[No Variations]"
Add component (AddParameter): Name = "Supplier Part Number"; Value = "C81464"; VariantName = "[No Variations]"
Added Component: Designator=R?(R0603)
Add component. Clean all parameters for all variants
Add component (AddParameter): Name = "Manufacture Part Number"; Value = "RC0603FR-071KL"; VariantName = "[No Variations]"
Add component (AddParameter): Name = "Manufacturer"; Value = "YAGEO"; VariantName = "[No Variations]"
Add component (AddParameter): Name = "nameAlias"; Value = "Resistance (Ohms)"; VariantName = "[No Variations]"
Add component (AddParameter): Name = "spicePre"; Value = "R"; VariantName = "[No Variations]"
Add component (AddParameter): Name = "spiceSymbolName"; Value = "RC0603FR-071KL"; VariantName = "[No Variations]"
Add component (AddParameter): Name = "Supplier"; Value = "LCSC"; VariantName = "[No Variations]"
Add component (AddParameter): Name = "Supplier Part Number"; Value = "C22548"; VariantName = "[No Variations]"
Added Component: Designator=R?(R0603)
Add component. Clean all parameters for all variants
Add component (AddParameter): Name = "Manufacture Part Number"; Value = "RC0603FR-071KL"; VariantName = "[No Variations]"
Add component (AddParameter): Name = "Manufacturer"; Value = "YAGEO"; VariantName = "[No Variations]"
Add component (AddParameter): Name = "nameAlias"; Value = "Resistance (Ohms)"; VariantName = "[No Variations]"
Add component (AddParameter): Name = "spicePre"; Value = "R"; VariantName = "[No Variations]"
Add component (AddParameter): Name = "spiceSymbolName"; Value = "RC0603FR-071KL"; VariantName = "[No Variations]"
Add component (AddParameter): Name = "Supplier"; Value = "LCSC"; VariantName = "[No Variations]"
Add component (AddParameter): Name = "Supplier Part Number"; Value = "C22548"; VariantName = "[No Variations]"
Added Component: Designator=R?(R0603)
Add component. Clean all parameters for all variants
Add component (AddParameter): Name = "Manufacture Part Number"; Value = "RC0603FR-071KL"; VariantName = "[No Variations]"
Add component (AddParameter): Name = "Manufacturer"; Value = "YAGEO"; VariantName = "[No Variations]"
Add component (AddParameter): Name = "nameAlias"; Value = "Resistance (Ohms)"; VariantName = "[No Variations]"
Add component (AddParameter): Name = "spicePre"; Value = "R"; VariantName = "[No Variations]"
Add component (AddParameter): Name = "spiceSymbolName"; Value = "RC0603FR-071KL"; VariantName = "[No Variations]"
Add component (AddParameter): Name = "Supplier"; Value = "LCSC"; VariantName = "[No Variations]"
Add component (AddParameter): Name = "Supplier Part Number"; Value = "C22548"; VariantName = "[No Variations]"
Added Component: Designator=R?(R0603)
Add component. Clean all parameters for all variants
Add component (AddParameter): Name = "Manufacture Part Number"; Value = "RC0603FR-071KL"; VariantName = "[No Variations]"
Add component (AddParameter): Name = "Manufacturer"; Value = "YAGEO"; VariantName = "[No Variations]"
Add component (AddParameter): Name = "nameAlias"; Value = "Resistance (Ohms)"; VariantName = "[No Variations]"
Add component (AddParameter): Name = "spicePre"; Value = "R"; VariantName = "[No Variations]"
Add component (AddParameter): Name = "spiceSymbolName"; Value = "RC0603FR-071KL"; VariantName = "[No Variations]"
Add component (AddParameter): Name = "Supplier"; Value = "LCSC"; VariantName = "[No Variations]"
Add component (AddParameter): Name = "Supplier Part Number"; Value = "C22548"; VariantName = "[No Variations]"
Added Component: Designator=T?(SOT-23-3)
Add component. Clean all parameters for all variants
Added Component: Designator=T?(SOT-23-3)
Add component. Clean all parameters for all variants
Added Pin To Net: NetName=NetQ?_1 Pin=Q?-1
Added Pin To Net: NetName=NetQ?_2 Pin=Q?-2
Added Pin To Net: NetName=GND Pin=Q?-3
Added Pin To Net: NetName=+3.3V Pin=R?-1
Added Pin To Net: NetName=GND Pin=R?-1
Added Pin To Net: NetName=IO-3-4-off Pin=R?-1
Added Pin To Net: NetName=NetQ?_1 Pin=R?-1
Added Pin To Net: NetName=IO-3-4-on Pin=R?-2
Added Pin To Net: NetName=NetQ?_2 Pin=R?-2
Added Pin To Net: NetName=NetR?_2 Pin=R?-2
Added Pin To Net: NetName=NetR?_2 Pin=R?-2
Added Pin To Net: NetName=NetQ?_2 Pin=T?-1
Added Pin To Net: NetName=NetR?_2 Pin=T?-1
Added Pin To Net: NetName=IO-3-4-out Pin=T?-2
Added Pin To Net: NetName=IO-3-4-out Pin=T?-2
Added Pin To Net: NetName=+3.3V Pin=T?-3
Added Pin To Net: NetName=GND Pin=T?-3
Added Member To Class: ClassName=Level Translateor switches Member=Component Q? MMBT3904LT1G
Added Member To Class: ClassName=Level Translateor switches Member=Component R? 4.7K
Added Member To Class: ClassName=Level Translateor switches Member=Component R? 4.7K
Added Member To Class: ClassName=Level Translateor switches Member=Component R? 220
Added Member To Class: ClassName=Level Translateor switches Member=Component R? 470
Added Member To Class: ClassName=Level Translateor switches Member=Component T? AO3401A
Added Member To Class: ClassName=Level Translateor switches Member=Component T? SI2302
Added Room: Name=Level Translateor switches
