Removed Pin From Net: NetName=IO13 Pin=R4-2
Removed Pin From Net: NetName=IO7 Pin=R6-2
Removed Pin From Net: NetName=IO14 Pin=R10-2
Removed Pin From Net: NetName=IO8 Pin=R12-2
Removed Pin From Net: NetName=IO15 Pin=R22-2
Removed Pin From Net: NetName=IO9 Pin=R24-2
Removed Pin From Net: NetName=IO16 Pin=R28-2
Removed Pin From Net: NetName=IO10 Pin=R30-2
Removed Pin From Net: NetName=IO5 Pin=R39-2
Removed Pin From Net: NetName=IO11 Pin=R40-2
Removed Pin From Net: NetName=IO6 Pin=R43-2
Removed Pin From Net: NetName=IO12 Pin=R44-2
Removed Pin From Net: NetName=REL5 Pin=RLY5-1
Removed Pin From Net: NetName=IO5 Pin=RLY5-3
Removed Pin From Net: NetName=REL6 Pin=RLY6-1
Removed Pin From Net: NetName=IO6 Pin=RLY6-3
Removed Pin From Net: NetName=REL7 Pin=RLY7-1
Removed Pin From Net: NetName=IO7 Pin=RLY7-3
Removed Pin From Net: NetName=REL8 Pin=RLY8-1
Removed Pin From Net: NetName=IO8 Pin=RLY8-3
Removed Pin From Net: NetName=REL9 Pin=RLY9-1
Removed Pin From Net: NetName=IO9 Pin=RLY9-3
Removed Pin From Net: NetName=REL10 Pin=RLY10-1
Removed Pin From Net: NetName=IO10 Pin=RLY10-3
Removed Pin From Net: NetName=REL11 Pin=RLY11-1
Removed Pin From Net: NetName=IO11 Pin=RLY11-3
Removed Pin From Net: NetName=REL12 Pin=RLY12-1
Removed Pin From Net: NetName=IO12 Pin=RLY12-3
Removed Pin From Net: NetName=REL13 Pin=RLY13-1
Removed Pin From Net: NetName=IO13 Pin=RLY13-3
Removed Pin From Net: NetName=REL14 Pin=RLY14-1
Removed Pin From Net: NetName=IO14 Pin=RLY14-3
Removed Pin From Net: NetName=REL15 Pin=RLY15-1
Removed Pin From Net: NetName=IO15 Pin=RLY15-3
Removed Pin From Net: NetName=REL16 Pin=RLY16-1
Removed Pin From Net: NetName=IO16 Pin=RLY16-3
Added Pin To Net: NetName=IO16 Pin=R4-2
Added Pin To Net: NetName=IO6 Pin=R6-2
Added Pin To Net: NetName=IO15 Pin=R10-2
Added Pin To Net: NetName=IO5 Pin=R12-2
Added Pin To Net: NetName=IO14 Pin=R22-2
Added Pin To Net: NetName=IO12 Pin=R24-2
Added Pin To Net: NetName=IO13 Pin=R28-2
Added Pin To Net: NetName=IO11 Pin=R30-2
Added Pin To Net: NetName=IO8 Pin=R39-2
Added Pin To Net: NetName=IO10 Pin=R40-2
Added Pin To Net: NetName=IO7 Pin=R43-2
Added Pin To Net: NetName=IO9 Pin=R44-2
Added Pin To Net: NetName=REL8 Pin=RLY5-1
Added Pin To Net: NetName=IO8 Pin=RLY5-3
Added Pin To Net: NetName=REL7 Pin=RLY6-1
Added Pin To Net: NetName=IO7 Pin=RLY6-3
Added Pin To Net: NetName=REL6 Pin=RLY7-1
Added Pin To Net: NetName=IO6 Pin=RLY7-3
Added Pin To Net: NetName=REL5 Pin=RLY8-1
Added Pin To Net: NetName=IO5 Pin=RLY8-3
Added Pin To Net: NetName=REL12 Pin=RLY9-1
Added Pin To Net: NetName=IO12 Pin=RLY9-3
Added Pin To Net: NetName=REL11 Pin=RLY10-1
Added Pin To Net: NetName=IO11 Pin=RLY10-3
Added Pin To Net: NetName=REL10 Pin=RLY11-1
Added Pin To Net: NetName=IO10 Pin=RLY11-3
Added Pin To Net: NetName=REL9 Pin=RLY12-1
Added Pin To Net: NetName=IO9 Pin=RLY12-3
Added Pin To Net: NetName=REL16 Pin=RLY13-1
Added Pin To Net: NetName=IO16 Pin=RLY13-3
Added Pin To Net: NetName=REL15 Pin=RLY14-1
Added Pin To Net: NetName=IO15 Pin=RLY14-3
Added Pin To Net: NetName=REL14 Pin=RLY15-1
Added Pin To Net: NetName=IO14 Pin=RLY15-3
Added Pin To Net: NetName=REL13 Pin=RLY16-1
Added Pin To Net: NetName=IO13 Pin=RLY16-3
