Removed Pin From Net: NetName=GND Pin=Q7-3
Removed Pin From Net: NetName=GND Pin=Q8-3
Removed Pin From Net: NetName=+3.3V Pin=R64-1
Removed Pin From Net: NetName=IO-13-14-off Pin=R65-1
Removed Pin From Net: NetName=IO-13-14-on Pin=R66-2
Removed Pin From Net: NetName=GND Pin=R67-1
Removed Pin From Net: NetName=+3.3V Pin=R68-1
Removed Pin From Net: NetName=IO-15-16-off Pin=R69-1
Removed Pin From Net: NetName=IO-15-16-on Pin=R70-2
Removed Pin From Net: NetName=GND Pin=R71-1
Removed Pin From Net: NetName=IO-13-14-out Pin=T1-2
Removed Pin From Net: NetName=IO-13-14-out Pin=T2-2
Removed Pin From Net: NetName=IO-15-16-out Pin=T7-2
Removed Pin From Net: NetName=IO-15-16-out Pin=T8-2
Removed Pin From Net: NetName=IO-13-14-out Pin=T13-2
Removed Pin From Net: NetName=+3.3V Pin=T13-3
Removed Pin From Net: NetName=IO-13-14-out Pin=T14-2
Removed Pin From Net: NetName=GND Pin=T14-3
Removed Pin From Net: NetName=IO-15-16-out Pin=T15-2
Removed Pin From Net: NetName=+3.3V Pin=T15-3
Removed Pin From Net: NetName=IO-15-16-out Pin=T16-2
Removed Pin From Net: NetName=GND Pin=T16-3
Added Component: Designator=Q?(SOT-23-3)
Add component. Clean all parameters for all variants
Add component (AddParameter): Name = "Manufacture Part Number"; Value = "MMBT3904LT1G"; VariantName = "[No Variations]"
Add component (AddParameter): Name = "Manufacturer"; Value = "ON Semiconductor"; VariantName = "[No Variations]"
Add component (AddParameter): Name = "Supplier"; Value = "LCSC"; VariantName = "[No Variations]"
Add component (AddParameter): Name = "Supplier Part Number"; Value = "C81464"; VariantName = "[No Variations]"
Added Component: Designator=Q?(SOT-23-3)
Add component. Clean all parameters for all variants
Add component (AddParameter): Name = "Manufacture Part Number"; Value = "MMBT3904LT1G"; VariantName = "[No Variations]"
Add component (AddParameter): Name = "Manufacturer"; Value = "ON Semiconductor"; VariantName = "[No Variations]"
Add component (AddParameter): Name = "Supplier"; Value = "LCSC"; VariantName = "[No Variations]"
Add component (AddParameter): Name = "Supplier Part Number"; Value = "C81464"; VariantName = "[No Variations]"
Added Component: Designator=R?(R0603)
Add component. Clean all parameters for all variants
Add component (AddParameter): Name = "Manufacture Part Number"; Value = "RC0603FR-071KL"; VariantName = "[No Variations]"
Add component (AddParameter): Name = "Manufacturer"; Value = "YAGEO"; VariantName = "[No Variations]"
Add component (AddParameter): Name = "nameAlias"; Value = "Resistance (Ohms)"; VariantName = "[No Variations]"
Add component (AddParameter): Name = "spicePre"; Value = "R"; VariantName = "[No Variations]"
Add component (AddParameter): Name = "spiceSymbolName"; Value = "RC0603FR-071KL"; VariantName = "[No Variations]"
Add component (AddParameter): Name = "Supplier"; Value = "LCSC"; VariantName = "[No Variations]"
Add component (AddParameter): Name = "Supplier Part Number"; Value = "C22548"; VariantName = "[No Variations]"
Added Component: Designator=R?(R0603)
Add component. Clean all parameters for all variants
Add component (AddParameter): Name = "Manufacture Part Number"; Value = "RC0603FR-071KL"; VariantName = "[No Variations]"
Add component (AddParameter): Name = "Manufacturer"; Value = "YAGEO"; VariantName = "[No Variations]"
Add component (AddParameter): Name = "nameAlias"; Value = "Resistance (Ohms)"; VariantName = "[No Variations]"
Add component (AddParameter): Name = "spicePre"; Value = "R"; VariantName = "[No Variations]"
Add component (AddParameter): Name = "spiceSymbolName"; Value = "RC0603FR-071KL"; VariantName = "[No Variations]"
Add component (AddParameter): Name = "Supplier"; Value = "LCSC"; VariantName = "[No Variations]"
Add component (AddParameter): Name = "Supplier Part Number"; Value = "C22548"; VariantName = "[No Variations]"
Added Component: Designator=R?(R0603)
Add component. Clean all parameters for all variants
Add component (AddParameter): Name = "Manufacture Part Number"; Value = "RC0603FR-071KL"; VariantName = "[No Variations]"
Add component (AddParameter): Name = "Manufacturer"; Value = "YAGEO"; VariantName = "[No Variations]"
Add component (AddParameter): Name = "nameAlias"; Value = "Resistance (Ohms)"; VariantName = "[No Variations]"
Add component (AddParameter): Name = "spicePre"; Value = "R"; VariantName = "[No Variations]"
Add component (AddParameter): Name = "spiceSymbolName"; Value = "RC0603FR-071KL"; VariantName = "[No Variations]"
Add component (AddParameter): Name = "Supplier"; Value = "LCSC"; VariantName = "[No Variations]"
Add component (AddParameter): Name = "Supplier Part Number"; Value = "C22548"; VariantName = "[No Variations]"
Added Component: Designator=R?(R0603)
Add component. Clean all parameters for all variants
Add component (AddParameter): Name = "Manufacture Part Number"; Value = "RC0603FR-071KL"; VariantName = "[No Variations]"
Add component (AddParameter): Name = "Manufacturer"; Value = "YAGEO"; VariantName = "[No Variations]"
Add component (AddParameter): Name = "nameAlias"; Value = "Resistance (Ohms)"; VariantName = "[No Variations]"
Add component (AddParameter): Name = "spicePre"; Value = "R"; VariantName = "[No Variations]"
Add component (AddParameter): Name = "spiceSymbolName"; Value = "RC0603FR-071KL"; VariantName = "[No Variations]"
Add component (AddParameter): Name = "Supplier"; Value = "LCSC"; VariantName = "[No Variations]"
Add component (AddParameter): Name = "Supplier Part Number"; Value = "C22548"; VariantName = "[No Variations]"
Added Component: Designator=R?(R0603)
Add component. Clean all parameters for all variants
Add component (AddParameter): Name = "Manufacture Part Number"; Value = "RC0603FR-071KL"; VariantName = "[No Variations]"
Add component (AddParameter): Name = "Manufacturer"; Value = "YAGEO"; VariantName = "[No Variations]"
Add component (AddParameter): Name = "nameAlias"; Value = "Resistance (Ohms)"; VariantName = "[No Variations]"
Add component (AddParameter): Name = "spicePre"; Value = "R"; VariantName = "[No Variations]"
Add component (AddParameter): Name = "spiceSymbolName"; Value = "RC0603FR-071KL"; VariantName = "[No Variations]"
Add component (AddParameter): Name = "Supplier"; Value = "LCSC"; VariantName = "[No Variations]"
Add component (AddParameter): Name = "Supplier Part Number"; Value = "C22548"; VariantName = "[No Variations]"
Added Component: Designator=R?(R0603)
Add component. Clean all parameters for all variants
Add component (AddParameter): Name = "Manufacture Part Number"; Value = "RC0603FR-071KL"; VariantName = "[No Variations]"
Add component (AddParameter): Name = "Manufacturer"; Value = "YAGEO"; VariantName = "[No Variations]"
Add component (AddParameter): Name = "nameAlias"; Value = "Resistance (Ohms)"; VariantName = "[No Variations]"
Add component (AddParameter): Name = "spicePre"; Value = "R"; VariantName = "[No Variations]"
Add component (AddParameter): Name = "spiceSymbolName"; Value = "RC0603FR-071KL"; VariantName = "[No Variations]"
Add component (AddParameter): Name = "Supplier"; Value = "LCSC"; VariantName = "[No Variations]"
Add component (AddParameter): Name = "Supplier Part Number"; Value = "C22548"; VariantName = "[No Variations]"
Added Component: Designator=R?(R0603)
Add component. Clean all parameters for all variants
Add component (AddParameter): Name = "Manufacture Part Number"; Value = "RC0603FR-071KL"; VariantName = "[No Variations]"
Add component (AddParameter): Name = "Manufacturer"; Value = "YAGEO"; VariantName = "[No Variations]"
Add component (AddParameter): Name = "nameAlias"; Value = "Resistance (Ohms)"; VariantName = "[No Variations]"
Add component (AddParameter): Name = "spicePre"; Value = "R"; VariantName = "[No Variations]"
Add component (AddParameter): Name = "spiceSymbolName"; Value = "RC0603FR-071KL"; VariantName = "[No Variations]"
Add component (AddParameter): Name = "Supplier"; Value = "LCSC"; VariantName = "[No Variations]"
Add component (AddParameter): Name = "Supplier Part Number"; Value = "C22548"; VariantName = "[No Variations]"
Added Component: Designator=R?(R0603)
Add component. Clean all parameters for all variants
Add component (AddParameter): Name = "Manufacture Part Number"; Value = "RC0603FR-071KL"; VariantName = "[No Variations]"
Add component (AddParameter): Name = "Manufacturer"; Value = "YAGEO"; VariantName = "[No Variations]"
Add component (AddParameter): Name = "nameAlias"; Value = "Resistance (Ohms)"; VariantName = "[No Variations]"
Add component (AddParameter): Name = "spicePre"; Value = "R"; VariantName = "[No Variations]"
Add component (AddParameter): Name = "spiceSymbolName"; Value = "RC0603FR-071KL"; VariantName = "[No Variations]"
Add component (AddParameter): Name = "Supplier"; Value = "LCSC"; VariantName = "[No Variations]"
Add component (AddParameter): Name = "Supplier Part Number"; Value = "C22548"; VariantName = "[No Variations]"
Added Component: Designator=T?(SOT-23-3)
Add component. Clean all parameters for all variants
Added Component: Designator=T?(SOT-23-3)
Add component. Clean all parameters for all variants
Added Component: Designator=T?(SOT-23-3)
Add component. Clean all parameters for all variants
Added Component: Designator=T?(SOT-23-3)
Add component. Clean all parameters for all variants
Added Pin To Net: NetName=GND Pin=Q?-3
Added Pin To Net: NetName=GND Pin=Q?-3
Added Pin To Net: NetName=+3.3V Pin=R?-1
Added Pin To Net: NetName=+3.3V Pin=R?-1
Added Pin To Net: NetName=GND Pin=R?-1
Added Pin To Net: NetName=GND Pin=R?-1
Added Pin To Net: NetName=IO-13-14-off Pin=R?-1
Added Pin To Net: NetName=IO-15-16-off Pin=R?-1
Added Pin To Net: NetName=IO-13-14-on Pin=R?-2
Added Pin To Net: NetName=IO-15-16-on Pin=R?-2
Added Pin To Net: NetName=IO-1-2-out Pin=T1-2
Added Pin To Net: NetName=IO-1-2-out Pin=T2-2
Added Pin To Net: NetName=IO-7-8-out Pin=T7-2
Added Pin To Net: NetName=IO-7-8-out Pin=T8-2
Added Pin To Net: NetName=IO-13-14-out Pin=T?-2
Added Pin To Net: NetName=IO-13-14-out Pin=T?-2
Added Pin To Net: NetName=IO-15-16-out Pin=T?-2
Added Pin To Net: NetName=IO-15-16-out Pin=T?-2
Added Pin To Net: NetName=+3.3V Pin=T?-3
Added Pin To Net: NetName=+3.3V Pin=T?-3
Added Pin To Net: NetName=GND Pin=T?-3
Added Pin To Net: NetName=GND Pin=T?-3
Added Pin To Net: NetName=NetQ?_1 Pin=Q?-1
Added Pin To Net: NetName=NetQ?_1 Pin=R?-1
Added Net: Name=NetQ?_1
Added Pin To Net: NetName=NetQ?_2 Pin=Q?-2
Added Pin To Net: NetName=NetQ?_2 Pin=R?-2
Added Pin To Net: NetName=NetQ?_2 Pin=T?-1
Added Net: Name=NetQ?_2
Added Pin To Net: NetName=NetR?_2 Pin=R?-2
Added Pin To Net: NetName=NetR?_2 Pin=R?-2
Added Pin To Net: NetName=NetR?_2 Pin=T?-1
Added Net: Name=NetR?_2
Added Member To Class: ClassName=Level Translateor switches Member=Component Q1 MMBT3904LT1G
Added Member To Class: ClassName=Level Translateor switches Member=Component Q4 MMBT3904LT1G
Added Member To Class: ClassName=Level Translateor switches Member=Component Q? MMBT3904LT1G
Added Member To Class: ClassName=Level Translateor switches Member=Component Q? MMBT3904LT1G
Added Member To Class: ClassName=Level Translateor switches Member=Component R23 4.7K
Added Member To Class: ClassName=Level Translateor switches Member=Component R24 220
Added Member To Class: ClassName=Level Translateor switches Member=Component R28 470
Added Member To Class: ClassName=Level Translateor switches Member=Component R29 4.7K
Added Member To Class: ClassName=Level Translateor switches Member=Component R52 4.7K
Added Member To Class: ClassName=Level Translateor switches Member=Component R53 220
Added Member To Class: ClassName=Level Translateor switches Member=Component R54 470
Added Member To Class: ClassName=Level Translateor switches Member=Component R55 4.7K
Added Member To Class: ClassName=Level Translateor switches Member=Component R? 4.7K
Added Member To Class: ClassName=Level Translateor switches Member=Component R? 220
Added Member To Class: ClassName=Level Translateor switches Member=Component R? 470
Added Member To Class: ClassName=Level Translateor switches Member=Component R? 220
Added Member To Class: ClassName=Level Translateor switches Member=Component R? 4.7K
Added Member To Class: ClassName=Level Translateor switches Member=Component R? 470
Added Member To Class: ClassName=Level Translateor switches Member=Component R? 4.7K
Added Member To Class: ClassName=Level Translateor switches Member=Component R? 4.7K
Added Member To Class: ClassName=Level Translateor switches Member=Component T1 AO3401A
Added Member To Class: ClassName=Level Translateor switches Member=Component T2 SI2302
Added Member To Class: ClassName=Level Translateor switches Member=Component T7 AO3401A
Added Member To Class: ClassName=Level Translateor switches Member=Component T8 SI2302
Added Member To Class: ClassName=Level Translateor switches Member=Component T? SI2302
Added Member To Class: ClassName=Level Translateor switches Member=Component T? SI2302
Added Member To Class: ClassName=Level Translateor switches Member=Component T? AO3401A
Added Member To Class: ClassName=Level Translateor switches Member=Component T? AO3401A
