Removed Pin From Net: NetName=VFB Pin=R87-1
Removed Pin From Net: NetName=VSET Pin=R87-2
Removed Member From Class: ClassName=Logic Voltage Source Member=R87
Change Component Designator: OldDesignator=C41 NewDesignator=C43
Change Component Designator: OldDesignator=C42 NewDesignator=C41
Change Component Designator: OldDesignator=C43 NewDesignator=C42
Change Component Designator: OldDesignator=R50 NewDesignator=R52
Change Component Designator: OldDesignator=R51 NewDesignator=R50
Change Component Designator: OldDesignator=R52 NewDesignator=R53
Change Component Designator: OldDesignator=R63 NewDesignator=R54
Change Component Designator: OldDesignator=R64 NewDesignator=R55
Change Component Designator: OldDesignator=R65 NewDesignator=R56
Change Component Designator: OldDesignator=R66 NewDesignator=R57
Change Component Designator: OldDesignator=R67 NewDesignator=R58
Change Component Designator: OldDesignator=R68 NewDesignator=R59
Change Component Designator: OldDesignator=R69 NewDesignator=R60
Change Component Designator: OldDesignator=R70 NewDesignator=R61
Change Component Designator: OldDesignator=R71 NewDesignator=R62
Change Component Designator: OldDesignator=R72 NewDesignator=R63
Change Component Designator: OldDesignator=R73 NewDesignator=R64
Change Component Designator: OldDesignator=R74 NewDesignator=R65
Change Component Designator: OldDesignator=R75 NewDesignator=R66
Change Component Designator: OldDesignator=R76 NewDesignator=R67
Change Component Designator: OldDesignator=R77 NewDesignator=R68
Change Component Designator: OldDesignator=R78 NewDesignator=R69
Change Component Designator: OldDesignator=U21 NewDesignator=U20
Change Component Designator: OldDesignator=U22 NewDesignator=U21
Change Component Designator: OldDesignator=U23 NewDesignator=U22
Change Component Designator: OldDesignator=U24 NewDesignator=U23
Change Component Designator: OldDesignator=U25 NewDesignator=U24
Added Component: Designator=R51(R0603)
Add component. Clean all parameters for all variants
Add component (AddParameter): Name = "BOM_Manufacturer"; Value = "UNI-ROYAL(Uniroyal Elec)"; VariantName = "[No Variations]"
Add component (AddParameter): Name = "BOM_Manufacturer Part"; Value = "0603WAJ0243T5E"; VariantName = "[No Variations]"
Add component (AddParameter): Name = "BOM_Supplier"; Value = "LCSC"; VariantName = "[No Variations]"
Add component (AddParameter): Name = "BOM_Supplier Part"; Value = "C25588"; VariantName = "[No Variations]"
Add component (AddParameter): Name = "nameAlias"; Value = "Resistance (Ohms)"; VariantName = "[No Variations]"
Add component (AddParameter): Name = "spicePre"; Value = "R"; VariantName = "[No Variations]"
Add component (AddParameter): Name = "spiceSymbolName"; Value = "0603WAJ0243T5E"; VariantName = "[No Variations]"
Added Pin To Net: NetName=VSET Pin=R51-1
Added Pin To Net: NetName=VFB Pin=R51-2
Change Net Name : Old Net Name=NetR50_2 New Net Name=NetR52_2
Change Net Name : Old Net Name=NetU23_9 New Net Name=NetU22_9
Added Member To Class: ClassName=Logic Voltage Source Member=Component R53 10K
