Removed Pin From Net: NetName=GPIO_025 Pin=U3-2
Removed Pin From Net: NetName=GPIO_026 Pin=U3-3
Removed Pin From Net: NetName=GPIO_01 Pin=U4-2
Removed Pin From Net: NetName=GPIO_02 Pin=U4-3
Removed Pin From Net: NetName=GPIO_013 Pin=U5-2
Removed Pin From Net: NetName=GPIO_014 Pin=U5-3
Removed Pin From Net: NetName=GPIO_027 Pin=U6-2
Removed Pin From Net: NetName=GPIO_028 Pin=U6-3
Removed Pin From Net: NetName=GPIO_03 Pin=U7-2
Removed Pin From Net: NetName=GPIO_04 Pin=U7-3
Removed Pin From Net: NetName=GPIO_015 Pin=U8-2
Removed Pin From Net: NetName=GPIO_016 Pin=U8-3
Removed Pin From Net: NetName=GPIO_029 Pin=U9-2
Removed Pin From Net: NetName=GPIO_030 Pin=U9-3
Removed Pin From Net: NetName=GPIO_05 Pin=U10-2
Removed Pin From Net: NetName=GPIO_06 Pin=U10-3
Removed Pin From Net: NetName=GPIO_017 Pin=U11-2
Removed Pin From Net: NetName=GPIO_018 Pin=U11-3
Removed Pin From Net: NetName=GPIO_031 Pin=U12-2
Removed Pin From Net: NetName=GPIO_032 Pin=U12-3
Removed Pin From Net: NetName=GPIO_07 Pin=U13-2
Removed Pin From Net: NetName=GPIO_08 Pin=U13-3
Removed Pin From Net: NetName=GPIO_019 Pin=U14-2
Removed Pin From Net: NetName=GPIO_020 Pin=U14-3
Removed Pin From Net: NetName=GPIO_09 Pin=U15-2
Removed Pin From Net: NetName=GPIO_010 Pin=U15-3
Removed Pin From Net: NetName=GPIO_021 Pin=U16-2
Removed Pin From Net: NetName=GPIO_022 Pin=U16-3
Removed Pin From Net: NetName=GPIO_011 Pin=U17-2
Removed Pin From Net: NetName=GPIO_012 Pin=U17-3
Removed Pin From Net: NetName=GPIO_023 Pin=U18-2
Removed Pin From Net: NetName=GPIO_024 Pin=U18-3
Change Component Designator: OldDesignator=CN1 NewDesignator=CN2
Change Component Designator: OldDesignator=CN2 NewDesignator=CN3
Change Component Designator: OldDesignator=CN3 NewDesignator=CN1
Added Pin To Net: NetName=GPIO_026 Pin=U3-2
Added Pin To Net: NetName=GPIO_027 Pin=U3-3
Added Pin To Net: NetName=GPIO_02 Pin=U4-2
Added Pin To Net: NetName=GPIO_03 Pin=U4-3
Added Pin To Net: NetName=GPIO_014 Pin=U5-2
Added Pin To Net: NetName=GPIO_015 Pin=U5-3
Added Pin To Net: NetName=GPIO_028 Pin=U6-2
Added Pin To Net: NetName=GPIO_029 Pin=U6-3
Added Pin To Net: NetName=GPIO_04 Pin=U7-2
Added Pin To Net: NetName=GPIO_05 Pin=U7-3
Added Pin To Net: NetName=GPIO_016 Pin=U8-2
Added Pin To Net: NetName=GPIO_017 Pin=U8-3
Added Pin To Net: NetName=GPIO_030 Pin=U9-2
Added Pin To Net: NetName=GPIO_031 Pin=U9-3
Added Pin To Net: NetName=GPIO_06 Pin=U10-2
Added Pin To Net: NetName=GPIO_07 Pin=U10-3
Added Pin To Net: NetName=GPIO_018 Pin=U11-2
Added Pin To Net: NetName=GPIO_019 Pin=U11-3
Added Pin To Net: NetName=GPIO_032 Pin=U12-2
Added Pin To Net: NetName=GPIO_08 Pin=U13-2
Added Pin To Net: NetName=GPIO_09 Pin=U13-3
Added Pin To Net: NetName=GPIO_020 Pin=U14-2
Added Pin To Net: NetName=GPIO_021 Pin=U14-3
Added Pin To Net: NetName=GPIO_010 Pin=U15-2
Added Pin To Net: NetName=GPIO_011 Pin=U15-3
Added Pin To Net: NetName=GPIO_022 Pin=U16-2
Added Pin To Net: NetName=GPIO_023 Pin=U16-3
Added Pin To Net: NetName=GPIO_012 Pin=U17-2
Added Pin To Net: NetName=GPIO_013 Pin=U17-3
Added Pin To Net: NetName=GPIO_024 Pin=U18-2
Added Pin To Net: NetName=GPIO_025 Pin=U18-3
Added Pin To Net: NetName=GPIO_033 Pin=U2-040
Added Pin To Net: NetName=GPIO_033 Pin=U12-3
Added Net: Name=GPIO_033
Added Member To Class: ClassName=Level Translators Member=Component RLY8 G5NB-1A-E-DC12
