Added Pin To Net: NetName=IO-5-6-out Pin=C5-2
Added Pin To Net: NetName=IO-5-6-out Pin=U5-1
Added Member To Class: ClassName=Level Translateor switches Member=Component Q4 MMBT3904LT1G
Added Member To Class: ClassName=Level Translateor switches Member=Component Q5 MMBT3904LT1G
Added Member To Class: ClassName=Level Translateor switches Member=Component Q6 MMBT3904LT1G
Added Member To Class: ClassName=Level Translateor switches Member=Component Q7 MMBT3904LT1G
Added Member To Class: ClassName=Level Translateor switches Member=Component Q8 MMBT3904LT1G
Added Member To Class: ClassName=Level Translateor switches Member=Component R29 4.7K
Added Member To Class: ClassName=Level Translateor switches Member=Component R30 220
Added Member To Class: ClassName=Level Translateor switches Member=Component R43 220
Added Member To Class: ClassName=Level Translateor switches Member=Component R44 470
Added Member To Class: ClassName=Level Translateor switches Member=Component R49 470
Added Member To Class: ClassName=Level Translateor switches Member=Component R51 470
Added Member To Class: ClassName=Level Translateor switches Member=Component R52 4.7K
Added Member To Class: ClassName=Level Translateor switches Member=Component R54 4.7K
Added Member To Class: ClassName=Level Translateor switches Member=Component R55 4.7K
Added Member To Class: ClassName=Level Translateor switches Member=Component R57 4.7K
Added Member To Class: ClassName=Level Translateor switches Member=Component R59 4.7K
Added Member To Class: ClassName=Level Translateor switches Member=Component R60 220
Added Member To Class: ClassName=Level Translateor switches Member=Component R61 220
Added Member To Class: ClassName=Level Translateor switches Member=Component R63 220
Added Member To Class: ClassName=Level Translateor switches Member=Component R64 470
Added Member To Class: ClassName=Level Translateor switches Member=Component R65 470
Added Member To Class: ClassName=Level Translateor switches Member=Component R66 470
Added Member To Class: ClassName=Level Translateor switches Member=Component R67 470
Added Member To Class: ClassName=Level Translateor switches Member=Component R68 4.7K
Added Member To Class: ClassName=Level Translateor switches Member=Component R69 4.7K
Added Member To Class: ClassName=Level Translateor switches Member=Component R70 4.7K
Added Member To Class: ClassName=Level Translateor switches Member=Component R71 4.7K
Added Member To Class: ClassName=Level Translateor switches Member=Component T2 AO3401A
Added Member To Class: ClassName=Level Translateor switches Member=Component T4 AO3401A
Added Member To Class: ClassName=Level Translateor switches Member=Component T6 SI2302
Added Member To Class: ClassName=Level Translateor switches Member=Component T7 SI2302
Added Member To Class: ClassName=Level Translateor switches Member=Component T8 SI2302
Added Member To Class: ClassName=Level Translateor switches Member=Component T9 AO3401A
Added Member To Class: ClassName=Level Translateor switches Member=Component T12 AO3401A
Added Member To Class: ClassName=Level Translateor switches Member=Component T13 SI2302
Added Member To Class: ClassName=Level Translateor switches Member=Component T14 SI2302
Added Member To Class: ClassName=Level Translateor switches Member=Component T15 SI2302
Added Member To Class: ClassName=Level Translateor switches Member=Component T16 SI2302
