Replace Part C43 100nF in C:\Users\Lahiru\Google Drive\Altium Projects\FPGA Interface Board\Shift Registers.SchDoc with 100nF from FPGA Interface Board.IntLib
Replace Part C44 100nF in C:\Users\Lahiru\Google Drive\Altium Projects\FPGA Interface Board\Shift Registers.SchDoc with 100nF from FPGA Interface Board.IntLib
Replace Part CN4 B6B-XH-A(LF)(SN) in C:\Users\Lahiru\Google Drive\Altium Projects\FPGA Interface Board\Shift Registers.SchDoc with B6B-XH-A(LF)(SN) from Main_MCU.IntLib
Replace Part IO_1 G in C:\Users\Lahiru\Google Drive\Altium Projects\FPGA Interface Board\Shift Registers.SchDoc with G from FPGA Interface Board.IntLib
Replace Part IO_2 G in C:\Users\Lahiru\Google Drive\Altium Projects\FPGA Interface Board\Shift Registers.SchDoc with G from FPGA Interface Board.IntLib
Replace Part IO_3 G in C:\Users\Lahiru\Google Drive\Altium Projects\FPGA Interface Board\Shift Registers.SchDoc with G from FPGA Interface Board.IntLib
Replace Part IO_4 G in C:\Users\Lahiru\Google Drive\Altium Projects\FPGA Interface Board\Shift Registers.SchDoc with G from FPGA Interface Board.IntLib
Replace Part IO_5 G in C:\Users\Lahiru\Google Drive\Altium Projects\FPGA Interface Board\Shift Registers.SchDoc with G from FPGA Interface Board.IntLib
Replace Part IO_6 G in C:\Users\Lahiru\Google Drive\Altium Projects\FPGA Interface Board\Shift Registers.SchDoc with G from FPGA Interface Board.IntLib
Replace Part IO_7 G in C:\Users\Lahiru\Google Drive\Altium Projects\FPGA Interface Board\Shift Registers.SchDoc with G from FPGA Interface Board.IntLib
Replace Part IO_8 G in C:\Users\Lahiru\Google Drive\Altium Projects\FPGA Interface Board\Shift Registers.SchDoc with G from FPGA Interface Board.IntLib
Replace Part IO_9 G in C:\Users\Lahiru\Google Drive\Altium Projects\FPGA Interface Board\Shift Registers.SchDoc with G from FPGA Interface Board.IntLib
Replace Part IO_10 G in C:\Users\Lahiru\Google Drive\Altium Projects\FPGA Interface Board\Shift Registers.SchDoc with G from FPGA Interface Board.IntLib
Replace Part IO_11 G in C:\Users\Lahiru\Google Drive\Altium Projects\FPGA Interface Board\Shift Registers.SchDoc with G from FPGA Interface Board.IntLib
Replace Part IO_12 G in C:\Users\Lahiru\Google Drive\Altium Projects\FPGA Interface Board\Shift Registers.SchDoc with G from FPGA Interface Board.IntLib
Replace Part IO_13 G in C:\Users\Lahiru\Google Drive\Altium Projects\FPGA Interface Board\Shift Registers.SchDoc with G from FPGA Interface Board.IntLib
Replace Part IO_14 G in C:\Users\Lahiru\Google Drive\Altium Projects\FPGA Interface Board\Shift Registers.SchDoc with G from FPGA Interface Board.IntLib
Replace Part IO_15 G in C:\Users\Lahiru\Google Drive\Altium Projects\FPGA Interface Board\Shift Registers.SchDoc with G from FPGA Interface Board.IntLib
Replace Part IO_16 G in C:\Users\Lahiru\Google Drive\Altium Projects\FPGA Interface Board\Shift Registers.SchDoc with G from FPGA Interface Board.IntLib
Replace Part R54 1K in C:\Users\Lahiru\Google Drive\Altium Projects\FPGA Interface Board\Shift Registers.SchDoc with 1K from FPGA Interface Board.IntLib
Replace Part R55 1K in C:\Users\Lahiru\Google Drive\Altium Projects\FPGA Interface Board\Shift Registers.SchDoc with 1K from FPGA Interface Board.IntLib
Replace Part R56 1K in C:\Users\Lahiru\Google Drive\Altium Projects\FPGA Interface Board\Shift Registers.SchDoc with 1K from FPGA Interface Board.IntLib
Replace Part R57 1K in C:\Users\Lahiru\Google Drive\Altium Projects\FPGA Interface Board\Shift Registers.SchDoc with 1K from FPGA Interface Board.IntLib
Replace Part R58 1K in C:\Users\Lahiru\Google Drive\Altium Projects\FPGA Interface Board\Shift Registers.SchDoc with 1K from FPGA Interface Board.IntLib
Replace Part R59 1K in C:\Users\Lahiru\Google Drive\Altium Projects\FPGA Interface Board\Shift Registers.SchDoc with 1K from FPGA Interface Board.IntLib
Replace Part R60 1K in C:\Users\Lahiru\Google Drive\Altium Projects\FPGA Interface Board\Shift Registers.SchDoc with 1K from FPGA Interface Board.IntLib
Replace Part R61 1K in C:\Users\Lahiru\Google Drive\Altium Projects\FPGA Interface Board\Shift Registers.SchDoc with 1K from FPGA Interface Board.IntLib
Replace Part R62 1K in C:\Users\Lahiru\Google Drive\Altium Projects\FPGA Interface Board\Shift Registers.SchDoc with 1K from FPGA Interface Board.IntLib
Replace Part R63 1K in C:\Users\Lahiru\Google Drive\Altium Projects\FPGA Interface Board\Shift Registers.SchDoc with 1K from FPGA Interface Board.IntLib
Replace Part R64 1K in C:\Users\Lahiru\Google Drive\Altium Projects\FPGA Interface Board\Shift Registers.SchDoc with 1K from FPGA Interface Board.IntLib
Replace Part R65 1K in C:\Users\Lahiru\Google Drive\Altium Projects\FPGA Interface Board\Shift Registers.SchDoc with 1K from FPGA Interface Board.IntLib
Replace Part R66 1K in C:\Users\Lahiru\Google Drive\Altium Projects\FPGA Interface Board\Shift Registers.SchDoc with 1K from FPGA Interface Board.IntLib
Replace Part R67 1K in C:\Users\Lahiru\Google Drive\Altium Projects\FPGA Interface Board\Shift Registers.SchDoc with 1K from FPGA Interface Board.IntLib
Replace Part R68 1K in C:\Users\Lahiru\Google Drive\Altium Projects\FPGA Interface Board\Shift Registers.SchDoc with 1K from FPGA Interface Board.IntLib
Replace Part R69 1K in C:\Users\Lahiru\Google Drive\Altium Projects\FPGA Interface Board\Shift Registers.SchDoc with 1K from FPGA Interface Board.IntLib
Replace Part U21 ULN2803A_C107219 in C:\Users\Lahiru\Google Drive\Altium Projects\FPGA Interface Board\Shift Registers.SchDoc with ULN2803A_C107219 from FPGA Interface Board.IntLib
Replace Part U22 74HC595D,118 in C:\Users\Lahiru\Google Drive\Altium Projects\FPGA Interface Board\Shift Registers.SchDoc with 74HC595D,118 from FPGA Interface Board.IntLib
Replace Part U23 ULN2803A_C107219 in C:\Users\Lahiru\Google Drive\Altium Projects\FPGA Interface Board\Shift Registers.SchDoc with ULN2803A_C107219 from FPGA Interface Board.IntLib
Replace Part U24 74HC595D,118 in C:\Users\Lahiru\Google Drive\Altium Projects\FPGA Interface Board\Shift Registers.SchDoc with 74HC595D,118 from FPGA Interface Board.IntLib
