Change Component Designator: Old Designator=C? New Designator=C41
Change Component Designator: Old Designator=C? New Designator=C42
Change Component Designator: Old Designator=C? New Designator=C43
Change Component Designator: Old Designator=C? New Designator=C44
Change Component Designator: Old Designator=C? New Designator=C45
Change Component Designator: Old Designator=CN? New Designator=CN4
Change Component Designator: Old Designator=IO? New Designator=IO1
Change Component Designator: Old Designator=IO? New Designator=IO2
Change Component Designator: Old Designator=IO? New Designator=IO3
Change Component Designator: Old Designator=IO? New Designator=IO4
Change Component Designator: Old Designator=IO? New Designator=IO5
Change Component Designator: Old Designator=IO? New Designator=IO6
Change Component Designator: Old Designator=IO? New Designator=IO7
Change Component Designator: Old Designator=IO? New Designator=IO8
Change Component Designator: Old Designator=IO? New Designator=IO9
Change Component Designator: Old Designator=IO? New Designator=IO10
Change Component Designator: Old Designator=IO? New Designator=IO11
Change Component Designator: Old Designator=IO? New Designator=IO12
Change Component Designator: Old Designator=IO? New Designator=IO13
Change Component Designator: Old Designator=IO? New Designator=IO14
Change Component Designator: Old Designator=IO? New Designator=IO15
Change Component Designator: Old Designator=IO? New Designator=IO16
Change Component Designator: Old Designator=LED? New Designator=LED1
Change Component Designator: Old Designator=LED? New Designator=LED2
Change Component Designator: Old Designator=LED? New Designator=LED3
Change Component Designator: Old Designator=R? New Designator=R63
Change Component Designator: Old Designator=R? New Designator=R64
Change Component Designator: Old Designator=R? New Designator=R65
Change Component Designator: Old Designator=R? New Designator=R66
Change Component Designator: Old Designator=R? New Designator=R67
Change Component Designator: Old Designator=R? New Designator=R68
Change Component Designator: Old Designator=R? New Designator=R69
Change Component Designator: Old Designator=R? New Designator=R70
Change Component Designator: Old Designator=R? New Designator=R71
Change Component Designator: Old Designator=R? New Designator=R72
Change Component Designator: Old Designator=R? New Designator=R73
Change Component Designator: Old Designator=R? New Designator=R74
Change Component Designator: Old Designator=R? New Designator=R75
Change Component Designator: Old Designator=R? New Designator=R76
Change Component Designator: Old Designator=R? New Designator=R77
Change Component Designator: Old Designator=R? New Designator=R78
Change Component Designator: Old Designator=R? New Designator=R79
Change Component Designator: Old Designator=R? New Designator=R80
Change Component Designator: Old Designator=R? New Designator=R81
Change Component Designator: Old Designator=R? New Designator=R82
Change Component Designator: Old Designator=R? New Designator=R83
Change Component Designator: Old Designator=R? New Designator=R84
Change Component Designator: Old Designator=U? New Designator=U21
Change Component Designator: Old Designator=U? New Designator=U22
Change Component Designator: Old Designator=U? New Designator=U23
Change Component Designator: Old Designator=U? New Designator=U24
Change Component Designator: Old Designator=U? New Designator=U25
Change Component Designator: Old Designator=U? New Designator=U26
Change Component Designator: Old Designator=U? New Designator=U27
