Change Physical Footprint: Designator=C1_P1 Old Footprint=CAPC1608X09N New Footprint=CAPC1608X09N
Change Physical Footprint: Designator=C1_P2 Old Footprint=CAPC1608X09N New Footprint=CAPC1608X09N
Change Physical Footprint: Designator=C1_P3 Old Footprint=CAPC1608X09N New Footprint=CAPC1608X09N
Change Physical Footprint: Designator=C1_P4 Old Footprint=CAPC1608X09N New Footprint=CAPC1608X09N
Change Physical Footprint: Designator=C1_P5 Old Footprint=CAPC1608X09N New Footprint=CAPC1608X09N
Change Physical Footprint: Designator=C1_P6 Old Footprint=CAPC1608X09N New Footprint=CAPC1608X09N
Change Physical Footprint: Designator=C1_P7 Old Footprint=CAPC1608X09N New Footprint=CAPC1608X09N
Change Physical Footprint: Designator=C1_P8 Old Footprint=CAPC1608X09N New Footprint=CAPC1608X09N
Change Physical Footprint: Designator=C2 Old Footprint=CAPC1608X09N New Footprint=CAPC1608X09N
Change Physical Footprint: Designator=C3 Old Footprint=CAPC1608X09N New Footprint=CAPC1608X09N
Change Physical Footprint: Designator=DD1_P1 Old Footprint=PCB-72k1vk0k27b6qyyenbg0-1 New Footprint=PCB-72k1vk0k27b6qyyenbg0-1
Change Physical Footprint: Designator=DD1_P2 Old Footprint=PCB-72k1vk0k27b6qyyenbg0-1 New Footprint=PCB-72k1vk0k27b6qyyenbg0-1
Change Physical Footprint: Designator=DD1_P3 Old Footprint=PCB-72k1vk0k27b6qyyenbg0-1 New Footprint=PCB-72k1vk0k27b6qyyenbg0-1
Change Physical Footprint: Designator=DD1_P4 Old Footprint=PCB-72k1vk0k27b6qyyenbg0-1 New Footprint=PCB-72k1vk0k27b6qyyenbg0-1
Change Physical Footprint: Designator=DD1_P5 Old Footprint=PCB-72k1vk0k27b6qyyenbg0-1 New Footprint=PCB-72k1vk0k27b6qyyenbg0-1
Change Physical Footprint: Designator=DD1_P6 Old Footprint=PCB-72k1vk0k27b6qyyenbg0-1 New Footprint=PCB-72k1vk0k27b6qyyenbg0-1
Change Physical Footprint: Designator=DD1_P7 Old Footprint=PCB-72k1vk0k27b6qyyenbg0-1 New Footprint=PCB-72k1vk0k27b6qyyenbg0-1
Change Physical Footprint: Designator=DD1_P8 Old Footprint=PCB-72k1vk0k27b6qyyenbg0-1 New Footprint=PCB-72k1vk0k27b6qyyenbg0-1
Change Physical Footprint: Designator=DD2 Old Footprint=PCB-72k1vk0k27b6qyyenbg0-1 New Footprint=PCB-72k1vk0k27b6qyyenbg0-1
Change Physical Footprint: Designator=DD3 Old Footprint=PCB-72k1vk0k27b6qyyenbg0-1 New Footprint=PCB-72k1vk0k27b6qyyenbg0-1
Change Physical Footprint: Designator=J1 Old Footprint=PCB-kiok1jlp9o9fcwf1wwvf-1 New Footprint=PCB-kiok1jlp9o9fcwf1wwvf-1
Change Physical Footprint: Designator=J2 Old Footprint=PCB-kiok1jlp9o9fcwf1wwvf-1 New Footprint=PCB-kiok1jlp9o9fcwf1wwvf-1
Change Physical Footprint: Designator=J3 Old Footprint=PCB-kiok1jlp9o9fcwf1wwvf-1 New Footprint=PCB-kiok1jlp9o9fcwf1wwvf-1
Change Physical Footprint: Designator=J4 Old Footprint=PCB-kiok1jlp9o9fcwf1wwvf-1 New Footprint=PCB-kiok1jlp9o9fcwf1wwvf-1
Change Physical Footprint: Designator=J5 Old Footprint=JST S6B-XH-A New Footprint=JST S6B-XH-A
Change Physical Footprint: Designator=J6 Old Footprint=JST-S3B-XH-A(LF)(SN)_V New Footprint=JST-S3B-XH-A(LF)(SN)_V
Change Physical Footprint: Designator=J7 Old Footprint=PCB-fv0n1qe7e7tw0owzte2c-1 New Footprint=PCB-fv0n1qe7e7tw0owzte2c-1
Change Physical Footprint: Designator=J8 Old Footprint=PCB-fv0n1qe7e7tw0owzte2c-1 New Footprint=PCB-fv0n1qe7e7tw0owzte2c-1
Change Physical Footprint: Designator=K1_P1 Old Footprint=PCB-ei6nokn2irsc2a7yt94x-1 New Footprint=PCB-ei6nokn2irsc2a7yt94x-1
Change Physical Footprint: Designator=K1_P2 Old Footprint=PCB-ei6nokn2irsc2a7yt94x-1 New Footprint=PCB-ei6nokn2irsc2a7yt94x-1
Change Physical Footprint: Designator=K1_P3 Old Footprint=PCB-ei6nokn2irsc2a7yt94x-1 New Footprint=PCB-ei6nokn2irsc2a7yt94x-1
Change Physical Footprint: Designator=K1_P4 Old Footprint=PCB-ei6nokn2irsc2a7yt94x-1 New Footprint=PCB-ei6nokn2irsc2a7yt94x-1
Change Physical Footprint: Designator=K1_P5 Old Footprint=PCB-ei6nokn2irsc2a7yt94x-1 New Footprint=PCB-ei6nokn2irsc2a7yt94x-1
Change Physical Footprint: Designator=K1_P6 Old Footprint=PCB-ei6nokn2irsc2a7yt94x-1 New Footprint=PCB-ei6nokn2irsc2a7yt94x-1
Change Physical Footprint: Designator=K1_P7 Old Footprint=PCB-ei6nokn2irsc2a7yt94x-1 New Footprint=PCB-ei6nokn2irsc2a7yt94x-1
Change Physical Footprint: Designator=K1_P8 Old Footprint=PCB-ei6nokn2irsc2a7yt94x-1 New Footprint=PCB-ei6nokn2irsc2a7yt94x-1
Change Physical Footprint: Designator=K2_P1 Old Footprint=PCB-ei6nokn2irsc2a7yt94x-1 New Footprint=PCB-ei6nokn2irsc2a7yt94x-1
Change Physical Footprint: Designator=K2_P2 Old Footprint=PCB-ei6nokn2irsc2a7yt94x-1 New Footprint=PCB-ei6nokn2irsc2a7yt94x-1
Change Physical Footprint: Designator=K2_P3 Old Footprint=PCB-ei6nokn2irsc2a7yt94x-1 New Footprint=PCB-ei6nokn2irsc2a7yt94x-1
Change Physical Footprint: Designator=K2_P4 Old Footprint=PCB-ei6nokn2irsc2a7yt94x-1 New Footprint=PCB-ei6nokn2irsc2a7yt94x-1
Change Physical Footprint: Designator=K2_P5 Old Footprint=PCB-ei6nokn2irsc2a7yt94x-1 New Footprint=PCB-ei6nokn2irsc2a7yt94x-1
Change Physical Footprint: Designator=K2_P6 Old Footprint=PCB-ei6nokn2irsc2a7yt94x-1 New Footprint=PCB-ei6nokn2irsc2a7yt94x-1
Change Physical Footprint: Designator=K2_P7 Old Footprint=PCB-ei6nokn2irsc2a7yt94x-1 New Footprint=PCB-ei6nokn2irsc2a7yt94x-1
Change Physical Footprint: Designator=K2_P8 Old Footprint=PCB-ei6nokn2irsc2a7yt94x-1 New Footprint=PCB-ei6nokn2irsc2a7yt94x-1
Change Physical Footprint: Designator=K3_P1 Old Footprint=PCB-ei6nokn2irsc2a7yt94x-1 New Footprint=PCB-ei6nokn2irsc2a7yt94x-1
Change Physical Footprint: Designator=K3_P2 Old Footprint=PCB-ei6nokn2irsc2a7yt94x-1 New Footprint=PCB-ei6nokn2irsc2a7yt94x-1
Change Physical Footprint: Designator=K3_P3 Old Footprint=PCB-ei6nokn2irsc2a7yt94x-1 New Footprint=PCB-ei6nokn2irsc2a7yt94x-1
Change Physical Footprint: Designator=K3_P4 Old Footprint=PCB-ei6nokn2irsc2a7yt94x-1 New Footprint=PCB-ei6nokn2irsc2a7yt94x-1
Change Physical Footprint: Designator=K3_P5 Old Footprint=PCB-ei6nokn2irsc2a7yt94x-1 New Footprint=PCB-ei6nokn2irsc2a7yt94x-1
Change Physical Footprint: Designator=K3_P6 Old Footprint=PCB-ei6nokn2irsc2a7yt94x-1 New Footprint=PCB-ei6nokn2irsc2a7yt94x-1
Change Physical Footprint: Designator=K3_P7 Old Footprint=PCB-ei6nokn2irsc2a7yt94x-1 New Footprint=PCB-ei6nokn2irsc2a7yt94x-1
Change Physical Footprint: Designator=K3_P8 Old Footprint=PCB-ei6nokn2irsc2a7yt94x-1 New Footprint=PCB-ei6nokn2irsc2a7yt94x-1
Change Physical Footprint: Designator=K4_P1 Old Footprint=PCB-ei6nokn2irsc2a7yt94x-1 New Footprint=PCB-ei6nokn2irsc2a7yt94x-1
Change Physical Footprint: Designator=K4_P2 Old Footprint=PCB-ei6nokn2irsc2a7yt94x-1 New Footprint=PCB-ei6nokn2irsc2a7yt94x-1
Change Physical Footprint: Designator=K4_P3 Old Footprint=PCB-ei6nokn2irsc2a7yt94x-1 New Footprint=PCB-ei6nokn2irsc2a7yt94x-1
Change Physical Footprint: Designator=K4_P4 Old Footprint=PCB-ei6nokn2irsc2a7yt94x-1 New Footprint=PCB-ei6nokn2irsc2a7yt94x-1
Change Physical Footprint: Designator=K4_P5 Old Footprint=PCB-ei6nokn2irsc2a7yt94x-1 New Footprint=PCB-ei6nokn2irsc2a7yt94x-1
Change Physical Footprint: Designator=K4_P6 Old Footprint=PCB-ei6nokn2irsc2a7yt94x-1 New Footprint=PCB-ei6nokn2irsc2a7yt94x-1
Change Physical Footprint: Designator=K4_P7 Old Footprint=PCB-ei6nokn2irsc2a7yt94x-1 New Footprint=PCB-ei6nokn2irsc2a7yt94x-1
Change Physical Footprint: Designator=K4_P8 Old Footprint=PCB-ei6nokn2irsc2a7yt94x-1 New Footprint=PCB-ei6nokn2irsc2a7yt94x-1
Change Physical Footprint: Designator=K5_P1 Old Footprint=PCB-ei6nokn2irsc2a7yt94x-1 New Footprint=PCB-ei6nokn2irsc2a7yt94x-1
Change Physical Footprint: Designator=K5_P2 Old Footprint=PCB-ei6nokn2irsc2a7yt94x-1 New Footprint=PCB-ei6nokn2irsc2a7yt94x-1
Change Physical Footprint: Designator=K5_P3 Old Footprint=PCB-ei6nokn2irsc2a7yt94x-1 New Footprint=PCB-ei6nokn2irsc2a7yt94x-1
Change Physical Footprint: Designator=K5_P4 Old Footprint=PCB-ei6nokn2irsc2a7yt94x-1 New Footprint=PCB-ei6nokn2irsc2a7yt94x-1
Change Physical Footprint: Designator=K5_P5 Old Footprint=PCB-ei6nokn2irsc2a7yt94x-1 New Footprint=PCB-ei6nokn2irsc2a7yt94x-1
Change Physical Footprint: Designator=K5_P6 Old Footprint=PCB-ei6nokn2irsc2a7yt94x-1 New Footprint=PCB-ei6nokn2irsc2a7yt94x-1
Change Physical Footprint: Designator=K5_P7 Old Footprint=PCB-ei6nokn2irsc2a7yt94x-1 New Footprint=PCB-ei6nokn2irsc2a7yt94x-1
Change Physical Footprint: Designator=K5_P8 Old Footprint=PCB-ei6nokn2irsc2a7yt94x-1 New Footprint=PCB-ei6nokn2irsc2a7yt94x-1
Change Physical Footprint: Designator=K6_P1 Old Footprint=PCB-ei6nokn2irsc2a7yt94x-1 New Footprint=PCB-ei6nokn2irsc2a7yt94x-1
Change Physical Footprint: Designator=K6_P2 Old Footprint=PCB-ei6nokn2irsc2a7yt94x-1 New Footprint=PCB-ei6nokn2irsc2a7yt94x-1
Change Physical Footprint: Designator=K6_P3 Old Footprint=PCB-ei6nokn2irsc2a7yt94x-1 New Footprint=PCB-ei6nokn2irsc2a7yt94x-1
Change Physical Footprint: Designator=K6_P4 Old Footprint=PCB-ei6nokn2irsc2a7yt94x-1 New Footprint=PCB-ei6nokn2irsc2a7yt94x-1
Change Physical Footprint: Designator=K6_P5 Old Footprint=PCB-ei6nokn2irsc2a7yt94x-1 New Footprint=PCB-ei6nokn2irsc2a7yt94x-1
Change Physical Footprint: Designator=K6_P6 Old Footprint=PCB-ei6nokn2irsc2a7yt94x-1 New Footprint=PCB-ei6nokn2irsc2a7yt94x-1
Change Physical Footprint: Designator=K6_P7 Old Footprint=PCB-ei6nokn2irsc2a7yt94x-1 New Footprint=PCB-ei6nokn2irsc2a7yt94x-1
Change Physical Footprint: Designator=K6_P8 Old Footprint=PCB-ei6nokn2irsc2a7yt94x-1 New Footprint=PCB-ei6nokn2irsc2a7yt94x-1
Change Physical Footprint: Designator=K7_P1 Old Footprint=PCB-ei6nokn2irsc2a7yt94x-1 New Footprint=PCB-ei6nokn2irsc2a7yt94x-1
Change Physical Footprint: Designator=K7_P2 Old Footprint=PCB-ei6nokn2irsc2a7yt94x-1 New Footprint=PCB-ei6nokn2irsc2a7yt94x-1
Change Physical Footprint: Designator=K7_P3 Old Footprint=PCB-ei6nokn2irsc2a7yt94x-1 New Footprint=PCB-ei6nokn2irsc2a7yt94x-1
Change Physical Footprint: Designator=K7_P4 Old Footprint=PCB-ei6nokn2irsc2a7yt94x-1 New Footprint=PCB-ei6nokn2irsc2a7yt94x-1
Change Physical Footprint: Designator=K7_P5 Old Footprint=PCB-ei6nokn2irsc2a7yt94x-1 New Footprint=PCB-ei6nokn2irsc2a7yt94x-1
Change Physical Footprint: Designator=K7_P6 Old Footprint=PCB-ei6nokn2irsc2a7yt94x-1 New Footprint=PCB-ei6nokn2irsc2a7yt94x-1
Change Physical Footprint: Designator=K7_P7 Old Footprint=PCB-ei6nokn2irsc2a7yt94x-1 New Footprint=PCB-ei6nokn2irsc2a7yt94x-1
Change Physical Footprint: Designator=K7_P8 Old Footprint=PCB-ei6nokn2irsc2a7yt94x-1 New Footprint=PCB-ei6nokn2irsc2a7yt94x-1
Change Physical Footprint: Designator=Q1_P1 Old Footprint=SOT-23 New Footprint=SOT-23
Change Physical Footprint: Designator=Q1_P2 Old Footprint=SOT-23 New Footprint=SOT-23
Change Physical Footprint: Designator=Q1_P3 Old Footprint=SOT-23 New Footprint=SOT-23
Change Physical Footprint: Designator=Q1_P4 Old Footprint=SOT-23 New Footprint=SOT-23
Change Physical Footprint: Designator=Q1_P5 Old Footprint=SOT-23 New Footprint=SOT-23
Change Physical Footprint: Designator=Q1_P6 Old Footprint=SOT-23 New Footprint=SOT-23
Change Physical Footprint: Designator=Q1_P7 Old Footprint=SOT-23 New Footprint=SOT-23
Change Physical Footprint: Designator=Q1_P8 Old Footprint=SOT-23 New Footprint=SOT-23
Change Physical Footprint: Designator=Q2_P1 Old Footprint=PCB-iok221h7g3hg093tnixb-1 New Footprint=PCB-iok221h7g3hg093tnixb-1
Change Physical Footprint: Designator=Q2_P2 Old Footprint=PCB-iok221h7g3hg093tnixb-1 New Footprint=PCB-iok221h7g3hg093tnixb-1
Change Physical Footprint: Designator=Q2_P3 Old Footprint=PCB-iok221h7g3hg093tnixb-1 New Footprint=PCB-iok221h7g3hg093tnixb-1
Change Physical Footprint: Designator=Q2_P4 Old Footprint=PCB-iok221h7g3hg093tnixb-1 New Footprint=PCB-iok221h7g3hg093tnixb-1
Change Physical Footprint: Designator=Q2_P5 Old Footprint=PCB-iok221h7g3hg093tnixb-1 New Footprint=PCB-iok221h7g3hg093tnixb-1
Change Physical Footprint: Designator=Q2_P6 Old Footprint=PCB-iok221h7g3hg093tnixb-1 New Footprint=PCB-iok221h7g3hg093tnixb-1
Change Physical Footprint: Designator=Q2_P7 Old Footprint=PCB-iok221h7g3hg093tnixb-1 New Footprint=PCB-iok221h7g3hg093tnixb-1
Change Physical Footprint: Designator=Q2_P8 Old Footprint=PCB-iok221h7g3hg093tnixb-1 New Footprint=PCB-iok221h7g3hg093tnixb-1
Change Physical Footprint: Designator=R1_P1 Old Footprint=gen0603-2 New Footprint=gen0603-2
Change Physical Footprint: Designator=R1_P2 Old Footprint=gen0603-2 New Footprint=gen0603-2
Change Physical Footprint: Designator=R1_P3 Old Footprint=gen0603-2 New Footprint=gen0603-2
Change Physical Footprint: Designator=R1_P4 Old Footprint=gen0603-2 New Footprint=gen0603-2
Change Physical Footprint: Designator=R1_P5 Old Footprint=gen0603-2 New Footprint=gen0603-2
Change Physical Footprint: Designator=R1_P6 Old Footprint=gen0603-2 New Footprint=gen0603-2
Change Physical Footprint: Designator=R1_P7 Old Footprint=gen0603-2 New Footprint=gen0603-2
Change Physical Footprint: Designator=R1_P8 Old Footprint=gen0603-2 New Footprint=gen0603-2
Change Physical Footprint: Designator=R2_P1 Old Footprint=gen0603-2 New Footprint=gen0603-2
Change Physical Footprint: Designator=R2_P2 Old Footprint=gen0603-2 New Footprint=gen0603-2
Change Physical Footprint: Designator=R2_P3 Old Footprint=gen0603-2 New Footprint=gen0603-2
Change Physical Footprint: Designator=R2_P4 Old Footprint=gen0603-2 New Footprint=gen0603-2
Change Physical Footprint: Designator=R2_P5 Old Footprint=gen0603-2 New Footprint=gen0603-2
Change Physical Footprint: Designator=R2_P6 Old Footprint=gen0603-2 New Footprint=gen0603-2
Change Physical Footprint: Designator=R2_P7 Old Footprint=gen0603-2 New Footprint=gen0603-2
Change Physical Footprint: Designator=R2_P8 Old Footprint=gen0603-2 New Footprint=gen0603-2
Change Physical Footprint: Designator=R3_P1 Old Footprint=gen0603-2 New Footprint=gen0603-2
Change Physical Footprint: Designator=R3_P2 Old Footprint=gen0603-2 New Footprint=gen0603-2
Change Physical Footprint: Designator=R3_P3 Old Footprint=gen0603-2 New Footprint=gen0603-2
Change Physical Footprint: Designator=R3_P4 Old Footprint=gen0603-2 New Footprint=gen0603-2
Change Physical Footprint: Designator=R3_P5 Old Footprint=gen0603-2 New Footprint=gen0603-2
Change Physical Footprint: Designator=R3_P6 Old Footprint=gen0603-2 New Footprint=gen0603-2
Change Physical Footprint: Designator=R3_P7 Old Footprint=gen0603-2 New Footprint=gen0603-2
Change Physical Footprint: Designator=R3_P8 Old Footprint=gen0603-2 New Footprint=gen0603-2
Change Physical Footprint: Designator=U1_P1 Old Footprint=PCB-gcdku7p92m9mz9ih2yin-1 New Footprint=PCB-gcdku7p92m9mz9ih2yin-1
Change Physical Footprint: Designator=U1_P2 Old Footprint=PCB-gcdku7p92m9mz9ih2yin-1 New Footprint=PCB-gcdku7p92m9mz9ih2yin-1
Change Physical Footprint: Designator=U1_P3 Old Footprint=PCB-gcdku7p92m9mz9ih2yin-1 New Footprint=PCB-gcdku7p92m9mz9ih2yin-1
Change Physical Footprint: Designator=U1_P4 Old Footprint=PCB-gcdku7p92m9mz9ih2yin-1 New Footprint=PCB-gcdku7p92m9mz9ih2yin-1
Change Physical Footprint: Designator=U1_P5 Old Footprint=PCB-gcdku7p92m9mz9ih2yin-1 New Footprint=PCB-gcdku7p92m9mz9ih2yin-1
Change Physical Footprint: Designator=U1_P6 Old Footprint=PCB-gcdku7p92m9mz9ih2yin-1 New Footprint=PCB-gcdku7p92m9mz9ih2yin-1
Change Physical Footprint: Designator=U1_P7 Old Footprint=PCB-gcdku7p92m9mz9ih2yin-1 New Footprint=PCB-gcdku7p92m9mz9ih2yin-1
Change Physical Footprint: Designator=U1_P8 Old Footprint=PCB-gcdku7p92m9mz9ih2yin-1 New Footprint=PCB-gcdku7p92m9mz9ih2yin-1
Change Physical Footprint: Designator=U2 Old Footprint=PCB-xp4qbii5l2bbflfsgoli-1 New Footprint=PCB-xp4qbii5l2bbflfsgoli-1
Change Physical Footprint: Designator=U3 Old Footprint=PCB-xp4qbii5l2bbflfsgoli-1 New Footprint=PCB-xp4qbii5l2bbflfsgoli-1
Change Physical Footprint: Designator=U4 Old Footprint=PCB-xp4qbii5l2bbflfsgoli-1 New Footprint=PCB-xp4qbii5l2bbflfsgoli-1
