Removed Pin From Net: NetName=FB5 Pin=U2-1
Removed Pin From Net: NetName=FB6 Pin=U2-2
Removed Pin From Net: NetName=FB7 Pin=U2-4
Removed Pin From Net: NetName=FB8 Pin=U2-5
Removed Pin From Net: NetName=FB1 Pin=U2-12
Removed Pin From Net: NetName=FB2 Pin=U2-13
Removed Pin From Net: NetName=FB3 Pin=U2-14
Removed Pin From Net: NetName=FB4 Pin=U2-15
Removed Pin From Net: NetName=FB5 Pin=U3-1
Removed Pin From Net: NetName=FB6 Pin=U3-2
Removed Pin From Net: NetName=FB7 Pin=U3-4
Removed Pin From Net: NetName=FB8 Pin=U3-5
Removed Pin From Net: NetName=FB1 Pin=U3-12
Removed Pin From Net: NetName=FB2 Pin=U3-13
Removed Pin From Net: NetName=FB3 Pin=U3-14
Removed Pin From Net: NetName=FB4 Pin=U3-15
Removed Pin From Net: NetName=FB5 Pin=U4-1
Removed Pin From Net: NetName=FB6 Pin=U4-2
Removed Pin From Net: NetName=FB7 Pin=U4-4
Removed Pin From Net: NetName=FB8 Pin=U4-5
Removed Pin From Net: NetName=FB1 Pin=U4-12
Removed Pin From Net: NetName=FB2 Pin=U4-13
Removed Pin From Net: NetName=FB3 Pin=U4-14
Removed Pin From Net: NetName=FB4 Pin=U4-15
Added Component: Designator=C?(CAPC1608X09N)
Add component. Clean all parameters for all variants
Add component (AddParameter): Name = "Capacitance"; Value = "100nF"; VariantName = "[No Variations]"
Add component (AddParameter): Name = "Capacitance Tolerance"; Value = "10%"; VariantName = "[No Variations]"
Add component (AddParameter): Name = "Manufacture Part Number"; Value = "CC0603KRX7R9BB104"; VariantName = "[No Variations]"
Add component (AddParameter): Name = "Manufacturer"; Value = "YAGEO"; VariantName = "[No Variations]"
Add component (AddParameter): Name = "Package / Case"; Value = "0603"; VariantName = "[No Variations]"
Add component (AddParameter): Name = "Supplier"; Value = "LCSC"; VariantName = "[No Variations]"
Add component (AddParameter): Name = "Supplier Part Number"; Value = "C14663"; VariantName = "[No Variations]"
Add component (AddParameter): Name = "Voltage-Rated"; Value = "50V"; VariantName = "[No Variations]"
Added Component: Designator=DD?(PCB-72k1vk0k27b6qyyenbg0-1)
Add component. Clean all parameters for all variants
Add component (AddParameter): Name = "Manufacture Part Number"; Value = "74HC595D,118"; VariantName = "[No Variations]"
Add component (AddParameter): Name = "Manufacturer"; Value = "Nexperia"; VariantName = "[No Variations]"
Add component (AddParameter): Name = "Package / Case"; Value = "SOIC-16_150mil"; VariantName = "[No Variations]"
Add component (AddParameter): Name = "Supplier"; Value = "LCSC"; VariantName = "[No Variations]"
Add component (AddParameter): Name = "Supplier Part Number"; Value = "C5947"; VariantName = "[No Variations]"
Added Component: Designator=U?(PCB-gcdku7p92m9mz9ih2yin-1)
Add component. Clean all parameters for all variants
Add component (AddParameter): Name = "Manufacture Part Number"; Value = "ULN2803A"; VariantName = "[No Variations]"
Add component (AddParameter): Name = "Manufacturer"; Value = "Mixic"; VariantName = "[No Variations]"
Add component (AddParameter): Name = "Package / Case"; Value = "SOP-18_300mil"; VariantName = "[No Variations]"
Add component (AddParameter): Name = "Supplier"; Value = "LCSC"; VariantName = "[No Variations]"
Add component (AddParameter): Name = "Supplier Part Number"; Value = "C107219"; VariantName = "[No Variations]"
Added Pin To Net: NetName=GND Pin=C?-1
Added Pin To Net: NetName=+5V Pin=C?-2
Added Pin To Net: NetName=GND Pin=DD?-8
Added Pin To Net: NetName=RST Pin=DD?-10
Added Pin To Net: NetName=SHCP Pin=DD?-11
Added Pin To Net: NetName=STCP Pin=DD?-12
Added Pin To Net: NetName=OE Pin=DD?-13
Added Pin To Net: NetName=+5V Pin=DD?-16
Added Pin To Net: NetName=DC_PIN5 Pin=U2-1
Added Pin To Net: NetName=DC_PIN6 Pin=U2-2
Added Pin To Net: NetName=DC_PIN7 Pin=U2-4
Added Pin To Net: NetName=DC_PIN8 Pin=U2-5
Added Pin To Net: NetName=DC_PIN1 Pin=U2-12
Added Pin To Net: NetName=DC_PIN2 Pin=U2-13
Added Pin To Net: NetName=DC_PIN3 Pin=U2-14
Added Pin To Net: NetName=DC_PIN4 Pin=U2-15
Added Pin To Net: NetName=DC_PIN5 Pin=U3-1
Added Pin To Net: NetName=DC_PIN6 Pin=U3-2
Added Pin To Net: NetName=DC_PIN7 Pin=U3-4
Added Pin To Net: NetName=DC_PIN8 Pin=U3-5
Added Pin To Net: NetName=DC_PIN1 Pin=U3-12
Added Pin To Net: NetName=DC_PIN2 Pin=U3-13
Added Pin To Net: NetName=DC_PIN3 Pin=U3-14
Added Pin To Net: NetName=DC_PIN4 Pin=U3-15
Added Pin To Net: NetName=DC_PIN5 Pin=U4-1
Added Pin To Net: NetName=DC_PIN6 Pin=U4-2
Added Pin To Net: NetName=DC_PIN7 Pin=U4-4
Added Pin To Net: NetName=DC_PIN8 Pin=U4-5
Added Pin To Net: NetName=DC_PIN1 Pin=U4-12
Added Pin To Net: NetName=DC_PIN2 Pin=U4-13
Added Pin To Net: NetName=DC_PIN3 Pin=U4-14
Added Pin To Net: NetName=DC_PIN4 Pin=U4-15
Added Pin To Net: NetName=GND Pin=U?-9
Change Net Name : Old Net Name=FB1 New Net Name=NetK1_P8_2
Change Net Name : Old Net Name=FB2 New Net Name=NetK1_P7_2
Change Net Name : Old Net Name=FB3 New Net Name=NetK1_P6_2
Change Net Name : Old Net Name=FB4 New Net Name=NetK1_P5_2
Change Net Name : Old Net Name=FB5 New Net Name=NetK1_P4_2
Change Net Name : Old Net Name=FB6 New Net Name=NetK1_P3_2
Change Net Name : Old Net Name=FB7 New Net Name=NetK1_P2_2
Change Net Name : Old Net Name=FB8 New Net Name=NetK1_P1_2
Added Pin To Net: NetName=NetDD?_1 Pin=DD?-1
Added Pin To Net: NetName=NetDD?_1 Pin=U?-2
Added Net: Name=NetDD?_1
Added Pin To Net: NetName=NetDD?_2 Pin=DD?-2
Added Pin To Net: NetName=NetDD?_2 Pin=U?-3
Added Net: Name=NetDD?_2
Added Pin To Net: NetName=NetDD?_3 Pin=DD?-3
Added Pin To Net: NetName=NetDD?_3 Pin=U?-4
Added Net: Name=NetDD?_3
Added Pin To Net: NetName=NetDD?_4 Pin=DD?-4
Added Pin To Net: NetName=NetDD?_4 Pin=U?-5
Added Net: Name=NetDD?_4
Added Pin To Net: NetName=NetDD?_5 Pin=DD?-5
Added Pin To Net: NetName=NetDD?_5 Pin=U?-6
Added Net: Name=NetDD?_5
Added Pin To Net: NetName=NetDD?_6 Pin=DD?-6
Added Pin To Net: NetName=NetDD?_6 Pin=U?-7
Added Net: Name=NetDD?_6
Added Pin To Net: NetName=NetDD?_7 Pin=DD?-7
Added Pin To Net: NetName=NetDD?_7 Pin=U?-8
Added Net: Name=NetDD?_7
Added Pin To Net: NetName=NetDD?_9 Pin=DD?-9
Added Net: Name=NetDD?_9
Added Pin To Net: NetName=NetDD?_14 Pin=DD?-14
Added Net: Name=NetDD?_14
Added Pin To Net: NetName=NetDD?_15 Pin=DD?-15
Added Pin To Net: NetName=NetDD?_15 Pin=U?-1
Added Net: Name=NetDD?_15
Added Member To Class: ClassName=Switch Matrix Member=Component C? 100nF
Added Member To Class: ClassName=Switch Matrix Member=Component DD? SN74HC595D
Added Member To Class: ClassName=Switch Matrix Member=Component U? ULN2803A (SOIC-18)
