Removed Pin From Net: NetName=MUXB2 Pin=DD2-1
Removed Pin From Net: NetName=MUXA2 Pin=DD2-2
Removed Pin From Net: NetName=MUXEN2 Pin=DD2-3
Removed Pin From Net: NetName=MUXB3 Pin=DD2-15
Removed Pin From Net: NetName=MUXC2 Pin=DD3-1
Removed Pin From Net: NetName=MUXEN1 Pin=DD3-2
Removed Pin From Net: NetName=MUXA1 Pin=DD3-3
Removed Pin From Net: NetName=MUXB1 Pin=DD3-4
Removed Pin From Net: NetName=MUXC1 Pin=DD3-5
Removed Pin From Net: NetName=MUXEN3 Pin=DD3-6
Removed Pin From Net: NetName=MUXA3 Pin=DD3-7
Removed Pin From Net: NetName=MUXC3 Pin=DD3-15
Removed Pin From Net: NetName=+5V Pin=J4-2
Change component parameters: Designator = "J7"; Footprint = "JST-S3B-XH-A(LF)(SN)_V"; UniqueID = "\UEJRVOYF"
Change component parameters. Clean all parameters for all variants
Change component parameters (AddParameter): Name = "Current Rating"; Value = "3.00 A"; VariantName = "[No Variations]"
Change component parameters (AddParameter): Name = "Gender"; Value = "Male"; VariantName = "[No Variations]"
Change component parameters (AddParameter): Name = "Insulation Resistance"; Value = "1.00 GO"; VariantName = "[No Variations]"
Change component parameters (AddParameter): Name = "Lead-Free Status"; Value = "Lead Free"; VariantName = "[No Variations]"
Change component parameters (AddParameter): Name = "Manufacture Part Number"; Value = "S3B-XH-A(LF)(SN)"; VariantName = "[No Variations]"
Change component parameters (AddParameter): Name = "Manufacturer"; Value = "JST Sales America"; VariantName = "[No Variations]"
Change component parameters (AddParameter): Name = "Mounting Style"; Value = "Through Hole"; VariantName = "[No Variations]"
Change component parameters (AddParameter): Name = "Number of Contacts"; Value = "3"; VariantName = "[No Variations]"
Change component parameters (AddParameter): Name = "PackageDescription"; Value = "Male Header, Pitch 2.5 mm, 1 x 3 Position, Height 6.1 mm, Tail Length 3.4 mm"; VariantName = "[No Variations]"
Change component parameters (AddParameter): Name = "PackageReference"; Value = "S3B-XH-A(LF)(SN)"; VariantName = "[No Variations]"
Change component parameters (AddParameter): Name = "RoHS"; Value = "Compliant"; VariantName = "[No Variations]"
Change component parameters (AddParameter): Name = "Supplier"; Value = "LCSC"; VariantName = "[No Variations]"
Change component parameters (AddParameter): Name = "Supplier Part Number"; Value = "C157928"; VariantName = "[No Variations]"
Change component parameters: Designator = "J8"; Footprint = "PCB-fv0n1qe7e7tw0owzte2c-1"; UniqueID = "\LLYXASGL"
Change component parameters. Clean all parameters for all variants
Change component parameters (AddParameter): Name = "Contact Material"; Value = "Brass"; VariantName = "[No Variations]"
Change component parameters (AddParameter): Name = "Contact Plating"; Value = "Tin"; VariantName = "[No Variations]"
Change component parameters (AddParameter): Name = "Current Rating"; Value = "7.00 A"; VariantName = "[No Variations]"
Change component parameters (AddParameter): Name = "Gender"; Value = "Male"; VariantName = "[No Variations]"
Change component parameters (AddParameter): Name = "Housing Color"; Value = "Natural"; VariantName = "[No Variations]"
Change component parameters (AddParameter): Name = "Housing Material"; Value = "Nylon"; VariantName = "[No Variations]"
Change component parameters (AddParameter): Name = "Insulation Resistance"; Value = "1.00 GO"; VariantName = "[No Variations]"
Change component parameters (AddParameter): Name = "Lead-Free Status"; Value = "Lead Free"; VariantName = "[No Variations]"
Change component parameters (AddParameter): Name = "Manufacturer Part Number"; Value = "B4PS-VH(LF)(SN)"; VariantName = "[No Variations]"
Change component parameters (AddParameter): Name = "Mounting Style"; Value = "Through Hole"; VariantName = "[No Variations]"
Change component parameters (AddParameter): Name = "Number of Contacts"; Value = "4"; VariantName = "[No Variations]"
Change component parameters (AddParameter): Name = "Number of Positions"; Value = "4"; VariantName = "[No Variations]"
Change component parameters (AddParameter): Name = "Number of Rows"; Value = "1"; VariantName = "[No Variations]"
Change component parameters (AddParameter): Name = "Octopart URL"; Value = "https://octopart.com/b4ps-vh%28lf%29%28sn%29-jst-248814"; VariantName = "[No Variations]"
Change component parameters (AddParameter): Name = "Operating Temperature"; Value = "85.0 °C (max)"; VariantName = "[No Variations]"
Change component parameters (AddParameter): Name = "Packaging"; Value = "Bulk"; VariantName = "[No Variations]"
Change component parameters (AddParameter): Name = "Pin Pitch"; Value = "3.96 mm"; VariantName = "[No Variations]"
Change component parameters (AddParameter): Name = "REACH SVHC Compliance"; Value = "No SVHC"; VariantName = "[No Variations]"
Change component parameters (AddParameter): Name = "RoHS"; Value = "Compliant"; VariantName = "[No Variations]"
Change component parameters (AddParameter): Name = "Size-Height"; Value = "8.50 mm"; VariantName = "[No Variations]"
Change component parameters (AddParameter): Name = "Size-Length"; Value = "15.8 mm"; VariantName = "[No Variations]"
Change component parameters: Designator = "J9"; Footprint = "PCB-fv0n1qe7e7tw0owzte2c-1"; UniqueID = "\GAGDWGZE"
Change component parameters. Clean all parameters for all variants
Change component parameters (AddParameter): Name = "Contact Material"; Value = "Brass"; VariantName = "[No Variations]"
Change component parameters (AddParameter): Name = "Contact Plating"; Value = "Tin"; VariantName = "[No Variations]"
Change component parameters (AddParameter): Name = "Current Rating"; Value = "7.00 A"; VariantName = "[No Variations]"
Change component parameters (AddParameter): Name = "Gender"; Value = "Male"; VariantName = "[No Variations]"
Change component parameters (AddParameter): Name = "Housing Color"; Value = "Natural"; VariantName = "[No Variations]"
Change component parameters (AddParameter): Name = "Housing Material"; Value = "Nylon"; VariantName = "[No Variations]"
Change component parameters (AddParameter): Name = "Insulation Resistance"; Value = "1.00 GO"; VariantName = "[No Variations]"
Change component parameters (AddParameter): Name = "Lead-Free Status"; Value = "Lead Free"; VariantName = "[No Variations]"
Change component parameters (AddParameter): Name = "Manufacturer Part Number"; Value = "B4PS-VH(LF)(SN)"; VariantName = "[No Variations]"
Change component parameters (AddParameter): Name = "Mounting Style"; Value = "Through Hole"; VariantName = "[No Variations]"
Change component parameters (AddParameter): Name = "Number of Contacts"; Value = "4"; VariantName = "[No Variations]"
Change component parameters (AddParameter): Name = "Number of Positions"; Value = "4"; VariantName = "[No Variations]"
Change component parameters (AddParameter): Name = "Number of Rows"; Value = "1"; VariantName = "[No Variations]"
Change component parameters (AddParameter): Name = "Octopart URL"; Value = "https://octopart.com/b4ps-vh%28lf%29%28sn%29-jst-248814"; VariantName = "[No Variations]"
Change component parameters (AddParameter): Name = "Operating Temperature"; Value = "85.0 °C (max)"; VariantName = "[No Variations]"
Change component parameters (AddParameter): Name = "Packaging"; Value = "Bulk"; VariantName = "[No Variations]"
Change component parameters (AddParameter): Name = "Pin Pitch"; Value = "3.96 mm"; VariantName = "[No Variations]"
Change component parameters (AddParameter): Name = "REACH SVHC Compliance"; Value = "No SVHC"; VariantName = "[No Variations]"
Change component parameters (AddParameter): Name = "RoHS"; Value = "Compliant"; VariantName = "[No Variations]"
Change component parameters (AddParameter): Name = "Size-Height"; Value = "8.50 mm"; VariantName = "[No Variations]"
Change component parameters (AddParameter): Name = "Size-Length"; Value = "15.8 mm"; VariantName = "[No Variations]"
Added Component: Designator=C7(C0805)
Add component. Clean all parameters for all variants
Add component (AddParameter): Name = "BOM_Manufacturer"; Value = "SAMSUNG"; VariantName = "[No Variations]"
Add component (AddParameter): Name = "BOM_Manufacturer Part"; Value = "CL21B106KOQNNNE"; VariantName = "[No Variations]"
Add component (AddParameter): Name = "BOM_Supplier"; Value = "LCSC"; VariantName = "[No Variations]"
Add component (AddParameter): Name = "BOM_Supplier Part"; Value = "C95841"; VariantName = "[No Variations]"
Add component (AddParameter): Name = "nameAlias"; Value = "Capacitance"; VariantName = "[No Variations]"
Add component (AddParameter): Name = "spicePre"; Value = "C"; VariantName = "[No Variations]"
Add component (AddParameter): Name = "spiceSymbolName"; Value = "CL21B106KOQNNNE"; VariantName = "[No Variations]"
Added Component: Designator=C8(C0603)
Add component. Clean all parameters for all variants
Add component (AddParameter): Name = "BOM_LCSC Assembly"; Value = "Yes"; VariantName = "[No Variations]"
Add component (AddParameter): Name = "BOM_Manufacturer"; Value = "SAMSUNG"; VariantName = "[No Variations]"
Add component (AddParameter): Name = "BOM_Manufacturer Part"; Value = "CL10A226MP8NUNE"; VariantName = "[No Variations]"
Add component (AddParameter): Name = "BOM_Supplier"; Value = "LCSC"; VariantName = "[No Variations]"
Add component (AddParameter): Name = "BOM_Supplier Part"; Value = "C86295"; VariantName = "[No Variations]"
Add component (AddParameter): Name = "nameAlias"; Value = "Capacitance"; VariantName = "[No Variations]"
Add component (AddParameter): Name = "SMT Type"; Value = "Extend"; VariantName = "[No Variations]"
Add component (AddParameter): Name = "spicePre"; Value = "C"; VariantName = "[No Variations]"
Add component (AddParameter): Name = "spiceSymbolName"; Value = "CL10A226MP8NUNE"; VariantName = "[No Variations]"
Added Component: Designator=C9(C0603)
Add component. Clean all parameters for all variants
Add component (AddParameter): Name = "BOM_LCSC Assembly"; Value = "Yes"; VariantName = "[No Variations]"
Add component (AddParameter): Name = "BOM_Manufacturer"; Value = "YAGEO"; VariantName = "[No Variations]"
Add component (AddParameter): Name = "BOM_Manufacturer Part"; Value = "CC0603KRX7R9BB104"; VariantName = "[No Variations]"
Add component (AddParameter): Name = "BOM_Supplier"; Value = "LCSC"; VariantName = "[No Variations]"
Add component (AddParameter): Name = "BOM_Supplier Part"; Value = "C14663"; VariantName = "[No Variations]"
Add component (AddParameter): Name = "nameAlias"; Value = "Capacitance"; VariantName = "[No Variations]"
Add component (AddParameter): Name = "SMT Type"; Value = "Basic"; VariantName = "[No Variations]"
Add component (AddParameter): Name = "spicePre"; Value = "C"; VariantName = "[No Variations]"
Add component (AddParameter): Name = "spiceSymbolName"; Value = "CC0603KRX7R9BB104"; VariantName = "[No Variations]"
Added Component: Designator=C10(C0805)
Add component. Clean all parameters for all variants
Add component (AddParameter): Name = "BOM_Manufacturer"; Value = "SAMSUNG"; VariantName = "[No Variations]"
Add component (AddParameter): Name = "BOM_Manufacturer Part"; Value = "CL21B106KOQNNNE"; VariantName = "[No Variations]"
Add component (AddParameter): Name = "BOM_Supplier"; Value = "LCSC"; VariantName = "[No Variations]"
Add component (AddParameter): Name = "BOM_Supplier Part"; Value = "C95841"; VariantName = "[No Variations]"
Add component (AddParameter): Name = "nameAlias"; Value = "Capacitance"; VariantName = "[No Variations]"
Add component (AddParameter): Name = "spicePre"; Value = "C"; VariantName = "[No Variations]"
Add component (AddParameter): Name = "spiceSymbolName"; Value = "CL21B106KOQNNNE"; VariantName = "[No Variations]"
Added Component: Designator=C11(C0603)
Add component. Clean all parameters for all variants
Add component (AddParameter): Name = "BOM_LCSC Assembly"; Value = "Yes"; VariantName = "[No Variations]"
Add component (AddParameter): Name = "BOM_Manufacturer"; Value = "YAGEO"; VariantName = "[No Variations]"
Add component (AddParameter): Name = "BOM_Manufacturer Part"; Value = "CC0603KRX7R9BB104"; VariantName = "[No Variations]"
Add component (AddParameter): Name = "BOM_Supplier"; Value = "LCSC"; VariantName = "[No Variations]"
Add component (AddParameter): Name = "BOM_Supplier Part"; Value = "C14663"; VariantName = "[No Variations]"
Add component (AddParameter): Name = "nameAlias"; Value = "Capacitance"; VariantName = "[No Variations]"
Add component (AddParameter): Name = "SMT Type"; Value = "Basic"; VariantName = "[No Variations]"
Add component (AddParameter): Name = "spicePre"; Value = "C"; VariantName = "[No Variations]"
Add component (AddParameter): Name = "spiceSymbolName"; Value = "CC0603KRX7R9BB104"; VariantName = "[No Variations]"
Added Component: Designator=C12(C0805)
Add component. Clean all parameters for all variants
Add component (AddParameter): Name = "BOM_Manufacturer"; Value = "SAMSUNG"; VariantName = "[No Variations]"
Add component (AddParameter): Name = "BOM_Manufacturer Part"; Value = "CL21B106KOQNNNE"; VariantName = "[No Variations]"
Add component (AddParameter): Name = "BOM_Supplier"; Value = "LCSC"; VariantName = "[No Variations]"
Add component (AddParameter): Name = "BOM_Supplier Part"; Value = "C95841"; VariantName = "[No Variations]"
Add component (AddParameter): Name = "nameAlias"; Value = "Capacitance"; VariantName = "[No Variations]"
Add component (AddParameter): Name = "spicePre"; Value = "C"; VariantName = "[No Variations]"
Add component (AddParameter): Name = "spiceSymbolName"; Value = "CL21B106KOQNNNE"; VariantName = "[No Variations]"
Added Component: Designator=C13(C0603)
Add component. Clean all parameters for all variants
Add component (AddParameter): Name = "BOM_LCSC Assembly"; Value = "Yes"; VariantName = "[No Variations]"
Add component (AddParameter): Name = "BOM_Manufacturer"; Value = "YAGEO"; VariantName = "[No Variations]"
Add component (AddParameter): Name = "BOM_Manufacturer Part"; Value = "CC0603KRX7R9BB104"; VariantName = "[No Variations]"
Add component (AddParameter): Name = "BOM_Supplier"; Value = "LCSC"; VariantName = "[No Variations]"
Add component (AddParameter): Name = "BOM_Supplier Part"; Value = "C14663"; VariantName = "[No Variations]"
Add component (AddParameter): Name = "nameAlias"; Value = "Capacitance"; VariantName = "[No Variations]"
Add component (AddParameter): Name = "SMT Type"; Value = "Basic"; VariantName = "[No Variations]"
Add component (AddParameter): Name = "spicePre"; Value = "C"; VariantName = "[No Variations]"
Add component (AddParameter): Name = "spiceSymbolName"; Value = "CC0603KRX7R9BB104"; VariantName = "[No Variations]"
Added Component: Designator=C14(C0805)
Add component. Clean all parameters for all variants
Add component (AddParameter): Name = "BOM_Manufacturer"; Value = "SAMSUNG"; VariantName = "[No Variations]"
Add component (AddParameter): Name = "BOM_Manufacturer Part"; Value = "CL21B106KOQNNNE"; VariantName = "[No Variations]"
Add component (AddParameter): Name = "BOM_Supplier"; Value = "LCSC"; VariantName = "[No Variations]"
Add component (AddParameter): Name = "BOM_Supplier Part"; Value = "C95841"; VariantName = "[No Variations]"
Add component (AddParameter): Name = "nameAlias"; Value = "Capacitance"; VariantName = "[No Variations]"
Add component (AddParameter): Name = "spicePre"; Value = "C"; VariantName = "[No Variations]"
Add component (AddParameter): Name = "spiceSymbolName"; Value = "CL21B106KOQNNNE"; VariantName = "[No Variations]"
Added Component: Designator=D2(LED 0603_1608 GREEN)
Add component. Clean all parameters for all variants
Add component (AddParameter): Name = "Color"; Value = "Green"; VariantName = "[No Variations]"
Add component (AddParameter): Name = "ComponentLink1Description"; Value = "Datasheet"; VariantName = "[No Variations]"
Add component (AddParameter): Name = "ComponentLink1URL"; Value = "http://www.vishay.com/docs/83173/tlmb1100.pdf"; VariantName = "[No Variations]"
Add component (AddParameter): Name = "ComponentLink2Description"; Value = "DigiKey Link"; VariantName = "[No Variations]"
Add component (AddParameter): Name = "ComponentLink2URL"; Value = "http://digikey.com/product-detail/en/vishay-semiconductor-opto-division/TLMG1100-GS08/751-1165-1-ND/1681448"; VariantName = "[No Variations]"
Add component (AddParameter): Name = "Forward Voltage"; Value = "2.8V"; VariantName = "[No Variations]"
Add component (AddParameter): Name = "Manufacture Part Number"; Value = "ORH-G36G"; VariantName = "[No Variations]"
Add component (AddParameter): Name = "Manufacturer"; Value = "Orient"; VariantName = "[No Variations]"
Add component (AddParameter): Name = "Supplier"; Value = "LCSC"; VariantName = "[No Variations]"
Add component (AddParameter): Name = "Supplier Part Number"; Value = "C205443"; VariantName = "[No Variations]"
Added Component: Designator=D3(LED 0603_1608 GREEN)
Add component. Clean all parameters for all variants
Add component (AddParameter): Name = "Color"; Value = "Green"; VariantName = "[No Variations]"
Add component (AddParameter): Name = "ComponentLink1Description"; Value = "Datasheet"; VariantName = "[No Variations]"
Add component (AddParameter): Name = "ComponentLink1URL"; Value = "http://www.vishay.com/docs/83173/tlmb1100.pdf"; VariantName = "[No Variations]"
Add component (AddParameter): Name = "ComponentLink2Description"; Value = "DigiKey Link"; VariantName = "[No Variations]"
Add component (AddParameter): Name = "ComponentLink2URL"; Value = "http://digikey.com/product-detail/en/vishay-semiconductor-opto-division/TLMG1100-GS08/751-1165-1-ND/1681448"; VariantName = "[No Variations]"
Add component (AddParameter): Name = "Forward Voltage"; Value = "2.8V"; VariantName = "[No Variations]"
Add component (AddParameter): Name = "Manufacture Part Number"; Value = "ORH-G36G"; VariantName = "[No Variations]"
Add component (AddParameter): Name = "Manufacturer"; Value = "Orient"; VariantName = "[No Variations]"
Add component (AddParameter): Name = "Supplier"; Value = "LCSC"; VariantName = "[No Variations]"
Add component (AddParameter): Name = "Supplier Part Number"; Value = "C205443"; VariantName = "[No Variations]"
Added Component: Designator=D4(LED 0603_1608 GREEN)
Add component. Clean all parameters for all variants
Add component (AddParameter): Name = "Color"; Value = "Green"; VariantName = "[No Variations]"
Add component (AddParameter): Name = "ComponentLink1Description"; Value = "Datasheet"; VariantName = "[No Variations]"
Add component (AddParameter): Name = "ComponentLink1URL"; Value = "http://www.vishay.com/docs/83173/tlmb1100.pdf"; VariantName = "[No Variations]"
Add component (AddParameter): Name = "ComponentLink2Description"; Value = "DigiKey Link"; VariantName = "[No Variations]"
Add component (AddParameter): Name = "ComponentLink2URL"; Value = "http://digikey.com/product-detail/en/vishay-semiconductor-opto-division/TLMG1100-GS08/751-1165-1-ND/1681448"; VariantName = "[No Variations]"
Add component (AddParameter): Name = "Forward Voltage"; Value = "2.8V"; VariantName = "[No Variations]"
Add component (AddParameter): Name = "Manufacture Part Number"; Value = "ORH-G36G"; VariantName = "[No Variations]"
Add component (AddParameter): Name = "Manufacturer"; Value = "Orient"; VariantName = "[No Variations]"
Add component (AddParameter): Name = "Supplier"; Value = "LCSC"; VariantName = "[No Variations]"
Add component (AddParameter): Name = "Supplier Part Number"; Value = "C205443"; VariantName = "[No Variations]"
Added Component: Designator=R7(gen0603-2)
Add component. Clean all parameters for all variants
Add component (AddParameter): Name = ".Checked SCH"; Value = ""; VariantName = "[No Variations]"
Add component (AddParameter): Name = "Manufacture Part Number"; Value = "RC0603FR-071KL"; VariantName = "[No Variations]"
Add component (AddParameter): Name = "Manufacturer"; Value = "YAGEO"; VariantName = "[No Variations]"
Add component (AddParameter): Name = "Package / Case"; Value = "0603"; VariantName = "[No Variations]"
Add component (AddParameter): Name = "Resistance"; Value = "1k"; VariantName = "[No Variations]"
Add component (AddParameter): Name = "Resistance Tolerance"; Value = "1%"; VariantName = "[No Variations]"
Add component (AddParameter): Name = "Supplier"; Value = "LCSC"; VariantName = "[No Variations]"
Add component (AddParameter): Name = "Supplier Part Number"; Value = "C22548"; VariantName = "[No Variations]"
Added Component: Designator=R8(gen0603-2)
Add component. Clean all parameters for all variants
Add component (AddParameter): Name = ".Checked SCH"; Value = ""; VariantName = "[No Variations]"
Add component (AddParameter): Name = "Manufacture Part Number"; Value = "RC0603FR-071KL"; VariantName = "[No Variations]"
Add component (AddParameter): Name = "Manufacturer"; Value = "YAGEO"; VariantName = "[No Variations]"
Add component (AddParameter): Name = "Package / Case"; Value = "0603"; VariantName = "[No Variations]"
Add component (AddParameter): Name = "Resistance"; Value = "1k"; VariantName = "[No Variations]"
Add component (AddParameter): Name = "Resistance Tolerance"; Value = "1%"; VariantName = "[No Variations]"
Add component (AddParameter): Name = "Supplier"; Value = "LCSC"; VariantName = "[No Variations]"
Add component (AddParameter): Name = "Supplier Part Number"; Value = "C22548"; VariantName = "[No Variations]"
Added Component: Designator=R9(gen0603-2)
Add component. Clean all parameters for all variants
Add component (AddParameter): Name = ".Checked SCH"; Value = ""; VariantName = "[No Variations]"
Add component (AddParameter): Name = "Manufacture Part Number"; Value = "RC0603FR-071KL"; VariantName = "[No Variations]"
Add component (AddParameter): Name = "Manufacturer"; Value = "YAGEO"; VariantName = "[No Variations]"
Add component (AddParameter): Name = "Package / Case"; Value = "0603"; VariantName = "[No Variations]"
Add component (AddParameter): Name = "Resistance"; Value = "1k"; VariantName = "[No Variations]"
Add component (AddParameter): Name = "Resistance Tolerance"; Value = "1%"; VariantName = "[No Variations]"
Add component (AddParameter): Name = "Supplier"; Value = "LCSC"; VariantName = "[No Variations]"
Add component (AddParameter): Name = "Supplier Part Number"; Value = "C22548"; VariantName = "[No Variations]"
Added Component: Designator=R10(gen0603-2)
Add component. Clean all parameters for all variants
Add component (AddParameter): Name = ".Checked SCH"; Value = ""; VariantName = "[No Variations]"
Add component (AddParameter): Name = "Manufacture Part Number"; Value = "RC0603FR-0710KL"; VariantName = "[No Variations]"
Add component (AddParameter): Name = "Manufacturer"; Value = "YAGEO"; VariantName = "[No Variations]"
Add component (AddParameter): Name = "Package / Case"; Value = "0603"; VariantName = "[No Variations]"
Add component (AddParameter): Name = "Resistance"; Value = "10k"; VariantName = "[No Variations]"
Add component (AddParameter): Name = "Resistance Tolerance"; Value = "1%"; VariantName = "[No Variations]"
Add component (AddParameter): Name = "Supplier"; Value = "LCSC"; VariantName = "[No Variations]"
Add component (AddParameter): Name = "Supplier Part Number"; Value = "C98220"; VariantName = "[No Variations]"
Added Component: Designator=R11(gen0603-2)
Add component. Clean all parameters for all variants
Add component (AddParameter): Name = ".Checked SCH"; Value = ""; VariantName = "[No Variations]"
Add component (AddParameter): Name = "Manufacture Part Number"; Value = "RC0603FR-0710KL"; VariantName = "[No Variations]"
Add component (AddParameter): Name = "Manufacturer"; Value = "YAGEO"; VariantName = "[No Variations]"
Add component (AddParameter): Name = "Package / Case"; Value = "0603"; VariantName = "[No Variations]"
Add component (AddParameter): Name = "Resistance"; Value = "10k"; VariantName = "[No Variations]"
Add component (AddParameter): Name = "Resistance Tolerance"; Value = "1%"; VariantName = "[No Variations]"
Add component (AddParameter): Name = "Supplier"; Value = "LCSC"; VariantName = "[No Variations]"
Add component (AddParameter): Name = "Supplier Part Number"; Value = "C98220"; VariantName = "[No Variations]"
Added Component: Designator=R12(gen0603-2)
Add component. Clean all parameters for all variants
Add component (AddParameter): Name = ".Checked SCH"; Value = ""; VariantName = "[No Variations]"
Add component (AddParameter): Name = "Manufacture Part Number"; Value = "RC0603FR-0710KL"; VariantName = "[No Variations]"
Add component (AddParameter): Name = "Manufacturer"; Value = "YAGEO"; VariantName = "[No Variations]"
Add component (AddParameter): Name = "Package / Case"; Value = "0603"; VariantName = "[No Variations]"
Add component (AddParameter): Name = "Resistance"; Value = "10k"; VariantName = "[No Variations]"
Add component (AddParameter): Name = "Resistance Tolerance"; Value = "1%"; VariantName = "[No Variations]"
Add component (AddParameter): Name = "Supplier"; Value = "LCSC"; VariantName = "[No Variations]"
Add component (AddParameter): Name = "Supplier Part Number"; Value = "C98220"; VariantName = "[No Variations]"
Added Component: Designator=R13(gen0603-2)
Add component. Clean all parameters for all variants
Add component (AddParameter): Name = ".Checked SCH"; Value = ""; VariantName = "[No Variations]"
Add component (AddParameter): Name = "Manufacture Part Number"; Value = "RC0603FR-0710KL"; VariantName = "[No Variations]"
Add component (AddParameter): Name = "Manufacturer"; Value = "YAGEO"; VariantName = "[No Variations]"
Add component (AddParameter): Name = "Package / Case"; Value = "0603"; VariantName = "[No Variations]"
Add component (AddParameter): Name = "Resistance"; Value = "10k"; VariantName = "[No Variations]"
Add component (AddParameter): Name = "Resistance Tolerance"; Value = "1%"; VariantName = "[No Variations]"
Add component (AddParameter): Name = "Supplier"; Value = "LCSC"; VariantName = "[No Variations]"
Add component (AddParameter): Name = "Supplier Part Number"; Value = "C98220"; VariantName = "[No Variations]"
Added Component: Designator=R14(gen0603-2)
Add component. Clean all parameters for all variants
Add component (AddParameter): Name = ".Checked SCH"; Value = ""; VariantName = "[No Variations]"
Add component (AddParameter): Name = "Manufacture Part Number"; Value = "RC0603FR-0710KL"; VariantName = "[No Variations]"
Add component (AddParameter): Name = "Manufacturer"; Value = "YAGEO"; VariantName = "[No Variations]"
Add component (AddParameter): Name = "Package / Case"; Value = "0603"; VariantName = "[No Variations]"
Add component (AddParameter): Name = "Resistance"; Value = "10k"; VariantName = "[No Variations]"
Add component (AddParameter): Name = "Resistance Tolerance"; Value = "1%"; VariantName = "[No Variations]"
Add component (AddParameter): Name = "Supplier"; Value = "LCSC"; VariantName = "[No Variations]"
Add component (AddParameter): Name = "Supplier Part Number"; Value = "C98220"; VariantName = "[No Variations]"
Added Component: Designator=R15(gen0603-2)
Add component. Clean all parameters for all variants
Add component (AddParameter): Name = ".Checked SCH"; Value = ""; VariantName = "[No Variations]"
Add component (AddParameter): Name = "Manufacture Part Number"; Value = "RC0603FR-0710KL"; VariantName = "[No Variations]"
Add component (AddParameter): Name = "Manufacturer"; Value = "YAGEO"; VariantName = "[No Variations]"
Add component (AddParameter): Name = "Package / Case"; Value = "0603"; VariantName = "[No Variations]"
Add component (AddParameter): Name = "Resistance"; Value = "10k"; VariantName = "[No Variations]"
Add component (AddParameter): Name = "Resistance Tolerance"; Value = "1%"; VariantName = "[No Variations]"
Add component (AddParameter): Name = "Supplier"; Value = "LCSC"; VariantName = "[No Variations]"
Add component (AddParameter): Name = "Supplier Part Number"; Value = "C98220"; VariantName = "[No Variations]"
Added Component: Designator=R16(gen0603-2)
Add component. Clean all parameters for all variants
Add component (AddParameter): Name = ".Checked SCH"; Value = ""; VariantName = "[No Variations]"
Add component (AddParameter): Name = "Manufacture Part Number"; Value = "RC0603FR-0710KL"; VariantName = "[No Variations]"
Add component (AddParameter): Name = "Manufacturer"; Value = "YAGEO"; VariantName = "[No Variations]"
Add component (AddParameter): Name = "Package / Case"; Value = "0603"; VariantName = "[No Variations]"
Add component (AddParameter): Name = "Resistance"; Value = "10k"; VariantName = "[No Variations]"
Add component (AddParameter): Name = "Resistance Tolerance"; Value = "1%"; VariantName = "[No Variations]"
Add component (AddParameter): Name = "Supplier"; Value = "LCSC"; VariantName = "[No Variations]"
Add component (AddParameter): Name = "Supplier Part Number"; Value = "C98220"; VariantName = "[No Variations]"
Added Component: Designator=R17(gen0603-2)
Add component. Clean all parameters for all variants
Add component (AddParameter): Name = ".Checked SCH"; Value = ""; VariantName = "[No Variations]"
Add component (AddParameter): Name = "Manufacture Part Number"; Value = "RC0603FR-0710KL"; VariantName = "[No Variations]"
Add component (AddParameter): Name = "Manufacturer"; Value = "YAGEO"; VariantName = "[No Variations]"
Add component (AddParameter): Name = "Package / Case"; Value = "0603"; VariantName = "[No Variations]"
Add component (AddParameter): Name = "Resistance"; Value = "10k"; VariantName = "[No Variations]"
Add component (AddParameter): Name = "Resistance Tolerance"; Value = "1%"; VariantName = "[No Variations]"
Add component (AddParameter): Name = "Supplier"; Value = "LCSC"; VariantName = "[No Variations]"
Add component (AddParameter): Name = "Supplier Part Number"; Value = "C98220"; VariantName = "[No Variations]"
Added Component: Designator=R18(gen0603-2)
Add component. Clean all parameters for all variants
Add component (AddParameter): Name = ".Checked SCH"; Value = ""; VariantName = "[No Variations]"
Add component (AddParameter): Name = "Manufacture Part Number"; Value = "RC0603FR-0710KL"; VariantName = "[No Variations]"
Add component (AddParameter): Name = "Manufacturer"; Value = "YAGEO"; VariantName = "[No Variations]"
Add component (AddParameter): Name = "Package / Case"; Value = "0603"; VariantName = "[No Variations]"
Add component (AddParameter): Name = "Resistance"; Value = "10k"; VariantName = "[No Variations]"
Add component (AddParameter): Name = "Resistance Tolerance"; Value = "1%"; VariantName = "[No Variations]"
Add component (AddParameter): Name = "Supplier"; Value = "LCSC"; VariantName = "[No Variations]"
Add component (AddParameter): Name = "Supplier Part Number"; Value = "C98220"; VariantName = "[No Variations]"
Added Component: Designator=R19(gen0603-2)
Add component. Clean all parameters for all variants
Add component (AddParameter): Name = ".Checked SCH"; Value = ""; VariantName = "[No Variations]"
Add component (AddParameter): Name = "Manufacture Part Number"; Value = "RC0603FR-0710KL"; VariantName = "[No Variations]"
Add component (AddParameter): Name = "Manufacturer"; Value = "YAGEO"; VariantName = "[No Variations]"
Add component (AddParameter): Name = "Package / Case"; Value = "0603"; VariantName = "[No Variations]"
Add component (AddParameter): Name = "Resistance"; Value = "10k"; VariantName = "[No Variations]"
Add component (AddParameter): Name = "Resistance Tolerance"; Value = "1%"; VariantName = "[No Variations]"
Add component (AddParameter): Name = "Supplier"; Value = "LCSC"; VariantName = "[No Variations]"
Add component (AddParameter): Name = "Supplier Part Number"; Value = "C98220"; VariantName = "[No Variations]"
Added Component: Designator=R20(gen0603-2)
Add component. Clean all parameters for all variants
Add component (AddParameter): Name = ".Checked SCH"; Value = ""; VariantName = "[No Variations]"
Add component (AddParameter): Name = "Manufacture Part Number"; Value = "RC0603FR-0710KL"; VariantName = "[No Variations]"
Add component (AddParameter): Name = "Manufacturer"; Value = "YAGEO"; VariantName = "[No Variations]"
Add component (AddParameter): Name = "Package / Case"; Value = "0603"; VariantName = "[No Variations]"
Add component (AddParameter): Name = "Resistance"; Value = "10k"; VariantName = "[No Variations]"
Add component (AddParameter): Name = "Resistance Tolerance"; Value = "1%"; VariantName = "[No Variations]"
Add component (AddParameter): Name = "Supplier"; Value = "LCSC"; VariantName = "[No Variations]"
Add component (AddParameter): Name = "Supplier Part Number"; Value = "C98220"; VariantName = "[No Variations]"
Added Component: Designator=R21(gen0603-2)
Add component. Clean all parameters for all variants
Add component (AddParameter): Name = ".Checked SCH"; Value = ""; VariantName = "[No Variations]"
Add component (AddParameter): Name = "Manufacture Part Number"; Value = "RC0603FR-0710KL"; VariantName = "[No Variations]"
Add component (AddParameter): Name = "Manufacturer"; Value = "YAGEO"; VariantName = "[No Variations]"
Add component (AddParameter): Name = "Package / Case"; Value = "0603"; VariantName = "[No Variations]"
Add component (AddParameter): Name = "Resistance"; Value = "10k"; VariantName = "[No Variations]"
Add component (AddParameter): Name = "Resistance Tolerance"; Value = "1%"; VariantName = "[No Variations]"
Add component (AddParameter): Name = "Supplier"; Value = "LCSC"; VariantName = "[No Variations]"
Add component (AddParameter): Name = "Supplier Part Number"; Value = "C98220"; VariantName = "[No Variations]"
Added Component: Designator=U6(SOIC-16_L9.9-W3.9-P1.27-LS6.0-BL)
Add component. Clean all parameters for all variants
Add component (AddParameter): Name = "BOM_LCSC Assembly"; Value = "Yes"; VariantName = "[No Variations]"
Add component (AddParameter): Name = "BOM_Manufacturer"; Value = "TI"; VariantName = "[No Variations]"
Add component (AddParameter): Name = "BOM_Manufacturer Part"; Value = "ULN2003ADR"; VariantName = "[No Variations]"
Add component (AddParameter): Name = "BOM_Supplier"; Value = "LCSC"; VariantName = "[No Variations]"
Add component (AddParameter): Name = "BOM_Supplier Part"; Value = "C7512"; VariantName = "[No Variations]"
Add component (AddParameter): Name = "image"; Value = "//image.lceda.cn/szlcsc/C7512.jpg"; VariantName = "[No Variations]"
Add component (AddParameter): Name = "SMT Type"; Value = "Basic"; VariantName = "[No Variations]"
Add component (AddParameter): Name = "spicePre"; Value = "X"; VariantName = "[No Variations]"
Add component (AddParameter): Name = "spiceSymbolName"; Value = "ULN2003ADR"; VariantName = "[No Variations]"
Added Component: Designator=U7(SOIC-16_L9.9-W3.9-P1.27-LS6.0-BL)
Add component. Clean all parameters for all variants
Add component (AddParameter): Name = "BOM_LCSC Assembly"; Value = "Yes"; VariantName = "[No Variations]"
Add component (AddParameter): Name = "BOM_Manufacturer"; Value = "TI"; VariantName = "[No Variations]"
Add component (AddParameter): Name = "BOM_Manufacturer Part"; Value = "ULN2003ADR"; VariantName = "[No Variations]"
Add component (AddParameter): Name = "BOM_Supplier"; Value = "LCSC"; VariantName = "[No Variations]"
Add component (AddParameter): Name = "BOM_Supplier Part"; Value = "C7512"; VariantName = "[No Variations]"
Add component (AddParameter): Name = "image"; Value = "//image.lceda.cn/szlcsc/C7512.jpg"; VariantName = "[No Variations]"
Add component (AddParameter): Name = "SMT Type"; Value = "Basic"; VariantName = "[No Variations]"
Add component (AddParameter): Name = "spicePre"; Value = "X"; VariantName = "[No Variations]"
Add component (AddParameter): Name = "spiceSymbolName"; Value = "ULN2003ADR"; VariantName = "[No Variations]"
Added Component: Designator=U8(SOT-223-3_L6.5-W3.4-P2.30-LS7.0-BR)
Add component. Clean all parameters for all variants
Add component (AddParameter): Name = "BOM_LCSC Assembly"; Value = "Yes"; VariantName = "[No Variations]"
Add component (AddParameter): Name = "BOM_Manufacturer"; Value = "DIODES"; VariantName = "[No Variations]"
Add component (AddParameter): Name = "BOM_Manufacturer Part"; Value = "AZ1117CH-3.3TRG1"; VariantName = "[No Variations]"
Add component (AddParameter): Name = "BOM_Supplier"; Value = "LCSC"; VariantName = "[No Variations]"
Add component (AddParameter): Name = "BOM_Supplier Part"; Value = "C92102"; VariantName = "[No Variations]"
Add component (AddParameter): Name = "SMT Type"; Value = "Extend"; VariantName = "[No Variations]"
Add component (AddParameter): Name = "spicePre"; Value = "U"; VariantName = "[No Variations]"
Add component (AddParameter): Name = "spiceSymbolName"; Value = "AZ1117CH-3.3TRG1"; VariantName = "[No Variations]"
Added Pin To Net: NetName=GND Pin=C7-1
Added Pin To Net: NetName=GND Pin=C8-1
Added Pin To Net: NetName=+5V Pin=C8-2
Added Pin To Net: NetName=+20V Pin=C9-1
Added Pin To Net: NetName=GND Pin=C9-2
Added Pin To Net: NetName=GND Pin=C10-1
Added Pin To Net: NetName=+20V Pin=C10-2
Added Pin To Net: NetName=+20V Pin=C11-1
Added Pin To Net: NetName=GND Pin=C11-2
Added Pin To Net: NetName=GND Pin=C12-1
Added Pin To Net: NetName=+20V Pin=C12-2
Added Pin To Net: NetName=+20V Pin=C13-1
Added Pin To Net: NetName=GND Pin=C13-2
Added Pin To Net: NetName=GND Pin=C14-1
Added Pin To Net: NetName=+20V Pin=C14-2
Added Pin To Net: NetName=GND Pin=R7-1
Added Pin To Net: NetName=GND Pin=R8-1
Added Pin To Net: NetName=GND Pin=R9-1
Added Pin To Net: NetName=MUXEN2 Pin=R10-1
Added Pin To Net: NetName=+20V Pin=R10-2
Added Pin To Net: NetName=MUXA2 Pin=R11-1
Added Pin To Net: NetName=+20V Pin=R11-2
Added Pin To Net: NetName=MUXB2 Pin=R12-1
Added Pin To Net: NetName=+20V Pin=R12-2
Added Pin To Net: NetName=MUXB3 Pin=R13-1
Added Pin To Net: NetName=+20V Pin=R13-2
Added Pin To Net: NetName=MUXA3 Pin=R14-1
Added Pin To Net: NetName=+20V Pin=R14-2
Added Pin To Net: NetName=MUXEN3 Pin=R15-1
Added Pin To Net: NetName=+20V Pin=R15-2
Added Pin To Net: NetName=MUXC1 Pin=R16-1
Added Pin To Net: NetName=+20V Pin=R16-2
Added Pin To Net: NetName=MUXB1 Pin=R17-1
Added Pin To Net: NetName=+20V Pin=R17-2
Added Pin To Net: NetName=MUXA1 Pin=R18-1
Added Pin To Net: NetName=+20V Pin=R18-2
Added Pin To Net: NetName=MUXEN1 Pin=R19-1
Added Pin To Net: NetName=+20V Pin=R19-2
Added Pin To Net: NetName=MUXC2 Pin=R20-1
Added Pin To Net: NetName=+20V Pin=R20-2
Added Pin To Net: NetName=MUXC3 Pin=R21-1
Added Pin To Net: NetName=+20V Pin=R21-2
Added Pin To Net: NetName=GND Pin=U6-8
Added Pin To Net: NetName=+20V Pin=U6-9
Added Pin To Net: NetName=MUXA3 Pin=U6-10
Added Pin To Net: NetName=MUXB3 Pin=U6-11
Added Pin To Net: NetName=MUXB2 Pin=U6-12
Added Pin To Net: NetName=MUXA2 Pin=U6-13
Added Pin To Net: NetName=MUXEN2 Pin=U6-14
Added Pin To Net: NetName=GND Pin=U7-8
Added Pin To Net: NetName=+20V Pin=U7-9
Added Pin To Net: NetName=MUXC3 Pin=U7-10
Added Pin To Net: NetName=MUXC2 Pin=U7-11
Added Pin To Net: NetName=MUXEN1 Pin=U7-12
Added Pin To Net: NetName=MUXA1 Pin=U7-13
Added Pin To Net: NetName=MUXB1 Pin=U7-14
Added Pin To Net: NetName=MUXC1 Pin=U7-15
Added Pin To Net: NetName=MUXEN3 Pin=U7-16
Added Pin To Net: NetName=GND Pin=U8-1
Added Pin To Net: NetName=+5V Pin=U8-2
Added Pin To Net: NetName=+5V Pin=U8-4
Change Net Name : Old Net Name=+5V New Net Name=+3.3V
Added Pin To Net: NetName=+5V Pin=C7-2
Added Pin To Net: NetName=+5V Pin=J4-2
Added Pin To Net: NetName=+5V Pin=U8-3
Added Net: Name=+5V
Added Pin To Net: NetName=NetD2_1 Pin=D2-1
Added Pin To Net: NetName=NetD2_1 Pin=DD2-7
Added Net: Name=NetD2_1
Added Pin To Net: NetName=NetD2_2 Pin=D2-2
Added Pin To Net: NetName=NetD2_2 Pin=R7-2
Added Net: Name=NetD2_2
Added Pin To Net: NetName=NetD3_1 Pin=D3-1
Added Pin To Net: NetName=NetD3_1 Pin=DD2-6
Added Net: Name=NetD3_1
Added Pin To Net: NetName=NetD3_2 Pin=D3-2
Added Pin To Net: NetName=NetD3_2 Pin=R8-2
Added Net: Name=NetD3_2
Added Pin To Net: NetName=NetD4_1 Pin=D4-1
Added Pin To Net: NetName=NetD4_1 Pin=DD2-5
Added Net: Name=NetD4_1
Added Pin To Net: NetName=NetD4_2 Pin=D4-2
Added Pin To Net: NetName=NetD4_2 Pin=R9-2
Added Net: Name=NetD4_2
Added Pin To Net: NetName=NetDD2_1 Pin=DD2-1
Added Pin To Net: NetName=NetDD2_1 Pin=U6-6
Added Net: Name=NetDD2_1
Added Pin To Net: NetName=NetDD2_2 Pin=DD2-2
Added Pin To Net: NetName=NetDD2_2 Pin=U6-5
Added Net: Name=NetDD2_2
Added Pin To Net: NetName=NetDD2_3 Pin=DD2-3
Added Pin To Net: NetName=NetDD2_3 Pin=U6-4
Added Net: Name=NetDD2_3
Added Pin To Net: NetName=NetDD2_4 Pin=DD2-4
Added Pin To Net: NetName=NetDD2_4 Pin=U6-3
Added Net: Name=NetDD2_4
Added Pin To Net: NetName=NetDD2_15 Pin=DD2-15
Added Pin To Net: NetName=NetDD2_15 Pin=U6-7
Added Net: Name=NetDD2_15
Added Pin To Net: NetName=NetDD3_1 Pin=DD3-1
Added Pin To Net: NetName=NetDD3_1 Pin=U7-6
Added Net: Name=NetDD3_1
Added Pin To Net: NetName=NetDD3_2 Pin=DD3-2
Added Pin To Net: NetName=NetDD3_2 Pin=U7-5
Added Net: Name=NetDD3_2
Added Pin To Net: NetName=NetDD3_3 Pin=DD3-3
Added Pin To Net: NetName=NetDD3_3 Pin=U7-4
Added Net: Name=NetDD3_3
Added Pin To Net: NetName=NetDD3_4 Pin=DD3-4
Added Pin To Net: NetName=NetDD3_4 Pin=U7-3
Added Net: Name=NetDD3_4
Added Pin To Net: NetName=NetDD3_5 Pin=DD3-5
Added Pin To Net: NetName=NetDD3_5 Pin=U7-2
Added Net: Name=NetDD3_5
Added Pin To Net: NetName=NetDD3_6 Pin=DD3-6
Added Pin To Net: NetName=NetDD3_6 Pin=U7-1
Added Net: Name=NetDD3_6
Added Pin To Net: NetName=NetDD3_15 Pin=DD3-15
Added Pin To Net: NetName=NetDD3_15 Pin=U7-7
Added Net: Name=NetDD3_15
Added Member To Class: ClassName=Switch Matrix Member=Component C7 10uF
Added Member To Class: ClassName=Switch Matrix Member=Component C8 22uF
Added Member To Class: ClassName=Switch Matrix Member=Component C9 100nF
Added Member To Class: ClassName=Switch Matrix Member=Component C10 10uF
Added Member To Class: ClassName=Switch Matrix Member=Component C11 100nF
Added Member To Class: ClassName=Switch Matrix Member=Component C12 10uF
Added Member To Class: ClassName=Switch Matrix Member=Component C13 100nF
Added Member To Class: ClassName=Switch Matrix Member=Component C14 10uF
Added Member To Class: ClassName=Switch Matrix Member=Component D2 Green
Added Member To Class: ClassName=Switch Matrix Member=Component D3 Green
Added Member To Class: ClassName=Switch Matrix Member=Component D4 Green
Added Member To Class: ClassName=Switch Matrix Member=Component R7 1k
Added Member To Class: ClassName=Switch Matrix Member=Component R8 1k
Added Member To Class: ClassName=Switch Matrix Member=Component R9 1k
Added Member To Class: ClassName=Switch Matrix Member=Component R10 10k
Added Member To Class: ClassName=Switch Matrix Member=Component R11 10k
Added Member To Class: ClassName=Switch Matrix Member=Component R12 10k
Added Member To Class: ClassName=Switch Matrix Member=Component R13 10k
Added Member To Class: ClassName=Switch Matrix Member=Component R14 10k
Added Member To Class: ClassName=Switch Matrix Member=Component R15 10k
Added Member To Class: ClassName=Switch Matrix Member=Component R16 10k
Added Member To Class: ClassName=Switch Matrix Member=Component R17 10k
Added Member To Class: ClassName=Switch Matrix Member=Component R18 10k
Added Member To Class: ClassName=Switch Matrix Member=Component R19 10k
Added Member To Class: ClassName=Switch Matrix Member=Component R20 10k
Added Member To Class: ClassName=Switch Matrix Member=Component R21 10k
Added Member To Class: ClassName=Switch Matrix Member=Component U6 ULN2003ADR
Added Member To Class: ClassName=Switch Matrix Member=Component U7 ULN2003ADR
Added Member To Class: ClassName=Switch Matrix Member=Component U8 AZ1117CH-3.3TRG1
