Removed Pin From Net: NetName=NetDD2_4 Pin=U6-3
Removed Pin From Net: NetName=NetDD2_3 Pin=U6-4
Removed Pin From Net: NetName=NetDD2_2 Pin=U6-5
Removed Pin From Net: NetName=NetDD2_1 Pin=U6-6
Removed Pin From Net: NetName=NetDD2_15 Pin=U6-7
Removed Pin From Net: NetName=MUXA3 Pin=U6-10
Removed Pin From Net: NetName=MUXB3 Pin=U6-11
Removed Pin From Net: NetName=MUXB2 Pin=U6-12
Removed Pin From Net: NetName=MUXA2 Pin=U6-13
Removed Pin From Net: NetName=MUXEN2 Pin=U6-14
Added Pin To Net: NetName=NetDD2_4 Pin=U6-1
Added Pin To Net: NetName=NetDD2_3 Pin=U6-2
Added Pin To Net: NetName=NetDD2_2 Pin=U6-3
Added Pin To Net: NetName=NetDD2_1 Pin=U6-4
Added Pin To Net: NetName=NetDD2_15 Pin=U6-5
Added Pin To Net: NetName=MUXA3 Pin=U6-12
Added Pin To Net: NetName=MUXB3 Pin=U6-13
Added Pin To Net: NetName=MUXB2 Pin=U6-14
Added Pin To Net: NetName=MUXA2 Pin=U6-15
Added Pin To Net: NetName=MUXEN2 Pin=U6-16
