Replace Part C2 CMP-2f55e5122ad9f092-5 in C:\Users\Nalith\Google Drive\Altium Projects\DC Switch Matrix\Switch Matrix.SchDoc with CMP-2f55e5122ad9f092-5 from DC Switch Matrix.IntLib
Replace Part C3 CMP-2f55e5122ad9f092-5 in C:\Users\Nalith\Google Drive\Altium Projects\DC Switch Matrix\Switch Matrix.SchDoc with CMP-2f55e5122ad9f092-5 from DC Switch Matrix.IntLib
Replace Part C7 10uF in C:\Users\Nalith\Google Drive\Altium Projects\DC Switch Matrix\Switch Matrix.SchDoc with 10uF from Components.IntLib
Replace Part C8 22uF in C:\Users\Nalith\Google Drive\Altium Projects\DC Switch Matrix\Switch Matrix.SchDoc with 22uF from Components.IntLib
Replace Part C9 100nF in C:\Users\Nalith\Google Drive\Altium Projects\DC Switch Matrix\Switch Matrix.SchDoc with 100nF from Components.IntLib
Replace Part C10 10uF in C:\Users\Nalith\Google Drive\Altium Projects\DC Switch Matrix\Switch Matrix.SchDoc with 10uF from Components.IntLib
Replace Part C11 100nF in C:\Users\Nalith\Google Drive\Altium Projects\DC Switch Matrix\Switch Matrix.SchDoc with 100nF from Components.IntLib
Replace Part C12 10uF in C:\Users\Nalith\Google Drive\Altium Projects\DC Switch Matrix\Switch Matrix.SchDoc with 10uF from Components.IntLib
Replace Part C13 100nF in C:\Users\Nalith\Google Drive\Altium Projects\DC Switch Matrix\Switch Matrix.SchDoc with 100nF from Components.IntLib
Replace Part C14 10uF in C:\Users\Nalith\Google Drive\Altium Projects\DC Switch Matrix\Switch Matrix.SchDoc with 10uF from Components.IntLib
Replace Part D2 LED in C:\Users\Nalith\Google Drive\Altium Projects\DC Switch Matrix\Switch Matrix.SchDoc with LED from Celestial Altium Library - altium_library.DbLib
Replace Part D3 LED in C:\Users\Nalith\Google Drive\Altium Projects\DC Switch Matrix\Switch Matrix.SchDoc with LED from Celestial Altium Library - altium_library.DbLib
Replace Part D4 LED in C:\Users\Nalith\Google Drive\Altium Projects\DC Switch Matrix\Switch Matrix.SchDoc with LED from Celestial Altium Library - altium_library.DbLib
Replace Part DD2 CMP-ded317d957220114-5 in C:\Users\Nalith\Google Drive\Altium Projects\DC Switch Matrix\Switch Matrix.SchDoc with CMP-ded317d957220114-5 from DC Switch Matrix.IntLib
Replace Part DD3 CMP-ded317d957220114-5 in C:\Users\Nalith\Google Drive\Altium Projects\DC Switch Matrix\Switch Matrix.SchDoc with CMP-ded317d957220114-5 from DC Switch Matrix.IntLib
Replace Part J1 CMP-7ad9b3d37ed8a51e-5 in C:\Users\Nalith\Google Drive\Altium Projects\DC Switch Matrix\Switch Matrix.SchDoc with CMP-7ad9b3d37ed8a51e-5 from DC Switch Matrix.IntLib
Replace Part J2 CMP-7ad9b3d37ed8a51e-5 in C:\Users\Nalith\Google Drive\Altium Projects\DC Switch Matrix\Switch Matrix.SchDoc with CMP-7ad9b3d37ed8a51e-5 from DC Switch Matrix.IntLib
Replace Part J3 CMP-7ad9b3d37ed8a51e-5 in C:\Users\Nalith\Google Drive\Altium Projects\DC Switch Matrix\Switch Matrix.SchDoc with CMP-7ad9b3d37ed8a51e-5 from DC Switch Matrix.IntLib
Replace Part J4 CMP-7ad9b3d37ed8a51e-5 in C:\Users\Nalith\Google Drive\Altium Projects\DC Switch Matrix\Switch Matrix.SchDoc with CMP-7ad9b3d37ed8a51e-5 from DC Switch Matrix.IntLib
Replace Part J5 CMP-7ad9b3d37ed8a51e-5 in C:\Users\Nalith\Google Drive\Altium Projects\DC Switch Matrix\Switch Matrix.SchDoc with CMP-7ad9b3d37ed8a51e-5 from DC Switch Matrix.IntLib
Replace Part J6 CMP-239aeae271c2fc5d-12 in C:\Users\Nalith\Google Drive\Altium Projects\DC Switch Matrix\Switch Matrix.SchDoc with CMP-239aeae271c2fc5d-12 from DC Switch Matrix.IntLib
Replace Part J7 CMP-656568-19 in C:\Users\Nalith\Google Drive\Altium Projects\DC Switch Matrix\Switch Matrix.SchDoc with CMP-656568-19 from DC Switch Matrix.IntLib
Replace Part J8 CMP-324efb47dcc6ed89-6 in C:\Users\Nalith\Google Drive\Altium Projects\DC Switch Matrix\Switch Matrix.SchDoc with CMP-324efb47dcc6ed89-6 from DC Switch Matrix.IntLib
Replace Part J9 CMP-324efb47dcc6ed89-6 in C:\Users\Nalith\Google Drive\Altium Projects\DC Switch Matrix\Switch Matrix.SchDoc with CMP-324efb47dcc6ed89-6 from DC Switch Matrix.IntLib
Replace Part R7 CMP-1853278-27 in C:\Users\Nalith\Google Drive\Altium Projects\DC Switch Matrix\Switch Matrix.SchDoc with CMP-1853278-27 from DC Switch Matrix.IntLib
Replace Part R8 CMP-1853278-27 in C:\Users\Nalith\Google Drive\Altium Projects\DC Switch Matrix\Switch Matrix.SchDoc with CMP-1853278-27 from DC Switch Matrix.IntLib
Replace Part R9 CMP-1853278-27 in C:\Users\Nalith\Google Drive\Altium Projects\DC Switch Matrix\Switch Matrix.SchDoc with CMP-1853278-27 from DC Switch Matrix.IntLib
Replace Part R10 CMP-1853278-27 in C:\Users\Nalith\Google Drive\Altium Projects\DC Switch Matrix\Switch Matrix.SchDoc with CMP-1853278-27 from DC Switch Matrix.IntLib
Replace Part R11 CMP-1853278-27 in C:\Users\Nalith\Google Drive\Altium Projects\DC Switch Matrix\Switch Matrix.SchDoc with CMP-1853278-27 from DC Switch Matrix.IntLib
Replace Part R12 CMP-1853278-27 in C:\Users\Nalith\Google Drive\Altium Projects\DC Switch Matrix\Switch Matrix.SchDoc with CMP-1853278-27 from DC Switch Matrix.IntLib
Replace Part R13 CMP-1853278-27 in C:\Users\Nalith\Google Drive\Altium Projects\DC Switch Matrix\Switch Matrix.SchDoc with CMP-1853278-27 from DC Switch Matrix.IntLib
Replace Part R14 CMP-1853278-27 in C:\Users\Nalith\Google Drive\Altium Projects\DC Switch Matrix\Switch Matrix.SchDoc with CMP-1853278-27 from DC Switch Matrix.IntLib
Replace Part R15 CMP-1853278-27 in C:\Users\Nalith\Google Drive\Altium Projects\DC Switch Matrix\Switch Matrix.SchDoc with CMP-1853278-27 from DC Switch Matrix.IntLib
Replace Part R16 CMP-1853278-27 in C:\Users\Nalith\Google Drive\Altium Projects\DC Switch Matrix\Switch Matrix.SchDoc with CMP-1853278-27 from DC Switch Matrix.IntLib
Replace Part R17 CMP-1853278-27 in C:\Users\Nalith\Google Drive\Altium Projects\DC Switch Matrix\Switch Matrix.SchDoc with CMP-1853278-27 from DC Switch Matrix.IntLib
Replace Part R18 CMP-1853278-27 in C:\Users\Nalith\Google Drive\Altium Projects\DC Switch Matrix\Switch Matrix.SchDoc with CMP-1853278-27 from DC Switch Matrix.IntLib
Replace Part R19 CMP-1853278-27 in C:\Users\Nalith\Google Drive\Altium Projects\DC Switch Matrix\Switch Matrix.SchDoc with CMP-1853278-27 from DC Switch Matrix.IntLib
Replace Part R20 CMP-1853278-27 in C:\Users\Nalith\Google Drive\Altium Projects\DC Switch Matrix\Switch Matrix.SchDoc with CMP-1853278-27 from DC Switch Matrix.IntLib
Replace Part R21 CMP-1853278-27 in C:\Users\Nalith\Google Drive\Altium Projects\DC Switch Matrix\Switch Matrix.SchDoc with CMP-1853278-27 from DC Switch Matrix.IntLib
Replace Part U6 ULN2003ADR in C:\Users\Nalith\Google Drive\Altium Projects\DC Switch Matrix\Switch Matrix.SchDoc with ULN2003ADR from Components.IntLib
Replace Part U7 ULN2003ADR in C:\Users\Nalith\Google Drive\Altium Projects\DC Switch Matrix\Switch Matrix.SchDoc with ULN2003ADR from Components.IntLib
Replace Part U8 AZ1117CH-3.3TRG1 in C:\Users\Nalith\Google Drive\Altium Projects\DC Switch Matrix\Switch Matrix.SchDoc with AZ1117CH-3.3TRG1 from Components.IntLib
