Removed Parameter Contact Material:Brass from Part J8
Removed Parameter Contact Material:Brass from Part J9
Removed Parameter Contact Plating:Tin from Part J8
Removed Parameter Contact Plating:Tin from Part J9
Removed Parameter Gender:Male from Part J8
Removed Parameter Gender:Male from Part J9
Removed Parameter Housing Color:Natural from Part J8
Removed Parameter Housing Color:Natural from Part J9
Removed Parameter Housing Material:Nylon from Part J8
Removed Parameter Housing Material:Nylon from Part J9
Removed Parameter Insulation Resistance:1.00 GO from Part J8
Removed Parameter Insulation Resistance:1.00 GO from Part J9
Removed Parameter Lead-Free Status:Lead Free from Part J8
Removed Parameter Lead-Free Status:Lead Free from Part J9
Removed Parameter Manufacturer Part Number:B4PS-VH(LF)(SN) from Part J8
Removed Parameter Manufacturer Part Number:B4PS-VH(LF)(SN) from Part J9
Removed Parameter Mounting Style:Through Hole from Part J8
Removed Parameter Mounting Style:Through Hole from Part J9
Removed Parameter Number of Contacts:4 from Part J8
Removed Parameter Number of Contacts:4 from Part J9
Removed Parameter Number of Positions:4 from Part J8
Removed Parameter Number of Positions:4 from Part J9
Removed Parameter Number of Rows:1 from Part J8
Removed Parameter Number of Rows:1 from Part J9
Removed Parameter Octopart URL:https://octopart.com/b4ps-vh%28lf%29%28sn%29-jst-248814 from Part J8
Removed Parameter Octopart URL:https://octopart.com/b4ps-vh%28lf%29%28sn%29-jst-248814 from Part J9
Removed Parameter Operating Temperature:85.0 °C (max) from Part J8
Removed Parameter Operating Temperature:85.0 °C (max) from Part J9
Removed Parameter Packaging:Bulk from Part J8
Removed Parameter Packaging:Bulk from Part J9
Removed Parameter REACH SVHC Compliance:No SVHC from Part J8
Removed Parameter REACH SVHC Compliance:No SVHC from Part J9
Removed Parameter RoHS:Compliant from Part J8
Removed Parameter RoHS:Compliant from Part J9
Removed Parameter Size-Height:8.50 mm from Part J8
Removed Parameter Size-Height:8.50 mm from Part J9
Removed Parameter Size-Length:15.8 mm from Part J8
Removed Parameter Size-Length:15.8 mm from Part J9
Added Parameter Manufacture Part Number=B8PS-VH(LF)(SN) to Part J8
Added Parameter Manufacture Part Number=B8PS-VH(LF)(SN) to Part J9
Added Parameter Manufacturer=JST Sales America to Part J8
Added Parameter Manufacturer=JST Sales America to Part J9
Added Parameter Supplier=LCSC to Part J8
Added Parameter Supplier=LCSC to Part J9
Added Parameter Supplier Part Number=C157970 to Part J8
Added Parameter Supplier Part Number=C157970 to Part J9
