Added Net: Name=+3.3V
Added Net: Name=+5V
Added Net: Name=1_to_2
Added Net: Name=2_to_3
Added Net: Name=3_to_4
Added Net: Name=A0
Added Net: Name=A1
Added Net: Name=A2
Added Net: Name=A3
Added Net: Name=A4
Added Net: Name=A5
Added Net: Name=A6
Added Net: Name=A7
Added Net: Name=B0
Added Net: Name=B1
Added Net: Name=B2
Added Net: Name=BUZZER
Added Net: Name=C0
Added Net: Name=C1
Added Net: Name=C2
Added Net: Name=C3
Added Net: Name=C4
Added Net: Name=C5
Added Net: Name=CANH
Added Net: Name=CANL
Added Net: Name=CANRX
Added Net: Name=CANTX
Added Net: Name=CLK0
Added Net: Name=CLK_0
Added Net: Name=CLK_1
Added Net: Name=CLK_2
Added Net: Name=CLK_3
Added Net: Name=CLKBUF_EN
Added Net: Name=DAC_OUT1
Added Net: Name=DAC_OUT2
Added Net: Name=DAC_OUT3
Added Net: Name=DAC_OUT4
Added Net: Name=DIN
Added Net: Name=DOUT
Added Net: Name=F7
Added Net: Name=F8
Added Net: Name=F9
Added Net: Name=F10
Added Net: Name=F11
Added Net: Name=F12
Added Net: Name=F13
Added Net: Name=GND
Added Net: Name=LDAC
Added Net: Name=LED1
Added Net: Name=LED2
Added Net: Name=LED3
Added Net: Name=LED4
Added Net: Name=LED5
Added Net: Name=LED6
Added Net: Name=LED7
Added Net: Name=LED8
Added Net: Name=NetBUZZER1_2
Added Net: Name=NetCN2_1
Added Net: Name=NetCN2_2
Added Net: Name=NetCN2_3
Added Net: Name=NetH1_1
Added Net: Name=NetH2_1
Added Net: Name=NetH3_1
Added Net: Name=NetH4_1
Added Net: Name=NetLED1_2
Added Net: Name=NetLED2_2
Added Net: Name=NetLED3_2
Added Net: Name=NetLED4_2
Added Net: Name=NetLED5_2
Added Net: Name=NetLED6_2
Added Net: Name=NetLED7_2
Added Net: Name=NetLED8_2
Added Net: Name=NetQ1_1
Added Net: Name=NetR11_1
Added Net: Name=NetR18_1
Added Net: Name=NetR20_1
Added Net: Name=NetR22_1
Added Net: Name=NetR23_2
Added Net: Name=OE
Added Net: Name=RESET1
Added Net: Name=RST
Added Net: Name=RX_U2S
Added Net: Name=SCL1
Added Net: Name=SCL2
Added Net: Name=SCL_U2S
Added Net: Name=SDA1
Added Net: Name=SDA2
Added Net: Name=SDA_U2S
Added Net: Name=SHCP
Added Net: Name=SPI3_CLK
Added Net: Name=SPI3_MISO
Added Net: Name=SPI3_MOSI
Added Net: Name=STCP
Added Net: Name=SW1
Added Net: Name=SW2
Added Net: Name=SW3
Added Net: Name=SW4
Added Net: Name=TX_U2S
Added Net: Name=U2S_D+
Added Net: Name=U2S_D-
Added Net: Name=UART1_RX
Added Net: Name=UART1_TX
Added Net: Name=USB_D+
Added Net: Name=USB_D-
Added Net: Name=XA
Added Net: Name=XB
Added Class: Name=Sheet1
