Removed Pin From Net: NetName=C3 Pin=CN5-8
Removed Pin From Net: NetName=F8 Pin=CN6-2
Removed Pin From Net: NetName=F9 Pin=CN6-3
Removed Pin From Net: NetName=C3 Pin=CN6-8
Removed Pin From Net: NetName=F8 Pin=CN13-2
Removed Pin From Net: NetName=F9 Pin=CN13-3
Removed Pin From Net: NetName=C3 Pin=CN13-8
Removed Pin From Net: NetName=C0 Pin=CN15-4
Removed Pin From Net: NetName=F10 Pin=CN15-5
Removed Pin From Net: NetName=C2 Pin=CN15-6
Removed Pin From Net: NetName=C1 Pin=CN15-7
Removed Pin From Net: NetName=F10 Pin=U6-27
Removed Pin From Net: NetName=C0 Pin=U6-28
Removed Pin From Net: NetName=C1 Pin=U6-29
Removed Pin From Net: NetName=C2 Pin=U6-30
Added Pin To Net: NetName=A0 Pin=CN5-8
Added Pin To Net: NetName=F9 Pin=CN6-2
Added Pin To Net: NetName=F8 Pin=CN6-3
Added Pin To Net: NetName=A0 Pin=CN6-8
Added Pin To Net: NetName=F9 Pin=CN13-2
Added Pin To Net: NetName=F8 Pin=CN13-3
Added Pin To Net: NetName=A0 Pin=CN13-8
Added Pin To Net: NetName=F10 Pin=CN15-4
Added Pin To Net: NetName=C0 Pin=CN15-5
Added Pin To Net: NetName=C1 Pin=CN15-6
Added Pin To Net: NetName=C2 Pin=CN15-7
Added Pin To Net: NetName=C0 Pin=U6-27
Added Pin To Net: NetName=F10 Pin=U6-28
Added Pin To Net: NetName=C2 Pin=U6-29
Added Pin To Net: NetName=C1 Pin=U6-30
Change Net Name : Old Net Name=C0 New Net Name=F10
Change Net Name : Old Net Name=C1 New Net Name=C2
Change Net Name : Old Net Name=C2 New Net Name=C1
Change Net Name : Old Net Name=F10 New Net Name=C0
