Replace Part BUZZER1 HNB09A03 in C:\Users\Nalith\Google Drive\Altium Projects\MainMCU\Main_MCU\Sheet1.SchDoc with HNB09A03 from Main_MCU.IntLib
Replace Part C1 1uF in C:\Users\Nalith\Google Drive\Altium Projects\MainMCU\Main_MCU\Sheet1.SchDoc with 1uF from Main_MCU.IntLib
Replace Part C2 1uF in C:\Users\Nalith\Google Drive\Altium Projects\MainMCU\Main_MCU\Sheet1.SchDoc with 1uF from Main_MCU.IntLib
Replace Part C3 1uF in C:\Users\Nalith\Google Drive\Altium Projects\MainMCU\Main_MCU\Sheet1.SchDoc with 1uF from Main_MCU.IntLib
Replace Part C4 1uF in C:\Users\Nalith\Google Drive\Altium Projects\MainMCU\Main_MCU\Sheet1.SchDoc with 1uF from Main_MCU.IntLib
Replace Part C5 100nF in C:\Users\Nalith\Google Drive\Altium Projects\MainMCU\Main_MCU\Sheet1.SchDoc with 100nF from Main_MCU.IntLib
Replace Part C6 100nF in C:\Users\Nalith\Google Drive\Altium Projects\MainMCU\Main_MCU\Sheet1.SchDoc with 100nF from Main_MCU.IntLib
Replace Part C7 100nF in C:\Users\Nalith\Google Drive\Altium Projects\MainMCU\Main_MCU\Sheet1.SchDoc with 100nF from Main_MCU.IntLib
Replace Part C8 1uF in C:\Users\Nalith\Google Drive\Altium Projects\MainMCU\Main_MCU\Sheet1.SchDoc with 1uF from Main_MCU.IntLib
Replace Part C9 100nF in C:\Users\Nalith\Google Drive\Altium Projects\MainMCU\Main_MCU\Sheet1.SchDoc with 100nF from Main_MCU.IntLib
Replace Part C10 10uF in C:\Users\Nalith\Google Drive\Altium Projects\MainMCU\Main_MCU\Sheet1.SchDoc with 10uF from Main_MCU.IntLib
Replace Part C11 100nF in C:\Users\Nalith\Google Drive\Altium Projects\MainMCU\Main_MCU\Sheet1.SchDoc with 100nF from Main_MCU.IntLib
Replace Part C12 1uF in C:\Users\Nalith\Google Drive\Altium Projects\MainMCU\Main_MCU\Sheet1.SchDoc with 1uF from Main_MCU.IntLib
Replace Part C13 1uF in C:\Users\Nalith\Google Drive\Altium Projects\MainMCU\Main_MCU\Sheet1.SchDoc with 1uF from Main_MCU.IntLib
Replace Part C14 100nF in C:\Users\Nalith\Google Drive\Altium Projects\MainMCU\Main_MCU\Sheet1.SchDoc with 100nF from Main_MCU.IntLib
Replace Part C15 470nF in C:\Users\Nalith\Google Drive\Altium Projects\MainMCU\Main_MCU\Sheet1.SchDoc with 470nF from Main_MCU.IntLib
Replace Part CN1 pitch4.2MMsocket2*2P in C:\Users\Nalith\Google Drive\Altium Projects\MainMCU\Main_MCU\Sheet1.SchDoc with pitch4.2MMsocket2*2P from Main_MCU.IntLib
Replace Part CN2 USB-B-Female-TH_C46393 in C:\Users\Nalith\Google Drive\Altium Projects\MainMCU\Main_MCU\Sheet1.SchDoc with USB-B-Female-TH_C46393 from Main_MCU.IntLib
Replace Part CN3 USB-B-Female-TH_C46393 in C:\Users\Nalith\Google Drive\Altium Projects\MainMCU\Main_MCU\Sheet1.SchDoc with USB-B-Female-TH_C46393 from Main_MCU.IntLib
Replace Part CN4 S4B-XH-A (LF)(SN) in C:\Users\Nalith\Google Drive\Altium Projects\MainMCU\Main_MCU\Sheet1.SchDoc with S4B-XH-A (LF)(SN) from Main_MCU.IntLib
Replace Part CN5 B8B-XH-A (LF)(SN) in C:\Users\Nalith\Google Drive\Altium Projects\MainMCU\Main_MCU\Sheet1.SchDoc with B8B-XH-A (LF)(SN) from Main_MCU.IntLib
Replace Part CN6 B8B-XH-A (LF)(SN) in C:\Users\Nalith\Google Drive\Altium Projects\MainMCU\Main_MCU\Sheet1.SchDoc with B8B-XH-A (LF)(SN) from Main_MCU.IntLib
Replace Part CN7 B8B-XH-A (LF)(SN) in C:\Users\Nalith\Google Drive\Altium Projects\MainMCU\Main_MCU\Sheet1.SchDoc with B8B-XH-A (LF)(SN) from Main_MCU.IntLib
Replace Part CN8 B8B-XH-A (LF)(SN) in C:\Users\Nalith\Google Drive\Altium Projects\MainMCU\Main_MCU\Sheet1.SchDoc with B8B-XH-A (LF)(SN) from Main_MCU.IntLib
Replace Part CN9 B8B-XH-A (LF)(SN) in C:\Users\Nalith\Google Drive\Altium Projects\MainMCU\Main_MCU\Sheet1.SchDoc with B8B-XH-A (LF)(SN) from Main_MCU.IntLib
Replace Part CN10 B8B-XH-A (LF)(SN) in C:\Users\Nalith\Google Drive\Altium Projects\MainMCU\Main_MCU\Sheet1.SchDoc with B8B-XH-A (LF)(SN) from Main_MCU.IntLib
Replace Part CN11 B6B-XH-A(LF)(SN) in C:\Users\Nalith\Google Drive\Altium Projects\MainMCU\Main_MCU\Sheet1.SchDoc with B6B-XH-A(LF)(SN) from Main_MCU.IntLib
Replace Part CN12 B6B-XH-A(LF)(SN) in C:\Users\Nalith\Google Drive\Altium Projects\MainMCU\Main_MCU\Sheet1.SchDoc with B6B-XH-A(LF)(SN) from Main_MCU.IntLib
Replace Part CN13 B8B-XH-A (LF)(SN) in C:\Users\Nalith\Google Drive\Altium Projects\MainMCU\Main_MCU\Sheet1.SchDoc with B8B-XH-A (LF)(SN) from Main_MCU.IntLib
Replace Part CN14 B8B-XH-A (LF)(SN) in C:\Users\Nalith\Google Drive\Altium Projects\MainMCU\Main_MCU\Sheet1.SchDoc with B8B-XH-A (LF)(SN) from Main_MCU.IntLib
Replace Part CN15 B8B-XH-A (LF)(SN) in C:\Users\Nalith\Google Drive\Altium Projects\MainMCU\Main_MCU\Sheet1.SchDoc with B8B-XH-A (LF)(SN) from Main_MCU.IntLib
Replace Part CN16 B6B-XH-A(LF)(SN) in C:\Users\Nalith\Google Drive\Altium Projects\MainMCU\Main_MCU\Sheet1.SchDoc with B6B-XH-A(LF)(SN) from Main_MCU.IntLib
Replace Part CN17 B6B-XH-A(LF)(SN) in C:\Users\Nalith\Google Drive\Altium Projects\MainMCU\Main_MCU\Sheet1.SchDoc with B6B-XH-A(LF)(SN) from Main_MCU.IntLib
Replace Part CN18 B8B-XH-A (LF)(SN) in C:\Users\Nalith\Google Drive\Altium Projects\MainMCU\Main_MCU\Sheet1.SchDoc with B8B-XH-A (LF)(SN) from Main_MCU.IntLib
Replace Part CN19 B8B-XH-A (LF)(SN) in C:\Users\Nalith\Google Drive\Altium Projects\MainMCU\Main_MCU\Sheet1.SchDoc with B8B-XH-A (LF)(SN) from Main_MCU.IntLib
Replace Part CN20 B8B-XH-A (LF)(SN) in C:\Users\Nalith\Google Drive\Altium Projects\MainMCU\Main_MCU\Sheet1.SchDoc with B8B-XH-A (LF)(SN) from Main_MCU.IntLib
Replace Part D1 CUS08F30,H3F in C:\Users\Nalith\Google Drive\Altium Projects\MainMCU\Main_MCU\Sheet1.SchDoc with CUS08F30,H3F from Main_MCU.IntLib
Replace Part H1 A2541WV-2P in C:\Users\Nalith\Google Drive\Altium Projects\MainMCU\Main_MCU\Sheet1.SchDoc with A2541WV-2P from Main_MCU.IntLib
Replace Part H2 A2541WV-2P in C:\Users\Nalith\Google Drive\Altium Projects\MainMCU\Main_MCU\Sheet1.SchDoc with A2541WV-2P from Main_MCU.IntLib
Replace Part H3 A2541WV-2P in C:\Users\Nalith\Google Drive\Altium Projects\MainMCU\Main_MCU\Sheet1.SchDoc with A2541WV-2P from Main_MCU.IntLib
Replace Part H4 A2541WV-2P in C:\Users\Nalith\Google Drive\Altium Projects\MainMCU\Main_MCU\Sheet1.SchDoc with A2541WV-2P from Main_MCU.IntLib
Replace Part LED1 GREEN in C:\Users\Nalith\Google Drive\Altium Projects\MainMCU\Main_MCU\Sheet1.SchDoc with GREEN from Main_MCU.IntLib
Replace Part LED2 GREEN in C:\Users\Nalith\Google Drive\Altium Projects\MainMCU\Main_MCU\Sheet1.SchDoc with GREEN from Main_MCU.IntLib
Replace Part LED3 GREEN in C:\Users\Nalith\Google Drive\Altium Projects\MainMCU\Main_MCU\Sheet1.SchDoc with GREEN from Main_MCU.IntLib
Replace Part LED4 GREEN in C:\Users\Nalith\Google Drive\Altium Projects\MainMCU\Main_MCU\Sheet1.SchDoc with GREEN from Main_MCU.IntLib
Replace Part LED5 RED in C:\Users\Nalith\Google Drive\Altium Projects\MainMCU\Main_MCU\Sheet1.SchDoc with RED from Main_MCU.IntLib
Replace Part LED6 RED in C:\Users\Nalith\Google Drive\Altium Projects\MainMCU\Main_MCU\Sheet1.SchDoc with RED from Main_MCU.IntLib
Replace Part LED7 ORANGE in C:\Users\Nalith\Google Drive\Altium Projects\MainMCU\Main_MCU\Sheet1.SchDoc with ORANGE from Main_MCU.IntLib
Replace Part LED8 ORANGE in C:\Users\Nalith\Google Drive\Altium Projects\MainMCU\Main_MCU\Sheet1.SchDoc with ORANGE from Main_MCU.IntLib
Replace Part Q1 MMBT3904LT1G in C:\Users\Nalith\Google Drive\Altium Projects\MainMCU\Main_MCU\Sheet1.SchDoc with MMBT3904LT1G from Main_MCU.IntLib
Replace Part R1 10K in C:\Users\Nalith\Google Drive\Altium Projects\MainMCU\Main_MCU\Sheet1.SchDoc with 10K from Main_MCU.IntLib
Replace Part R2 10K in C:\Users\Nalith\Google Drive\Altium Projects\MainMCU\Main_MCU\Sheet1.SchDoc with 10K from Main_MCU.IntLib
Replace Part R3 10K in C:\Users\Nalith\Google Drive\Altium Projects\MainMCU\Main_MCU\Sheet1.SchDoc with 10K from Main_MCU.IntLib
Replace Part R4 10K in C:\Users\Nalith\Google Drive\Altium Projects\MainMCU\Main_MCU\Sheet1.SchDoc with 10K from Main_MCU.IntLib
Replace Part R5 10K in C:\Users\Nalith\Google Drive\Altium Projects\MainMCU\Main_MCU\Sheet1.SchDoc with 10K from Main_MCU.IntLib
Replace Part R6 10K in C:\Users\Nalith\Google Drive\Altium Projects\MainMCU\Main_MCU\Sheet1.SchDoc with 10K from Main_MCU.IntLib
Replace Part R7 10K in C:\Users\Nalith\Google Drive\Altium Projects\MainMCU\Main_MCU\Sheet1.SchDoc with 10K from Main_MCU.IntLib
Replace Part R8 10K in C:\Users\Nalith\Google Drive\Altium Projects\MainMCU\Main_MCU\Sheet1.SchDoc with 10K from Main_MCU.IntLib
Replace Part R9 4.7K in C:\Users\Nalith\Google Drive\Altium Projects\MainMCU\Main_MCU\Sheet1.SchDoc with 4.7K from Main_MCU.IntLib
Replace Part R10 4.7K in C:\Users\Nalith\Google Drive\Altium Projects\MainMCU\Main_MCU\Sheet1.SchDoc with 4.7K from Main_MCU.IntLib
Replace Part R11 10K in C:\Users\Nalith\Google Drive\Altium Projects\MainMCU\Main_MCU\Sheet1.SchDoc with 10K from Main_MCU.IntLib
Replace Part R12 100 in C:\Users\Nalith\Google Drive\Altium Projects\MainMCU\Main_MCU\Sheet1.SchDoc with 100 from Main_MCU.IntLib
Replace Part R13 4.7K in C:\Users\Nalith\Google Drive\Altium Projects\MainMCU\Main_MCU\Sheet1.SchDoc with 4.7K from Main_MCU.IntLib
Replace Part R14 4.7K in C:\Users\Nalith\Google Drive\Altium Projects\MainMCU\Main_MCU\Sheet1.SchDoc with 4.7K from Main_MCU.IntLib
Replace Part R15 1K in C:\Users\Nalith\Google Drive\Altium Projects\MainMCU\Main_MCU\Sheet1.SchDoc with 1K from Main_MCU.IntLib
Replace Part R16 22 in C:\Users\Nalith\Google Drive\Altium Projects\MainMCU\Main_MCU\Sheet1.SchDoc with 22 from Main_MCU.IntLib
Replace Part R17 22 in C:\Users\Nalith\Google Drive\Altium Projects\MainMCU\Main_MCU\Sheet1.SchDoc with 22 from Main_MCU.IntLib
Replace Part R18 10 in C:\Users\Nalith\Google Drive\Altium Projects\MainMCU\Main_MCU\Sheet1.SchDoc with 10 from Main_MCU.IntLib
Replace Part R19 10K in C:\Users\Nalith\Google Drive\Altium Projects\MainMCU\Main_MCU\Sheet1.SchDoc with 10K from Main_MCU.IntLib
Replace Part R20 10 in C:\Users\Nalith\Google Drive\Altium Projects\MainMCU\Main_MCU\Sheet1.SchDoc with 10 from Main_MCU.IntLib
Replace Part R21 5.1 in C:\Users\Nalith\Google Drive\Altium Projects\MainMCU\Main_MCU\Sheet1.SchDoc with 5.1 from Main_MCU.IntLib
Replace Part R22 10 in C:\Users\Nalith\Google Drive\Altium Projects\MainMCU\Main_MCU\Sheet1.SchDoc with 10 from Main_MCU.IntLib
Replace Part R23 10 in C:\Users\Nalith\Google Drive\Altium Projects\MainMCU\Main_MCU\Sheet1.SchDoc with 10 from Main_MCU.IntLib
Replace Part R24 1K in C:\Users\Nalith\Google Drive\Altium Projects\MainMCU\Main_MCU\Sheet1.SchDoc with 1K from Main_MCU.IntLib
Replace Part R25 1K in C:\Users\Nalith\Google Drive\Altium Projects\MainMCU\Main_MCU\Sheet1.SchDoc with 1K from Main_MCU.IntLib
Replace Part R26 1K in C:\Users\Nalith\Google Drive\Altium Projects\MainMCU\Main_MCU\Sheet1.SchDoc with 1K from Main_MCU.IntLib
Replace Part R27 1K in C:\Users\Nalith\Google Drive\Altium Projects\MainMCU\Main_MCU\Sheet1.SchDoc with 1K from Main_MCU.IntLib
Replace Part R28 1K in C:\Users\Nalith\Google Drive\Altium Projects\MainMCU\Main_MCU\Sheet1.SchDoc with 1K from Main_MCU.IntLib
Replace Part R29 1K in C:\Users\Nalith\Google Drive\Altium Projects\MainMCU\Main_MCU\Sheet1.SchDoc with 1K from Main_MCU.IntLib
Replace Part R30 1K in C:\Users\Nalith\Google Drive\Altium Projects\MainMCU\Main_MCU\Sheet1.SchDoc with 1K from Main_MCU.IntLib
Replace Part R31 1K in C:\Users\Nalith\Google Drive\Altium Projects\MainMCU\Main_MCU\Sheet1.SchDoc with 1K from Main_MCU.IntLib
Replace Part R32 10K in C:\Users\Nalith\Google Drive\Altium Projects\MainMCU\Main_MCU\Sheet1.SchDoc with 10K from Main_MCU.IntLib
Replace Part RF1 BWSMA-KE-Z001 in C:\Users\Nalith\Google Drive\Altium Projects\MainMCU\Main_MCU\Sheet1.SchDoc with BWSMA-KE-Z001 from Main_MCU.IntLib
Replace Part RF2 BWSMA-KE-Z001 in C:\Users\Nalith\Google Drive\Altium Projects\MainMCU\Main_MCU\Sheet1.SchDoc with BWSMA-KE-Z001 from Main_MCU.IntLib
Replace Part RF3 BWSMA-KE-Z001 in C:\Users\Nalith\Google Drive\Altium Projects\MainMCU\Main_MCU\Sheet1.SchDoc with BWSMA-KE-Z001 from Main_MCU.IntLib
Replace Part RF4 BWSMA-KE-Z001 in C:\Users\Nalith\Google Drive\Altium Projects\MainMCU\Main_MCU\Sheet1.SchDoc with BWSMA-KE-Z001 from Main_MCU.IntLib
Replace Part U1 DB126V-5.0-2P in C:\Users\Nalith\Google Drive\Altium Projects\MainMCU\Main_MCU\Sheet1.SchDoc with DB126V-5.0-2P from Main_MCU.IntLib
Replace Part U2 DB126V-5.0-2P in C:\Users\Nalith\Google Drive\Altium Projects\MainMCU\Main_MCU\Sheet1.SchDoc with DB126V-5.0-2P from Main_MCU.IntLib
Replace Part U3 B6B-XH-A(LF)(SN) in C:\Users\Nalith\Google Drive\Altium Projects\MainMCU\Main_MCU\Sheet1.SchDoc with B6B-XH-A(LF)(SN) from Main_MCU.IntLib
Replace Part U4 B6B-XH-A(LF)(SN) in C:\Users\Nalith\Google Drive\Altium Projects\MainMCU\Main_MCU\Sheet1.SchDoc with B6B-XH-A(LF)(SN) from Main_MCU.IntLib
Replace Part U5 MCP2551-I/SN in C:\Users\Nalith\Google Drive\Altium Projects\MainMCU\Main_MCU\Sheet1.SchDoc with MCP2551-I/SN from Main_MCU.IntLib
Replace Part U6 STM32F103ZET Mini Dev Board in C:\Users\Nalith\Google Drive\Altium Projects\MainMCU\Main_MCU\Sheet1.SchDoc with STM32F103ZET Mini Dev Board from Main_MCU.IntLib
Replace Part U7 B4B-XH-A(LF)(SN) in C:\Users\Nalith\Google Drive\Altium Projects\MainMCU\Main_MCU\Sheet1.SchDoc with B4B-XH-A(LF)(SN) from Main_MCU.IntLib
Replace Part U8 SI5351A-B-GT in C:\Users\Nalith\Google Drive\Altium Projects\MainMCU\Main_MCU\Sheet1.SchDoc with SI5351A-B-GT from Main_MCU.IntLib
Replace Part U9 MCP4728-E/UN in C:\Users\Nalith\Google Drive\Altium Projects\MainMCU\Main_MCU\Sheet1.SchDoc with MCP4728-E/UN from Main_MCU.IntLib
Replace Part U10 CDCLVC1104PWR in C:\Users\Nalith\Google Drive\Altium Projects\MainMCU\Main_MCU\Sheet1.SchDoc with CDCLVC1104PWR from Main_MCU.IntLib
Replace Part U11 B4B-XH-A(LF)(SN) in C:\Users\Nalith\Google Drive\Altium Projects\MainMCU\Main_MCU\Sheet1.SchDoc with B4B-XH-A(LF)(SN) from Main_MCU.IntLib
Replace Part U12 MCP2221A-I/ST in C:\Users\Nalith\Google Drive\Altium Projects\MainMCU\Main_MCU\Sheet1.SchDoc with MCP2221A-I/ST from Main_MCU.IntLib
Replace Part X1 27MHz in C:\Users\Nalith\Google Drive\Altium Projects\MainMCU\Main_MCU\Sheet1.SchDoc with 27MHz from Main_MCU.IntLib
