Replace Part C9 CMP-2f55e5122ad9f092-5 in C:\Users\Nalith\Google Drive\Altium Projects\POWER CARD_B2 - Lahiru's working copy\MCU.SchDoc with CMP-2f55e5122ad9f092-5 from POWER CARD.IntLib
Replace Part C10 CMP-2f55e5122ad9f092-5 in C:\Users\Nalith\Google Drive\Altium Projects\POWER CARD_B2 - Lahiru's working copy\MCU.SchDoc with CMP-2f55e5122ad9f092-5 from POWER CARD.IntLib
Replace Part C11 CMP-2f55e5122ad9f092-5 in C:\Users\Nalith\Google Drive\Altium Projects\POWER CARD_B2 - Lahiru's working copy\MCU.SchDoc with CMP-2f55e5122ad9f092-5 from POWER CARD.IntLib
Replace Part C12 CMP-2f55e5122ad9f092-5 in C:\Users\Nalith\Google Drive\Altium Projects\POWER CARD_B2 - Lahiru's working copy\MCU.SchDoc with CMP-2f55e5122ad9f092-5 from POWER CARD.IntLib
Replace Part C13 CMP-2f55e5122ad9f092-5 in C:\Users\Nalith\Google Drive\Altium Projects\POWER CARD_B2 - Lahiru's working copy\MCU.SchDoc with CMP-2f55e5122ad9f092-5 from POWER CARD.IntLib
Replace Part C14 CMP-2f55e5122ad9f092-5 in C:\Users\Nalith\Google Drive\Altium Projects\POWER CARD_B2 - Lahiru's working copy\MCU.SchDoc with CMP-2f55e5122ad9f092-5 from POWER CARD.IntLib
Replace Part C15 CMP-2f55e5122ad9f092-5 in C:\Users\Nalith\Google Drive\Altium Projects\POWER CARD_B2 - Lahiru's working copy\MCU.SchDoc with CMP-2f55e5122ad9f092-5 from POWER CARD.IntLib
Replace Part C16 CMP-2f55e5122ad9f092-5 in C:\Users\Nalith\Google Drive\Altium Projects\POWER CARD_B2 - Lahiru's working copy\MCU.SchDoc with CMP-2f55e5122ad9f092-5 from POWER CARD.IntLib
Replace Part C17 CMP-2f55e5122ad9f092-5 in C:\Users\Nalith\Google Drive\Altium Projects\POWER CARD_B2 - Lahiru's working copy\MCU.SchDoc with CMP-2f55e5122ad9f092-5 from POWER CARD.IntLib
Replace Part C18 CMP-2f55e5122ad9f092-5 in C:\Users\Nalith\Google Drive\Altium Projects\POWER CARD_B2 - Lahiru's working copy\MCU.SchDoc with CMP-2f55e5122ad9f092-5 from POWER CARD.IntLib
Replace Part C19 CMP-135114-3 in C:\Users\Nalith\Google Drive\Altium Projects\POWER CARD_B2 - Lahiru's working copy\MCU.SchDoc with CMP-135114-3 from POWER CARD.IntLib
Replace Part J1 CMP-a6466f3bff057981-11 in C:\Users\Nalith\Google Drive\Altium Projects\POWER CARD_B2 - Lahiru's working copy\MCU.SchDoc with CMP-a6466f3bff057981-11 from POWER CARD.IntLib
Replace Part J2 CMP-b5d67e8662e76a11-19 in C:\Users\Nalith\Google Drive\Altium Projects\POWER CARD_B2 - Lahiru's working copy\MCU.SchDoc with CMP-b5d67e8662e76a11-19 from POWER CARD.IntLib
Replace Part J3 CMP-7ab1b1e1ad8ca576-12 in C:\Users\Nalith\Google Drive\Altium Projects\POWER CARD_B2 - Lahiru's working copy\MCU.SchDoc with CMP-7ab1b1e1ad8ca576-12 from POWER CARD.IntLib
Replace Part J4 CMP-7ab1b1e1ad8ca576-12 in C:\Users\Nalith\Google Drive\Altium Projects\POWER CARD_B2 - Lahiru's working copy\MCU.SchDoc with CMP-7ab1b1e1ad8ca576-12 from POWER CARD.IntLib
Replace Part J5 CMP-7ab1b1e1ad8ca576-12 in C:\Users\Nalith\Google Drive\Altium Projects\POWER CARD_B2 - Lahiru's working copy\MCU.SchDoc with CMP-7ab1b1e1ad8ca576-12 from POWER CARD.IntLib
Replace Part J6 CMP-7ab1b1e1ad8ca576-12 in C:\Users\Nalith\Google Drive\Altium Projects\POWER CARD_B2 - Lahiru's working copy\MCU.SchDoc with CMP-7ab1b1e1ad8ca576-12 from POWER CARD.IntLib
Replace Part JP1 CMP-75tq5o8j4p0avfd6ylbk-1 in C:\Users\Nalith\Google Drive\Altium Projects\POWER CARD_B2 - Lahiru's working copy\MCU.SchDoc with CMP-75tq5o8j4p0avfd6ylbk-1 from POWER CARD.IntLib
Replace Part Q1 CMP-857799-8 in C:\Users\Nalith\Google Drive\Altium Projects\POWER CARD_B2 - Lahiru's working copy\MCU.SchDoc with CMP-857799-8 from POWER CARD.IntLib
Replace Part R7 CMP-1853278-23 in C:\Users\Nalith\Google Drive\Altium Projects\POWER CARD_B2 - Lahiru's working copy\MCU.SchDoc with CMP-1853278-23 from POWER CARD.IntLib
Replace Part R8 CMP-1853278-23 in C:\Users\Nalith\Google Drive\Altium Projects\POWER CARD_B2 - Lahiru's working copy\MCU.SchDoc with CMP-1853278-23 from POWER CARD.IntLib
Replace Part R9 CMP-1853278-23 in C:\Users\Nalith\Google Drive\Altium Projects\POWER CARD_B2 - Lahiru's working copy\MCU.SchDoc with CMP-1853278-23 from POWER CARD.IntLib
Replace Part R10 CMP-1853278-23 in C:\Users\Nalith\Google Drive\Altium Projects\POWER CARD_B2 - Lahiru's working copy\MCU.SchDoc with CMP-1853278-23 from POWER CARD.IntLib
Replace Part R11 CMP-1853278-23 in C:\Users\Nalith\Google Drive\Altium Projects\POWER CARD_B2 - Lahiru's working copy\MCU.SchDoc with CMP-1853278-23 from POWER CARD.IntLib
Replace Part R12 CMP-1853278-27 in C:\Users\Nalith\Google Drive\Altium Projects\POWER CARD_B2 - Lahiru's working copy\MCU.SchDoc with CMP-1853278-27 from POWER CARD.IntLib
Replace Part R13 CMP-1853278-27 in C:\Users\Nalith\Google Drive\Altium Projects\POWER CARD_B2 - Lahiru's working copy\MCU.SchDoc with CMP-1853278-27 from POWER CARD.IntLib
Replace Part R14 CMP-1853278-27 in C:\Users\Nalith\Google Drive\Altium Projects\POWER CARD_B2 - Lahiru's working copy\MCU.SchDoc with CMP-1853278-27 from POWER CARD.IntLib
Replace Part R40 CMP-1853278-27 in C:\Users\Nalith\Google Drive\Altium Projects\POWER CARD_B2 - Lahiru's working copy\MCU.SchDoc with CMP-1853278-27 from POWER CARD.IntLib
Replace Part R41 CMP-1853278-27 in C:\Users\Nalith\Google Drive\Altium Projects\POWER CARD_B2 - Lahiru's working copy\MCU.SchDoc with CMP-1853278-27 from POWER CARD.IntLib
Replace Part R42 CMP-1853278-27 in C:\Users\Nalith\Google Drive\Altium Projects\POWER CARD_B2 - Lahiru's working copy\MCU.SchDoc with CMP-1853278-27 from POWER CARD.IntLib
Replace Part R43 CMP-1853278-27 in C:\Users\Nalith\Google Drive\Altium Projects\POWER CARD_B2 - Lahiru's working copy\MCU.SchDoc with CMP-1853278-27 from POWER CARD.IntLib
Replace Part R46 CMP-1853278-27 in C:\Users\Nalith\Google Drive\Altium Projects\POWER CARD_B2 - Lahiru's working copy\MCU.SchDoc with CMP-1853278-27 from POWER CARD.IntLib
Replace Part R47 CMP-1853278-27 in C:\Users\Nalith\Google Drive\Altium Projects\POWER CARD_B2 - Lahiru's working copy\MCU.SchDoc with CMP-1853278-27 from POWER CARD.IntLib
Replace Part R48 CMP-1853278-27 in C:\Users\Nalith\Google Drive\Altium Projects\POWER CARD_B2 - Lahiru's working copy\MCU.SchDoc with CMP-1853278-27 from POWER CARD.IntLib
Replace Part R49 CMP-1853278-27 in C:\Users\Nalith\Google Drive\Altium Projects\POWER CARD_B2 - Lahiru's working copy\MCU.SchDoc with CMP-1853278-27 from POWER CARD.IntLib
Replace Part R50 CMP-1853278-27 in C:\Users\Nalith\Google Drive\Altium Projects\POWER CARD_B2 - Lahiru's working copy\MCU.SchDoc with CMP-1853278-27 from POWER CARD.IntLib
Replace Part S1 CMP-3c1bf499dccde3dc-3 in C:\Users\Nalith\Google Drive\Altium Projects\POWER CARD_B2 - Lahiru's working copy\MCU.SchDoc with CMP-3c1bf499dccde3dc-3 from POWER CARD.IntLib
Replace Part S2 CMP-3c1bf499dccde3dc-3 in C:\Users\Nalith\Google Drive\Altium Projects\POWER CARD_B2 - Lahiru's working copy\MCU.SchDoc with CMP-3c1bf499dccde3dc-3 from POWER CARD.IntLib
Replace Part SP1 CMP-8r7wb9d4hsrx0vdasxxy-1 in C:\Users\Nalith\Google Drive\Altium Projects\POWER CARD_B2 - Lahiru's working copy\MCU.SchDoc with CMP-8r7wb9d4hsrx0vdasxxy-1 from POWER CARD.IntLib
Replace Part U1 CMP-2954476-4 in C:\Users\Nalith\Google Drive\Altium Projects\POWER CARD_B2 - Lahiru's working copy\MCU.SchDoc with CMP-2954476-4 from POWER CARD.IntLib
Replace Part U1 CMP-2954476-4 in C:\Users\Nalith\Google Drive\Altium Projects\POWER CARD_B2 - Lahiru's working copy\MCU.SchDoc with CMP-2954476-4 from POWER CARD.IntLib
Replace Part U2 MCP2551-I/SN in C:\Users\Nalith\Google Drive\Altium Projects\POWER CARD_B2 - Lahiru's working copy\MCU.SchDoc with MCP2551-I/SN from POWER CARD.IntLib
Replace Part U3 CMP-15095235-4 in C:\Users\Nalith\Google Drive\Altium Projects\POWER CARD_B2 - Lahiru's working copy\MCU.SchDoc with CMP-15095235-4 from POWER CARD.IntLib
Replace Part X1 CMP-4bca809c9193940d-1 in C:\Users\Nalith\Google Drive\Altium Projects\POWER CARD_B2 - Lahiru's working copy\MCU.SchDoc with CMP-4bca809c9193940d-1 from POWER CARD.IntLib
