Replace Part C40 CMP-2f55e5122ad9f092-5 in C:\Users\Nalith\Google Drive\Altium Projects\POWER CARD_B2 - Lahiru's working copy\Power_Card.SchDoc with CMP-2f55e5122ad9f092-5 from Current_sence_unit.IntLib
Replace Part C41 CMP-2f55e5122ad9f092-5 in C:\Users\Nalith\Google Drive\Altium Projects\POWER CARD_B2 - Lahiru's working copy\Power_Card.SchDoc with CMP-2f55e5122ad9f092-5 from Current_sence_unit.IntLib
Replace Part C42 CMP-2f55e5122ad9f092-5 in C:\Users\Nalith\Google Drive\Altium Projects\POWER CARD_B2 - Lahiru's working copy\Power_Card.SchDoc with CMP-2f55e5122ad9f092-5 from Current_sence_unit.IntLib
Replace Part C43 CMP-2f55e5122ad9f092-5 in C:\Users\Nalith\Google Drive\Altium Projects\POWER CARD_B2 - Lahiru's working copy\Power_Card.SchDoc with CMP-2f55e5122ad9f092-5 from Current_sence_unit.IntLib
Replace Part C44 CMP-2f55e5122ad9f092-5 in C:\Users\Nalith\Google Drive\Altium Projects\POWER CARD_B2 - Lahiru's working copy\Power_Card.SchDoc with CMP-2f55e5122ad9f092-5 from Current_sence_unit.IntLib
Replace Part C45 CMP-2f55e5122ad9f092-5 in C:\Users\Nalith\Google Drive\Altium Projects\POWER CARD_B2 - Lahiru's working copy\Power_Card.SchDoc with CMP-2f55e5122ad9f092-5 from Current_sence_unit.IntLib
Replace Part IC4 CMP-9a3c516d515145fb-3 in C:\Users\Nalith\Google Drive\Altium Projects\POWER CARD_B2 - Lahiru's working copy\Power_Card.SchDoc with CMP-9a3c516d515145fb-3 from POWER CARD.IntLib
Replace Part IC4 CMP-9a3c516d515145fb-3 in C:\Users\Nalith\Google Drive\Altium Projects\POWER CARD_B2 - Lahiru's working copy\Power_Card.SchDoc with CMP-9a3c516d515145fb-3 from POWER CARD.IntLib
Replace Part IC5 CMP-9a3c516d515145fb-3 in C:\Users\Nalith\Google Drive\Altium Projects\POWER CARD_B2 - Lahiru's working copy\Power_Card.SchDoc with CMP-9a3c516d515145fb-3 from POWER CARD.IntLib
Replace Part J7 CMP-7ad9b3d37ed8a51e-5 in C:\Users\Nalith\Google Drive\Altium Projects\POWER CARD_B2 - Lahiru's working copy\Power_Card.SchDoc with CMP-7ad9b3d37ed8a51e-5 from POWER CARD.IntLib
Replace Part J8 CMP-7ad9b3d37ed8a51e-5 in C:\Users\Nalith\Google Drive\Altium Projects\POWER CARD_B2 - Lahiru's working copy\Power_Card.SchDoc with CMP-7ad9b3d37ed8a51e-5 from POWER CARD.IntLib
Replace Part J9 CMP-7ad9b3d37ed8a51e-5 in C:\Users\Nalith\Google Drive\Altium Projects\POWER CARD_B2 - Lahiru's working copy\Power_Card.SchDoc with CMP-7ad9b3d37ed8a51e-5 from POWER CARD.IntLib
Replace Part J10 CMP-1d18d4412a33c2df-10 in C:\Users\Nalith\Google Drive\Altium Projects\POWER CARD_B2 - Lahiru's working copy\Power_Card.SchDoc with CMP-1d18d4412a33c2df-10 from POWER CARD.IntLib
Replace Part J11 CMP-7ad9b3d37ed8a51e-5 in C:\Users\Nalith\Google Drive\Altium Projects\POWER CARD_B2 - Lahiru's working copy\Power_Card.SchDoc with CMP-7ad9b3d37ed8a51e-5 from POWER CARD.IntLib
Replace Part J12 CMP-7ad9b3d37ed8a51e-5 in C:\Users\Nalith\Google Drive\Altium Projects\POWER CARD_B2 - Lahiru's working copy\Power_Card.SchDoc with CMP-7ad9b3d37ed8a51e-5 from POWER CARD.IntLib
Replace Part J13 CMP-1d18d4412a33c2df-10 in C:\Users\Nalith\Google Drive\Altium Projects\POWER CARD_B2 - Lahiru's working copy\Power_Card.SchDoc with CMP-1d18d4412a33c2df-10 from POWER CARD.IntLib
Replace Part J14 CMP-1d18d4412a33c2df-10 in C:\Users\Nalith\Google Drive\Altium Projects\POWER CARD_B2 - Lahiru's working copy\Power_Card.SchDoc with CMP-1d18d4412a33c2df-10 from POWER CARD.IntLib
Replace Part J15 CMP-1d18d4412a33c2df-10 in C:\Users\Nalith\Google Drive\Altium Projects\POWER CARD_B2 - Lahiru's working copy\Power_Card.SchDoc with CMP-1d18d4412a33c2df-10 from POWER CARD.IntLib
Replace Part R15 CMP-1853278-27 in C:\Users\Nalith\Google Drive\Altium Projects\POWER CARD_B2 - Lahiru's working copy\Power_Card.SchDoc with CMP-1853278-27 from POWER CARD.IntLib
Replace Part R44 CMP-1853278-27 in C:\Users\Nalith\Google Drive\Altium Projects\POWER CARD_B2 - Lahiru's working copy\Power_Card.SchDoc with CMP-1853278-27 from Current_sence_unit.IntLib
Replace Part R45 CMP-1853278-27 in C:\Users\Nalith\Google Drive\Altium Projects\POWER CARD_B2 - Lahiru's working copy\Power_Card.SchDoc with CMP-1853278-27 from Current_sence_unit.IntLib
Replace Part U4 CMP-2294796-6 in C:\Users\Nalith\Google Drive\Altium Projects\POWER CARD_B2 - Lahiru's working copy\Power_Card.SchDoc with CMP-2294796-6 from POWER CARD.IntLib
Replace Part U5 CMP-ed9925821aa6325e-1 in C:\Users\Nalith\Google Drive\Altium Projects\POWER CARD_B2 - Lahiru's working copy\Power_Card.SchDoc with CMP-ed9925821aa6325e-1 from POWER CARD.IntLib
Replace Part U6 CMP-2294796-6 in C:\Users\Nalith\Google Drive\Altium Projects\POWER CARD_B2 - Lahiru's working copy\Power_Card.SchDoc with CMP-2294796-6 from POWER CARD.IntLib
Replace Part U7 CMP-uwgrh96kdeedshkgggct-4 in C:\Users\Nalith\Google Drive\Altium Projects\POWER CARD_B2 - Lahiru's working copy\Power_Card.SchDoc with CMP-uwgrh96kdeedshkgggct-4 from POWER CARD.IntLib
Replace Part U10 LM337LZ/NOPB in C:\Users\Nalith\Google Drive\Altium Projects\POWER CARD_B2 - Lahiru's working copy\Power_Card.SchDoc with LM337LZ/NOPB from Current_sence_unit.IntLib
