Change Component Footprint: Designator=C14 Old Footprint=CAPC1608X09N New Footprint=CAPC1608X09N
Change Component Footprint: Designator=C15 Old Footprint=CAPC1608X09N New Footprint=CAPC1608X09N
Change Component Comment : Designator=C14 Old Comment=100nF New Comment=20pF
Change Component Comment : Designator=C15 Old Comment=100nF New Comment=20pF
Change component parameters: Designator = "C14"; Footprint = "CAPC1608X09N"; UniqueID = "\SGHMXQAL\KPFTJWUY"
Change component parameters. Clean all parameters for all variants
Change component parameters (AddParameter): Name = "Capacitance"; Value = "20pF"; VariantName = "[No Variations]"
Change component parameters (AddParameter): Name = "Capacitance Tolerance"; Value = "5%"; VariantName = "[No Variations]"
Change component parameters (AddParameter): Name = "Manufacture Part Number"; Value = "CC0603JRNPO9BN200"; VariantName = "[No Variations]"
Change component parameters (AddParameter): Name = "Manufacturer"; Value = "YAGEO"; VariantName = "[No Variations]"
Change component parameters (AddParameter): Name = "Package / Case"; Value = "0603"; VariantName = "[No Variations]"
Change component parameters (AddParameter): Name = "Supplier"; Value = "LCSC"; VariantName = "[No Variations]"
Change component parameters (AddParameter): Name = "Supplier Part Number"; Value = "C105621"; VariantName = "[No Variations]"
Change component parameters (AddParameter): Name = "Voltage-Rated"; Value = "50V"; VariantName = "[No Variations]"
Change component parameters: Designator = "C15"; Footprint = "CAPC1608X09N"; UniqueID = "\SGHMXQAL\FPCBYVYE"
Change component parameters. Clean all parameters for all variants
Change component parameters (AddParameter): Name = "Capacitance"; Value = "20pF"; VariantName = "[No Variations]"
Change component parameters (AddParameter): Name = "Capacitance Tolerance"; Value = "5%"; VariantName = "[No Variations]"
Change component parameters (AddParameter): Name = "Manufacture Part Number"; Value = "CC0603JRNPO9BN200"; VariantName = "[No Variations]"
Change component parameters (AddParameter): Name = "Manufacturer"; Value = "YAGEO"; VariantName = "[No Variations]"
Change component parameters (AddParameter): Name = "Package / Case"; Value = "0603"; VariantName = "[No Variations]"
Change component parameters (AddParameter): Name = "Supplier"; Value = "LCSC"; VariantName = "[No Variations]"
Change component parameters (AddParameter): Name = "Supplier Part Number"; Value = "C105621"; VariantName = "[No Variations]"
Change component parameters (AddParameter): Name = "Voltage-Rated"; Value = "50V"; VariantName = "[No Variations]"
