Added Component: Designator=J3(PCB-rnlen50cc5tt6vc22c1r-1)
Add component. Clean all parameters for all variants
Add component (AddParameter): Name = "Contact Material"; Value = "Copper Alloy"; VariantName = "[No Variations]"
Add component (AddParameter): Name = "Contact Plating"; Value = "Tin"; VariantName = "[No Variations]"
Add component (AddParameter): Name = "ELV Compliant"; Value = "Compliant"; VariantName = "[No Variations]"
Add component (AddParameter): Name = "Flammability Rating"; Value = "UL 94 V-0"; VariantName = "[No Variations]"
Add component (AddParameter): Name = "Gender"; Value = "Male"; VariantName = "[No Variations]"
Add component (AddParameter): Name = "Housing Color"; Value = "Natural"; VariantName = "[No Variations]"
Add component (AddParameter): Name = "Housing Material"; Value = "Polyester"; VariantName = "[No Variations]"
Add component (AddParameter): Name = "Lead-Free Status"; Value = "Lead Free"; VariantName = "[No Variations]"
Add component (AddParameter): Name = "Lifecycle Status"; Value = "Active"; VariantName = "[No Variations]"
Add component (AddParameter): Name = "Manufacturer Part Number"; Value = "3-644456-5"; VariantName = "[No Variations]"
Add component (AddParameter): Name = "Mounting Angle"; Value = "180 °"; VariantName = "[No Variations]"
Add component (AddParameter): Name = "Mounting Style"; Value = "Through Hole"; VariantName = "[No Variations]"
Add component (AddParameter): Name = "Number of Contacts"; Value = "5"; VariantName = "[No Variations]"
Add component (AddParameter): Name = "Number of Positions"; Value = "5"; VariantName = "[No Variations]"
Add component (AddParameter): Name = "Number of Rows"; Value = "1"; VariantName = "[No Variations]"
Add component (AddParameter): Name = "OctopartID"; Value = "b5d67e8662e76a11"; VariantName = "[No Variations]"
Add component (AddParameter): Name = "Octopart URL"; Value = "http://octopart.com/3-644456-5-te+connectivity+%2F+amp-39514711"; VariantName = "[No Variations]"
Add component (AddParameter): Name = "Orientation"; Value = "Vertical"; VariantName = "[No Variations]"
Add component (AddParameter): Name = "Packaging"; Value = "Box, Bag"; VariantName = "[No Variations]"
Add component (AddParameter): Name = "Pin Pitch"; Value = "2.54 mm"; VariantName = "[No Variations]"
Add component (AddParameter): Name = "RoHS"; Value = "Compliant"; VariantName = "[No Variations]"
Add component (AddParameter): Name = "Shrouded"; Value = "No"; VariantName = "[No Variations]"
Add component (AddParameter): Name = "Size-Height"; Value = "2.54 mm"; VariantName = "[No Variations]"
Add component (AddParameter): Name = "Size-Length"; Value = "12.4 mm"; VariantName = "[No Variations]"
Add component (AddParameter): Name = "Size-Width"; Value = "2.34 mm"; VariantName = "[No Variations]"
Add component (AddParameter): Name = "Voltage Rating (AC)"; Value = "250 V"; VariantName = "[No Variations]"
Added Pin To Net: NetName=CANH Pin=J3-1
Added Pin To Net: NetName=CANL Pin=J3-2
Added Pin To Net: NetName=SCL1 Pin=J3-3
Added Pin To Net: NetName=SDA1 Pin=J3-4
Added Pin To Net: NetName=AGND Pin=J3-5
Added Member To Class: ClassName=MCU Member=Component J3 TE Connectivity / AMP 3-644456-5
