Replace Part C20 CMP-2f55e5122ad9f092-5 in C:\Users\Nalith\Google Drive\Altium Projects\POWER CARD_B2 - Lahiru's working copy\Power_Supply_2.SchDoc with CMP-2f55e5122ad9f092-5 from POWER CARD.IntLib
Replace Part C21 CMP-2f55e5122ad9f092-5 in C:\Users\Nalith\Google Drive\Altium Projects\POWER CARD_B2 - Lahiru's working copy\Power_Supply_2.SchDoc with CMP-2f55e5122ad9f092-5 from POWER CARD.IntLib
Replace Part C22 CMP-135114-3 in C:\Users\Nalith\Google Drive\Altium Projects\POWER CARD_B2 - Lahiru's working copy\Power_Supply_2.SchDoc with CMP-135114-3 from POWER CARD.IntLib
Replace Part C23 CMP-135114-3 in C:\Users\Nalith\Google Drive\Altium Projects\POWER CARD_B2 - Lahiru's working copy\Power_Supply_2.SchDoc with CMP-135114-3 from POWER CARD.IntLib
Replace Part C24 CMP-2f55e5122ad9f092-5 in C:\Users\Nalith\Google Drive\Altium Projects\POWER CARD_B2 - Lahiru's working copy\Power_Supply_2.SchDoc with CMP-2f55e5122ad9f092-5 from POWER CARD.IntLib
Replace Part C25 CMP-2f55e5122ad9f092-5 in C:\Users\Nalith\Google Drive\Altium Projects\POWER CARD_B2 - Lahiru's working copy\Power_Supply_2.SchDoc with CMP-2f55e5122ad9f092-5 from POWER CARD.IntLib
Replace Part C26 CMP-2f55e5122ad9f092-5 in C:\Users\Nalith\Google Drive\Altium Projects\POWER CARD_B2 - Lahiru's working copy\Power_Supply_2.SchDoc with CMP-2f55e5122ad9f092-5 from POWER CARD.IntLib
Replace Part IC2 CMP-073acf9bf38cd8fd-4 in C:\Users\Nalith\Google Drive\Altium Projects\POWER CARD_B2 - Lahiru's working copy\Power_Supply_2.SchDoc with CMP-073acf9bf38cd8fd-4 from POWER CARD.IntLib
Replace Part K2 CMP-edc624afa9603201-3 in C:\Users\Nalith\Google Drive\Altium Projects\POWER CARD_B2 - Lahiru's working copy\Power_Supply_2.SchDoc with CMP-edc624afa9603201-3 from POWER CARD.IntLib
Replace Part L2 CMP-nvsrvemexzuzshl0ucuq-1 in C:\Users\Nalith\Google Drive\Altium Projects\POWER CARD_B2 - Lahiru's working copy\Power_Supply_2.SchDoc with CMP-nvsrvemexzuzshl0ucuq-1 from POWER CARD.IntLib
Replace Part R21 CMP-90ca5a8d69034f0d-5 in C:\Users\Nalith\Google Drive\Altium Projects\POWER CARD_B2 - Lahiru's working copy\Power_Supply_2.SchDoc with CMP-90ca5a8d69034f0d-5 from POWER CARD.IntLib
Replace Part R22 CMP-90ca5a8d69034f0d-5 in C:\Users\Nalith\Google Drive\Altium Projects\POWER CARD_B2 - Lahiru's working copy\Power_Supply_2.SchDoc with CMP-90ca5a8d69034f0d-5 from POWER CARD.IntLib
Replace Part R23 CMP-90ca5a8d69034f0d-5 in C:\Users\Nalith\Google Drive\Altium Projects\POWER CARD_B2 - Lahiru's working copy\Power_Supply_2.SchDoc with CMP-90ca5a8d69034f0d-5 from POWER CARD.IntLib
Replace Part R24 CMP-90ca5a8d69034f0d-5 in C:\Users\Nalith\Google Drive\Altium Projects\POWER CARD_B2 - Lahiru's working copy\Power_Supply_2.SchDoc with CMP-90ca5a8d69034f0d-5 from POWER CARD.IntLib
Replace Part R25 CMP-90ca5a8d69034f0d-5 in C:\Users\Nalith\Google Drive\Altium Projects\POWER CARD_B2 - Lahiru's working copy\Power_Supply_2.SchDoc with CMP-90ca5a8d69034f0d-5 from POWER CARD.IntLib
Replace Part R26 CMP-1853278-23 in C:\Users\Nalith\Google Drive\Altium Projects\POWER CARD_B2 - Lahiru's working copy\Power_Supply_2.SchDoc with CMP-1853278-23 from POWER CARD.IntLib
Replace Part R27 CMP-1853278-27 in C:\Users\Nalith\Google Drive\Altium Projects\POWER CARD_B2 - Lahiru's working copy\Power_Supply_2.SchDoc with CMP-1853278-27 from POWER CARD.IntLib
Replace Part R28 CMP-1853278-23 in C:\Users\Nalith\Google Drive\Altium Projects\POWER CARD_B2 - Lahiru's working copy\Power_Supply_2.SchDoc with CMP-1853278-23 from POWER CARD.IntLib
Replace Part R29 CMP-1853278-27 in C:\Users\Nalith\Google Drive\Altium Projects\POWER CARD_B2 - Lahiru's working copy\Power_Supply_2.SchDoc with CMP-1853278-27 from POWER CARD.IntLib
Replace Part R30 CMP-1853278-27 in C:\Users\Nalith\Google Drive\Altium Projects\POWER CARD_B2 - Lahiru's working copy\Power_Supply_2.SchDoc with CMP-1853278-27 from POWER CARD.IntLib
Replace Part VR2 CMP-a8df61d7bf077718-3 in C:\Users\Nalith\Google Drive\Altium Projects\POWER CARD_B2 - Lahiru's working copy\Power_Supply_2.SchDoc with CMP-a8df61d7bf077718-3 from POWER CARD.IntLib
