Change Component Footprint: Designator=Q3_L1 Old Footprint=PCB-h3r3bzz71pyabhalkrge-1 New Footprint=PCB-h3r3bzz71pyabhalkrge-1
Change Component Footprint: Designator=Q3_L2 Old Footprint=PCB-h3r3bzz71pyabhalkrge-1 New Footprint=PCB-h3r3bzz71pyabhalkrge-1
Change Component Footprint: Designator=Q3_L3 Old Footprint=PCB-h3r3bzz71pyabhalkrge-1 New Footprint=PCB-h3r3bzz71pyabhalkrge-1
Change Component Footprint: Designator=IC3_L1 Old Footprint=SOIC-OA8_M New Footprint=SOIC-OA8_M
Change Component Footprint: Designator=IC3_L2 Old Footprint=SOIC-OA8_M New Footprint=SOIC-OA8_M
Change Component Footprint: Designator=IC3_L3 Old Footprint=SOIC-OA8_M New Footprint=SOIC-OA8_M
Change Component Footprint: Designator=Q5_L1 Old Footprint=SOT-23 New Footprint=SOT-23
Change Component Footprint: Designator=Q5_L2 Old Footprint=SOT-23 New Footprint=SOT-23
Change Component Footprint: Designator=Q5_L3 Old Footprint=SOT-23 New Footprint=SOT-23
Change component parameters: Designator = "Q3_L1"; Footprint = "PCB-h3r3bzz71pyabhalkrge-1"; UniqueID = "\DWSJHVBB\WECHQBSN\NYQSYVYG"
Change component parameters. Clean all parameters for all variants
Change component parameters (AddParameter): Name = "Case/Package"; Value = "SOT-23"; VariantName = "[No Variations]"
Change component parameters (AddParameter): Name = "Manufacture Part Number"; Value = "INA138NA/3K"; VariantName = "[No Variations]"
Change component parameters (AddParameter): Name = "Manufacturer"; Value = "Texas Instruments"; VariantName = "[No Variations]"
Change component parameters (AddParameter): Name = "Supplier"; Value = "LCSC"; VariantName = "[No Variations]"
Change component parameters (AddParameter): Name = "Supplier Part Number"; Value = "C47914"; VariantName = "[No Variations]"
Change component parameters: Designator = "Q3_L2"; Footprint = "PCB-h3r3bzz71pyabhalkrge-1"; UniqueID = "\WXMJPWFK\TLRTELEY\NYQSYVYG"
Change component parameters. Clean all parameters for all variants
Change component parameters (AddParameter): Name = "Case/Package"; Value = "SOT-23"; VariantName = "[No Variations]"
Change component parameters (AddParameter): Name = "Manufacture Part Number"; Value = "INA138NA/3K"; VariantName = "[No Variations]"
Change component parameters (AddParameter): Name = "Manufacturer"; Value = "Texas Instruments"; VariantName = "[No Variations]"
Change component parameters (AddParameter): Name = "Supplier"; Value = "LCSC"; VariantName = "[No Variations]"
Change component parameters (AddParameter): Name = "Supplier Part Number"; Value = "C47914"; VariantName = "[No Variations]"
Change component parameters: Designator = "Q3_L3"; Footprint = "PCB-h3r3bzz71pyabhalkrge-1"; UniqueID = "\ICRWGBVK\JCKLKKSK\NYQSYVYG"
Change component parameters. Clean all parameters for all variants
Change component parameters (AddParameter): Name = "Case/Package"; Value = "SOT-23"; VariantName = "[No Variations]"
Change component parameters (AddParameter): Name = "Manufacture Part Number"; Value = "INA138NA/3K"; VariantName = "[No Variations]"
Change component parameters (AddParameter): Name = "Manufacturer"; Value = "Texas Instruments"; VariantName = "[No Variations]"
Change component parameters (AddParameter): Name = "Supplier"; Value = "LCSC"; VariantName = "[No Variations]"
Change component parameters (AddParameter): Name = "Supplier Part Number"; Value = "C47914"; VariantName = "[No Variations]"
Change component parameters: Designator = "IC3_L1"; Footprint = "SOIC-OA8_M"; UniqueID = "\DWSJHVBB\WECHQBSN\BRHTUHML"
Change component parameters. Clean all parameters for all variants
Change component parameters (AddParameter): Name = "Bandwidth"; Value = "1.10 MHz"; VariantName = "[No Variations]"
Change component parameters (AddParameter): Name = "Case/Package"; Value = "SOIC"; VariantName = "[No Variations]"
Change component parameters (AddParameter): Name = "Gain Bandwidth Product"; Value = "1.10 MHz"; VariantName = "[No Variations]"
Change component parameters (AddParameter): Name = "Lead-Free Status"; Value = "Lead Free"; VariantName = "[No Variations]"
Change component parameters (AddParameter): Name = "Lifecycle Status"; Value = "Active"; VariantName = "[No Variations]"
Change component parameters (AddParameter): Name = "Manufacture Part Number"; Value = "LM358DT"; VariantName = "[No Variations]"
Change component parameters (AddParameter): Name = "Manufacturer"; Value = "STMicroelectronics"; VariantName = "[No Variations]"
Change component parameters (AddParameter): Name = "Mounting Style"; Value = "Surface Mount"; VariantName = "[No Variations]"
Change component parameters (AddParameter): Name = "Number of Channels"; Value = "2"; VariantName = "[No Variations]"
Change component parameters (AddParameter): Name = "Number of Circuits"; Value = "2"; VariantName = "[No Variations]"
Change component parameters (AddParameter): Name = "Number of Pins"; Value = "8"; VariantName = "[No Variations]"
Change component parameters (AddParameter): Name = "OctopartID"; Value = "9a3c516d515145fb"; VariantName = "[No Variations]"
Change component parameters (AddParameter): Name = "Octopart URL"; Value = "https://octopart.com/lm358dt-stmicroelectronics-39579147"; VariantName = "[No Variations]"
Change component parameters (AddParameter): Name = "Packaging"; Value = "Cut Tape (CT), Tape & Reel (TR)"; VariantName = "[No Variations]"
Change component parameters (AddParameter): Name = "REACH SVHC Compliance"; Value = "No SVHC"; VariantName = "[No Variations]"
Change component parameters (AddParameter): Name = "RoHS"; Value = "Compliant"; VariantName = "[No Variations]"
Change component parameters (AddParameter): Name = "Slew Rate"; Value = "600 mV/µs"; VariantName = "[No Variations]"
Change component parameters (AddParameter): Name = "Supplier"; Value = "LCSC"; VariantName = "[No Variations]"
Change component parameters (AddParameter): Name = "Supplier Part Number"; Value = "C9418"; VariantName = "[No Variations]"
Change component parameters (AddParameter): Name = "Supply Current"; Value = "700 µA"; VariantName = "[No Variations]"
Change component parameters (AddParameter): Name = "Supply Voltage (DC)"; Value = "32.0 V"; VariantName = "[No Variations]"
Change component parameters: Designator = "IC3_L2"; Footprint = "SOIC-OA8_M"; UniqueID = "\WXMJPWFK\TLRTELEY\BRHTUHML"
Change component parameters. Clean all parameters for all variants
Change component parameters (AddParameter): Name = "Bandwidth"; Value = "1.10 MHz"; VariantName = "[No Variations]"
Change component parameters (AddParameter): Name = "Case/Package"; Value = "SOIC"; VariantName = "[No Variations]"
Change component parameters (AddParameter): Name = "Gain Bandwidth Product"; Value = "1.10 MHz"; VariantName = "[No Variations]"
Change component parameters (AddParameter): Name = "Lead-Free Status"; Value = "Lead Free"; VariantName = "[No Variations]"
Change component parameters (AddParameter): Name = "Lifecycle Status"; Value = "Active"; VariantName = "[No Variations]"
Change component parameters (AddParameter): Name = "Manufacture Part Number"; Value = "LM358DT"; VariantName = "[No Variations]"
Change component parameters (AddParameter): Name = "Manufacturer"; Value = "STMicroelectronics"; VariantName = "[No Variations]"
Change component parameters (AddParameter): Name = "Mounting Style"; Value = "Surface Mount"; VariantName = "[No Variations]"
Change component parameters (AddParameter): Name = "Number of Channels"; Value = "2"; VariantName = "[No Variations]"
Change component parameters (AddParameter): Name = "Number of Circuits"; Value = "2"; VariantName = "[No Variations]"
Change component parameters (AddParameter): Name = "Number of Pins"; Value = "8"; VariantName = "[No Variations]"
Change component parameters (AddParameter): Name = "OctopartID"; Value = "9a3c516d515145fb"; VariantName = "[No Variations]"
Change component parameters (AddParameter): Name = "Octopart URL"; Value = "https://octopart.com/lm358dt-stmicroelectronics-39579147"; VariantName = "[No Variations]"
Change component parameters (AddParameter): Name = "Packaging"; Value = "Cut Tape (CT), Tape & Reel (TR)"; VariantName = "[No Variations]"
Change component parameters (AddParameter): Name = "REACH SVHC Compliance"; Value = "No SVHC"; VariantName = "[No Variations]"
Change component parameters (AddParameter): Name = "RoHS"; Value = "Compliant"; VariantName = "[No Variations]"
Change component parameters (AddParameter): Name = "Slew Rate"; Value = "600 mV/µs"; VariantName = "[No Variations]"
Change component parameters (AddParameter): Name = "Supplier"; Value = "LCSC"; VariantName = "[No Variations]"
Change component parameters (AddParameter): Name = "Supplier Part Number"; Value = "C9418"; VariantName = "[No Variations]"
Change component parameters (AddParameter): Name = "Supply Current"; Value = "700 µA"; VariantName = "[No Variations]"
Change component parameters (AddParameter): Name = "Supply Voltage (DC)"; Value = "32.0 V"; VariantName = "[No Variations]"
Change component parameters: Designator = "IC3_L3"; Footprint = "SOIC-OA8_M"; UniqueID = "\ICRWGBVK\JCKLKKSK\BRHTUHML"
Change component parameters. Clean all parameters for all variants
Change component parameters (AddParameter): Name = "Bandwidth"; Value = "1.10 MHz"; VariantName = "[No Variations]"
Change component parameters (AddParameter): Name = "Case/Package"; Value = "SOIC"; VariantName = "[No Variations]"
Change component parameters (AddParameter): Name = "Gain Bandwidth Product"; Value = "1.10 MHz"; VariantName = "[No Variations]"
Change component parameters (AddParameter): Name = "Lead-Free Status"; Value = "Lead Free"; VariantName = "[No Variations]"
Change component parameters (AddParameter): Name = "Lifecycle Status"; Value = "Active"; VariantName = "[No Variations]"
Change component parameters (AddParameter): Name = "Manufacture Part Number"; Value = "LM358DT"; VariantName = "[No Variations]"
Change component parameters (AddParameter): Name = "Manufacturer"; Value = "STMicroelectronics"; VariantName = "[No Variations]"
Change component parameters (AddParameter): Name = "Mounting Style"; Value = "Surface Mount"; VariantName = "[No Variations]"
Change component parameters (AddParameter): Name = "Number of Channels"; Value = "2"; VariantName = "[No Variations]"
Change component parameters (AddParameter): Name = "Number of Circuits"; Value = "2"; VariantName = "[No Variations]"
Change component parameters (AddParameter): Name = "Number of Pins"; Value = "8"; VariantName = "[No Variations]"
Change component parameters (AddParameter): Name = "OctopartID"; Value = "9a3c516d515145fb"; VariantName = "[No Variations]"
Change component parameters (AddParameter): Name = "Octopart URL"; Value = "https://octopart.com/lm358dt-stmicroelectronics-39579147"; VariantName = "[No Variations]"
Change component parameters (AddParameter): Name = "Packaging"; Value = "Cut Tape (CT), Tape & Reel (TR)"; VariantName = "[No Variations]"
Change component parameters (AddParameter): Name = "REACH SVHC Compliance"; Value = "No SVHC"; VariantName = "[No Variations]"
Change component parameters (AddParameter): Name = "RoHS"; Value = "Compliant"; VariantName = "[No Variations]"
Change component parameters (AddParameter): Name = "Slew Rate"; Value = "600 mV/µs"; VariantName = "[No Variations]"
Change component parameters (AddParameter): Name = "Supplier"; Value = "LCSC"; VariantName = "[No Variations]"
Change component parameters (AddParameter): Name = "Supplier Part Number"; Value = "C9418"; VariantName = "[No Variations]"
Change component parameters (AddParameter): Name = "Supply Current"; Value = "700 µA"; VariantName = "[No Variations]"
Change component parameters (AddParameter): Name = "Supply Voltage (DC)"; Value = "32.0 V"; VariantName = "[No Variations]"
