Change Component Footprint: Designator=U9 Old Footprint=PCB-3e3nvufahczdahdcyxrk-1 New Footprint=PCB-3e3nvufahczdahdcyxrk-1
Change Component Footprint: Designator=VR2 Old Footprint=PCB-5abvnr99iwiiosfurk6j-1 New Footprint=PCB-5abvnr99iwiiosfurk6j-1
Change Component Footprint: Designator=VR3 Old Footprint=PCB-5abvnr99iwiiosfurk6j-1 New Footprint=PCB-5abvnr99iwiiosfurk6j-1
Change Component Footprint: Designator=VR1 Old Footprint=PCB-8uuv2uwn1geg2g5qqyha-1 New Footprint=PCB-8uuv2uwn1geg2g5qqyha-1
Change Component Footprint: Designator=S1 Old Footprint=PCB-884bonwl6v4pb9lbnr4u-1 New Footprint=PCB-884bonwl6v4pb9lbnr4u-1
Change Component Footprint: Designator=S2 Old Footprint=PCB-884bonwl6v4pb9lbnr4u-1 New Footprint=PCB-884bonwl6v4pb9lbnr4u-1
Change Component Footprint: Designator=U3 Old Footprint=PCB-15095235-1 New Footprint=PCB-15095235-1
Change Component Footprint: Designator=L1 Old Footprint=PCB-aqghgth2fl3irtnr7nhi-1 New Footprint=PCB-aqghgth2fl3irtnr7nhi-1
Change Component Footprint: Designator=L3 Old Footprint=PCB-aqghgth2fl3irtnr7nhi-1 New Footprint=PCB-aqghgth2fl3irtnr7nhi-1
Change Component Footprint: Designator=U5 Old Footprint=PCB-bxhnyzncanvi69437o7v-1 New Footprint=PCB-bxhnyzncanvi69437o7v-1
Change Component Footprint: Designator=IC2 Old Footprint=PCB-DUYB6HEO4LJ5GRKFXIN6-1 New Footprint=PCB-duyb6heo4lj5grkfxin6-1
Change Component Footprint: Designator=K1 Old Footprint=PCB-ei6nokn2irsc2a7yt94x-1 New Footprint=PCB-ei6nokn2irsc2a7yt94x-1
Change Component Footprint: Designator=SP1 Old Footprint=PCB-gql0f0yk39bxcwo1gexj-1 New Footprint=PCB-gql0f0yk39bxcwo1gexj-1
Change Component Footprint: Designator=L2 Old Footprint=PCB-grsryisdn8451x3s484y-1 New Footprint=PCB-grsryisdn8451x3s484y-1
Change Component Footprint: Designator=U2 Old Footprint=PCB-j27wim3vo61mdxz6aows-1 New Footprint=PCB-j27wim3vo61mdxz6aows-1
Change Component Footprint: Designator=J4 Old Footprint=PCB-oudem42uhcimrbfznktg-1 New Footprint=PCB-oudem42uhcimrbfznktg-1
Change Component Footprint: Designator=J5 Old Footprint=PCB-oudem42uhcimrbfznktg-1 New Footprint=PCB-oudem42uhcimrbfznktg-1
Change Component Footprint: Designator=J6 Old Footprint=PCB-oudem42uhcimrbfznktg-1 New Footprint=PCB-oudem42uhcimrbfznktg-1
Change Component Footprint: Designator=U4 Old Footprint=PCB-psrfqusngns6snaz1e8o-1 New Footprint=PCB-psrfqusngns6snaz1e8o-1
Change Component Footprint: Designator=U6 Old Footprint=PCB-psrfqusngns6snaz1e8o-1 New Footprint=PCB-psrfqusngns6snaz1e8o-1
Change Component Footprint: Designator=U7 Old Footprint=PCB-pxs93rufbf6wijgtyo7d-1 New Footprint=PCB-pxs93rufbf6wijgtyo7d-1
Change Component Footprint: Designator=J2 Old Footprint=PCB-rnlen50cc5tt6vc22c1r-1 New Footprint=PCB-rnlen50cc5tt6vc22c1r-1
Change Component Footprint: Designator=J3 Old Footprint=PCB-rnlen50cc5tt6vc22c1r-1 New Footprint=PCB-rnlen50cc5tt6vc22c1r-1
Change Component Footprint: Designator=JP1 Old Footprint=PCB-sjva3kmaxrqfkswkvsp7-1 New Footprint=PCB-sjva3kmaxrqfkswkvsp7-1
Change Component Footprint: Designator=Q2 Old Footprint=PCB-tryrgihdrozpg2dv6q87-1 New Footprint=PCB-tryrgihdrozpg2dv6q87-1
Change Component Footprint: Designator=J1 Old Footprint=PCB-z52whxwf67d3eu6gna8s-1 New Footprint=PCB-z52whxwf67d3eu6gna8s-1
Change Component Footprint: Designator=D1 Old Footprint=PCB-z3532lqu4iri8rzc55ux-1 New Footprint=PCB-z3532lqu4iri8rzc55ux-1
Change Component Footprint: Designator=J14 Old Footprint=PIN_3x1_STR (2.54mm) New Footprint=PIN_3x1_STR (2.54mm)
Change Component Footprint: Designator=J15 Old Footprint=PIN_3x1_STR (2.54mm) New Footprint=PIN_3x1_STR (2.54mm)
Change Component Footprint: Designator=IC4 Old Footprint=SOIC-OA8_M New Footprint=SOIC-OA8_M
Change Component Footprint: Designator=IC5 Old Footprint=SOIC-OA8_M New Footprint=SOIC-OA8_M
Change Component Footprint: Designator=Q1 Old Footprint=SOT-23 New Footprint=SOT-23
Change Component Footprint: Designator=U1 Old Footprint=STM-LQFP48_M New Footprint=STM-LQFP48_M
Change Component Footprint: Designator=U8 Old Footprint=TI-KVT7 New Footprint=TI-KVT7
Change Component Footprint: Designator=IC1 Old Footprint=VfQFPN 3x3x1.0 16L New Footprint=VfQFPN 3x3x1.0 16L
Change Component Footprint: Designator=X1 Old Footprint=XTAL1 New Footprint=XTAL1
Change Component Comment : Designator=D1 Old Comment=B540C-13-F New Comment=Manufacturer Part Number
Change Component Comment : Designator=U5 Old Comment=LM4040B50FTA New Comment=
Change Component Comment : Designator=Q2 Old Comment=TLP785(GB-TP6,F(C New Comment=Part
Change component parameters: Designator = "J2"; Footprint = "PCB-rnlen50cc5tt6vc22c1r-1"; UniqueID = "\SGHMXQAL\WCXYHHUP"
Change component parameters. Clean all parameters for all variants
Change component parameters (AddParameter): Name = "Contact Material"; Value = "Copper Alloy"; VariantName = "[No Variations]"
Change component parameters (AddParameter): Name = "Contact Plating"; Value = "Tin"; VariantName = "[No Variations]"
Change component parameters (AddParameter): Name = "ELV Compliant"; Value = "Compliant"; VariantName = "[No Variations]"
Change component parameters (AddParameter): Name = "Flammability Rating"; Value = "UL 94 V-0"; VariantName = "[No Variations]"
Change component parameters (AddParameter): Name = "Gender"; Value = "Male"; VariantName = "[No Variations]"
Change component parameters (AddParameter): Name = "Housing Color"; Value = "Natural"; VariantName = "[No Variations]"
Change component parameters (AddParameter): Name = "Housing Material"; Value = "Polyester"; VariantName = "[No Variations]"
Change component parameters (AddParameter): Name = "Lead-Free Status"; Value = "Lead Free"; VariantName = "[No Variations]"
Change component parameters (AddParameter): Name = "Lifecycle Status"; Value = "Active"; VariantName = "[No Variations]"
Change component parameters (AddParameter): Name = "Mounting Angle"; Value = "180 °"; VariantName = "[No Variations]"
Change component parameters (AddParameter): Name = "Mounting Style"; Value = "Through Hole"; VariantName = "[No Variations]"
Change component parameters (AddParameter): Name = "Number of Contacts"; Value = "5"; VariantName = "[No Variations]"
Change component parameters (AddParameter): Name = "Number of Positions"; Value = "5"; VariantName = "[No Variations]"
Change component parameters (AddParameter): Name = "Number of Rows"; Value = "1"; VariantName = "[No Variations]"
Change component parameters (AddParameter): Name = "OctopartID"; Value = "b5d67e8662e76a11"; VariantName = "[No Variations]"
Change component parameters (AddParameter): Name = "Octopart URL"; Value = "http://octopart.com/3-644456-5-te+connectivity+%2F+amp-39514711"; VariantName = "[No Variations]"
Change component parameters (AddParameter): Name = "Orientation"; Value = "Vertical"; VariantName = "[No Variations]"
Change component parameters (AddParameter): Name = "Packaging"; Value = "Box, Bag"; VariantName = "[No Variations]"
Change component parameters (AddParameter): Name = "Pin Pitch"; Value = "2.54 mm"; VariantName = "[No Variations]"
Change component parameters (AddParameter): Name = "RoHS"; Value = "Compliant"; VariantName = "[No Variations]"
Change component parameters (AddParameter): Name = "Shrouded"; Value = "No"; VariantName = "[No Variations]"
Change component parameters (AddParameter): Name = "Size-Height"; Value = "2.54 mm"; VariantName = "[No Variations]"
Change component parameters (AddParameter): Name = "Size-Length"; Value = "12.4 mm"; VariantName = "[No Variations]"
Change component parameters (AddParameter): Name = "Size-Width"; Value = "2.34 mm"; VariantName = "[No Variations]"
Change component parameters (AddParameter): Name = "Voltage Rating (AC)"; Value = "250 V"; VariantName = "[No Variations]"
Change component parameters: Designator = "J3"; Footprint = "PCB-rnlen50cc5tt6vc22c1r-1"; UniqueID = "\SGHMXQAL\LNLWSBLF"
Change component parameters. Clean all parameters for all variants
Change component parameters (AddParameter): Name = "Contact Material"; Value = "Copper Alloy"; VariantName = "[No Variations]"
Change component parameters (AddParameter): Name = "Contact Plating"; Value = "Tin"; VariantName = "[No Variations]"
Change component parameters (AddParameter): Name = "ELV Compliant"; Value = "Compliant"; VariantName = "[No Variations]"
Change component parameters (AddParameter): Name = "Flammability Rating"; Value = "UL 94 V-0"; VariantName = "[No Variations]"
Change component parameters (AddParameter): Name = "Gender"; Value = "Male"; VariantName = "[No Variations]"
Change component parameters (AddParameter): Name = "Housing Color"; Value = "Natural"; VariantName = "[No Variations]"
Change component parameters (AddParameter): Name = "Housing Material"; Value = "Polyester"; VariantName = "[No Variations]"
Change component parameters (AddParameter): Name = "Lead-Free Status"; Value = "Lead Free"; VariantName = "[No Variations]"
Change component parameters (AddParameter): Name = "Lifecycle Status"; Value = "Active"; VariantName = "[No Variations]"
Change component parameters (AddParameter): Name = "Mounting Angle"; Value = "180 °"; VariantName = "[No Variations]"
Change component parameters (AddParameter): Name = "Mounting Style"; Value = "Through Hole"; VariantName = "[No Variations]"
Change component parameters (AddParameter): Name = "Number of Contacts"; Value = "5"; VariantName = "[No Variations]"
Change component parameters (AddParameter): Name = "Number of Positions"; Value = "5"; VariantName = "[No Variations]"
Change component parameters (AddParameter): Name = "Number of Rows"; Value = "1"; VariantName = "[No Variations]"
Change component parameters (AddParameter): Name = "OctopartID"; Value = "b5d67e8662e76a11"; VariantName = "[No Variations]"
Change component parameters (AddParameter): Name = "Octopart URL"; Value = "http://octopart.com/3-644456-5-te+connectivity+%2F+amp-39514711"; VariantName = "[No Variations]"
Change component parameters (AddParameter): Name = "Orientation"; Value = "Vertical"; VariantName = "[No Variations]"
Change component parameters (AddParameter): Name = "Packaging"; Value = "Box, Bag"; VariantName = "[No Variations]"
Change component parameters (AddParameter): Name = "Pin Pitch"; Value = "2.54 mm"; VariantName = "[No Variations]"
Change component parameters (AddParameter): Name = "RoHS"; Value = "Compliant"; VariantName = "[No Variations]"
Change component parameters (AddParameter): Name = "Shrouded"; Value = "No"; VariantName = "[No Variations]"
Change component parameters (AddParameter): Name = "Size-Height"; Value = "2.54 mm"; VariantName = "[No Variations]"
Change component parameters (AddParameter): Name = "Size-Length"; Value = "12.4 mm"; VariantName = "[No Variations]"
Change component parameters (AddParameter): Name = "Size-Width"; Value = "2.34 mm"; VariantName = "[No Variations]"
Change component parameters (AddParameter): Name = "Voltage Rating (AC)"; Value = "250 V"; VariantName = "[No Variations]"
Change component parameters: Designator = "D1"; Footprint = "PCB-z3532lqu4iri8rzc55ux-1"; UniqueID = "\VSEXMAQN\EGHCLPHO"
Change component parameters. Clean all parameters for all variants
Change component parameters (AddParameter): Name = "Capacitance"; Value = "300 pF"; VariantName = "[No Variations]"
Change component parameters (AddParameter): Name = "Current Rating"; Value = "5.00 A"; VariantName = "[No Variations]"
Change component parameters (AddParameter): Name = "Lead-Free Status"; Value = "Lead Free"; VariantName = "[No Variations]"
Change component parameters (AddParameter): Name = "Manufacture Part Number"; Value = "B540C-13-F"; VariantName = "[No Variations]"
Change component parameters (AddParameter): Name = "Manufacturer"; Value = "Diodes Incorporated"; VariantName = "[No Variations]"
Change component parameters (AddParameter): Name = "Mounting Style"; Value = "Surface Mount"; VariantName = "[No Variations]"
Change component parameters (AddParameter): Name = "Number of Pins"; Value = "2"; VariantName = "[No Variations]"
Change component parameters (AddParameter): Name = "OctopartID"; Value = "d6251f2b0bb209e2"; VariantName = "[No Variations]"
Change component parameters (AddParameter): Name = "Octopart URL"; Value = "http://octopart.com/b540c-13-f-diodes+inc.-325873"; VariantName = "[No Variations]"
Change component parameters (AddParameter): Name = "Output Current"; Value = "5.00 A (max)"; VariantName = "[No Variations]"
Change component parameters (AddParameter): Name = "Polarity"; Value = "Standard"; VariantName = "[No Variations]"
Change component parameters (AddParameter): Name = "REACH SVHC Compliance"; Value = "No SVHC"; VariantName = "[No Variations]"
Change component parameters (AddParameter): Name = "Supplier"; Value = "LCSC"; VariantName = "[No Variations]"
Change component parameters (AddParameter): Name = "Supplier Part Number"; Value = "C72264"; VariantName = "[No Variations]"
Change component parameters (AddParameter): Name = "Voltage Rating (DC)"; Value = "40.0 V"; VariantName = "[No Variations]"
Change component parameters: Designator = "U4"; Footprint = "PCB-psrfqusngns6snaz1e8o-1"; UniqueID = "\RPEXTKPR"
Change component parameters. Clean all parameters for all variants
Change component parameters (AddParameter): Name = "Lifecycle Status"; Value = "Active"; VariantName = "[No Variations]"
Change component parameters (AddParameter): Name = "Manufacture Part Number"; Value = "MCP4728-E/UN"; VariantName = "[No Variations]"
Change component parameters (AddParameter): Name = "Mounting Style"; Value = "Surface Mount"; VariantName = "[No Variations]"
Change component parameters (AddParameter): Name = "Number of Bits"; Value = "12"; VariantName = "[No Variations]"
Change component parameters (AddParameter): Name = "Number of Pins"; Value = "10"; VariantName = "[No Variations]"
Change component parameters (AddParameter): Name = "OctopartID"; Value = "b4d07d6e9fd36b17"; VariantName = "[No Variations]"
Change component parameters (AddParameter): Name = "Octopart URL"; Value = "http://octopart.com/mcp4728-e%2Fun-microchip-11800165"; VariantName = "[No Variations]"
Change component parameters (AddParameter): Name = "REACH SVHC Compliance"; Value = "No SVHC"; VariantName = "[No Variations]"
Change component parameters (AddParameter): Name = "RoHS"; Value = "Compliant"; VariantName = "[No Variations]"
Change component parameters (AddParameter): Name = "Supply Current"; Value = "800 µA"; VariantName = "[No Variations]"
Change component parameters: Designator = "U6"; Footprint = "PCB-psrfqusngns6snaz1e8o-1"; UniqueID = "\UFCPCIWR"
Change component parameters. Clean all parameters for all variants
Change component parameters (AddParameter): Name = "Lifecycle Status"; Value = "Active"; VariantName = "[No Variations]"
Change component parameters (AddParameter): Name = "Manufacture Part Number"; Value = "MCP4728-E/UN"; VariantName = "[No Variations]"
Change component parameters (AddParameter): Name = "Mounting Style"; Value = "Surface Mount"; VariantName = "[No Variations]"
Change component parameters (AddParameter): Name = "Number of Bits"; Value = "12"; VariantName = "[No Variations]"
Change component parameters (AddParameter): Name = "Number of Pins"; Value = "10"; VariantName = "[No Variations]"
Change component parameters (AddParameter): Name = "OctopartID"; Value = "b4d07d6e9fd36b17"; VariantName = "[No Variations]"
Change component parameters (AddParameter): Name = "Octopart URL"; Value = "http://octopart.com/mcp4728-e%2Fun-microchip-11800165"; VariantName = "[No Variations]"
Change component parameters (AddParameter): Name = "REACH SVHC Compliance"; Value = "No SVHC"; VariantName = "[No Variations]"
Change component parameters (AddParameter): Name = "RoHS"; Value = "Compliant"; VariantName = "[No Variations]"
Change component parameters (AddParameter): Name = "Supply Current"; Value = "800 µA"; VariantName = "[No Variations]"
Change component parameters: Designator = "X1"; Footprint = "XTAL1"; UniqueID = "\SGHMXQAL\MBIOGJXT"
Change component parameters. Clean all parameters for all variants
Change component parameters (AddParameter): Name = "Equivalent Series Resistance (ESR)"; Value = "80.0 O"; VariantName = "[No Variations]"
Change component parameters (AddParameter): Name = "Manufacture Part Number"; Value = "X49SD8MSD2SC"; VariantName = "[No Variations]"
Change component parameters (AddParameter): Name = "Manufacturer"; Value = "Yangxing Tech"; VariantName = "[No Variations]"
Change component parameters (AddParameter): Name = "Mounting Style"; Value = "Through Hole"; VariantName = "[No Variations]"
Change component parameters (AddParameter): Name = "Number of Pins"; Value = "2"; VariantName = "[No Variations]"
Change component parameters (AddParameter): Name = "OctopartID"; Value = "4bca809c9193940d"; VariantName = "[No Variations]"
Change component parameters (AddParameter): Name = "Octopart Url"; Value = "http://octopart.com/xt9s20ana8m-vishay+dale-39649087"; VariantName = "[No Variations]"
Change component parameters (AddParameter): Name = "Packaging"; Value = "Bulk"; VariantName = "[No Variations]"
Change component parameters (AddParameter): Name = "Seller Landing  Url"; Value = "https://octopart-clicks.com/click/track?country=US&ak=8157f166&sig=0e2aaf1&sid=2402&ppid=39649087&vpid=249355928&ct=offers"; VariantName = "[No Variations]"
Change component parameters (AddParameter): Name = "Supplier"; Value = "LCSC"; VariantName = "[No Variations]"
Change component parameters (AddParameter): Name = "Supplier Part Number"; Value = "C21263"; VariantName = "[No Variations]"
Change component parameters: Designator = "Q2"; Footprint = "PCB-tryrgihdrozpg2dv6q87-1"; UniqueID = "\DWSJHVBB\KYRRQSYE"
Change component parameters. Clean all parameters for all variants
Change component parameters (AddParameter): Name = "Manufacture Part Number"; Value = "TLP785(GB-TP6,F(C"; VariantName = "[No Variations]"
Change component parameters (AddParameter): Name = "Manufacturer"; Value = "TOSHIBA"; VariantName = "[No Variations]"
Change component parameters (AddParameter): Name = "Supplier"; Value = "LCSC"; VariantName = "[No Variations]"
Change component parameters (AddParameter): Name = "Supplier Part Number"; Value = "C45445"; VariantName = "[No Variations]"
Change component parameters: Designator = "U9"; Footprint = "PCB-3e3nvufahczdahdcyxrk-1"; UniqueID = "\ICRWGBVK\GOWQJDSI"
Change component parameters. Clean all parameters for all variants
Change component parameters (AddParameter): Name = "Manufacture Part Number"; Value = "TPS54202DDCR"; VariantName = "[No Variations]"
Change component parameters (AddParameter): Name = "Manufacturer"; Value = "Texas Instruments"; VariantName = "[No Variations]"
Change component parameters (AddParameter): Name = "Supplier"; Value = "LCSC"; VariantName = "[No Variations]"
Change component parameters (AddParameter): Name = "Supplier Part Number"; Value = "C191884"; VariantName = "[No Variations]"
Change component parameters: Designator = "U5"; Footprint = "PCB-bxhnyzncanvi69437o7v-1"; UniqueID = "\ICFRMOBO"
Change component parameters. Clean all parameters for all variants
Change component parameters (AddParameter): Name = "Manufacture Part Number"; Value = "LM4040B50FTA"; VariantName = "[No Variations]"
Change component parameters (AddParameter): Name = "Manufacturer"; Value = "Diodes Incorporated"; VariantName = "[No Variations]"
Change component parameters (AddParameter): Name = "Supplier"; Value = "LCSC"; VariantName = "[No Variations]"
Change component parameters (AddParameter): Name = "Supplier Part Number"; Value = "C460606"; VariantName = "[No Variations]"
Change component parameters (AddParameter): Name = "Temperature Coefficient"; Value = "20.0 ppm/°C"; VariantName = "[No Variations]"
Change component parameters: Designator = "IC1"; Footprint = "VfQFPN 3x3x1.0 16L"; UniqueID = "\VSEXMAQN\LAISMBRY"
Change component parameters. Clean all parameters for all variants
Change component parameters (AddParameter): Name = "Manufacture Part Number"; Value = "TPS55340RTER"; VariantName = "[No Variations]"
Change component parameters (AddParameter): Name = "Manufacturer"; Value = "Texas Instruments"; VariantName = "[No Variations]"
Change component parameters (AddParameter): Name = "Supplier"; Value = "LCSC"; VariantName = "[No Variations]"
Change component parameters (AddParameter): Name = "Supplier Part Number"; Value = "C169167"; VariantName = "[No Variations]"
Change component parameters: Designator = "IC2"; Footprint = "PCB-duyb6heo4lj5grkfxin6-1"; UniqueID = "\WXMJPWFK\HJEFPFMX"
Change component parameters. Clean all parameters for all variants
Change component parameters (AddParameter): Name = "Manufacture Part Number"; Value = "TPS56528DDAR"; VariantName = "[No Variations]"
Change component parameters (AddParameter): Name = "Manufacturer"; Value = "Texas Instruments"; VariantName = "[No Variations]"
Change component parameters (AddParameter): Name = "Number of Regulated Outputs"; Value = "1"; VariantName = "[No Variations]"
Change component parameters (AddParameter): Name = "RoHS"; Value = "Compliant"; VariantName = "[No Variations]"
Change component parameters (AddParameter): Name = "Supplier"; Value = "LCSC"; VariantName = "[No Variations]"
Change component parameters (AddParameter): Name = "Supplier Part Number"; Value = "C138716"; VariantName = "[No Variations]"
Change component parameters (AddParameter): Name = "Topology"; Value = "Buck"; VariantName = "[No Variations]"
Change component parameters: Designator = "IC4"; Footprint = "SOIC-OA8_M"; UniqueID = "\IMFIILVM"
Change component parameters. Clean all parameters for all variants
Change component parameters (AddParameter): Name = "Bandwidth"; Value = "1.10 MHz"; VariantName = "[No Variations]"
Change component parameters (AddParameter): Name = "Case/Package"; Value = "SOIC"; VariantName = "[No Variations]"
Change component parameters (AddParameter): Name = "Gain Bandwidth Product"; Value = "1.10 MHz"; VariantName = "[No Variations]"
Change component parameters (AddParameter): Name = "Lead-Free Status"; Value = "Lead Free"; VariantName = "[No Variations]"
Change component parameters (AddParameter): Name = "Lifecycle Status"; Value = "Active"; VariantName = "[No Variations]"
Change component parameters (AddParameter): Name = "Manufacture Part Number"; Value = "LM358DT"; VariantName = "[No Variations]"
Change component parameters (AddParameter): Name = "Manufacturer"; Value = "STMicroelectronics"; VariantName = "[No Variations]"
Change component parameters (AddParameter): Name = "Mounting Style"; Value = "Surface Mount"; VariantName = "[No Variations]"
Change component parameters (AddParameter): Name = "Number of Channels"; Value = "2"; VariantName = "[No Variations]"
Change component parameters (AddParameter): Name = "Number of Circuits"; Value = "2"; VariantName = "[No Variations]"
Change component parameters (AddParameter): Name = "Number of Pins"; Value = "8"; VariantName = "[No Variations]"
Change component parameters (AddParameter): Name = "OctopartID"; Value = "9a3c516d515145fb"; VariantName = "[No Variations]"
Change component parameters (AddParameter): Name = "Octopart URL"; Value = "https://octopart.com/lm358dt-stmicroelectronics-39579147"; VariantName = "[No Variations]"
Change component parameters (AddParameter): Name = "Packaging"; Value = "Cut Tape (CT), Tape & Reel (TR)"; VariantName = "[No Variations]"
Change component parameters (AddParameter): Name = "REACH SVHC Compliance"; Value = "No SVHC"; VariantName = "[No Variations]"
Change component parameters (AddParameter): Name = "RoHS"; Value = "Compliant"; VariantName = "[No Variations]"
Change component parameters (AddParameter): Name = "Slew Rate"; Value = "600 mV/µs"; VariantName = "[No Variations]"
Change component parameters (AddParameter): Name = "Supplier"; Value = "LCSC"; VariantName = "[No Variations]"
Change component parameters (AddParameter): Name = "Supplier Part Number"; Value = "C9418"; VariantName = "[No Variations]"
Change component parameters (AddParameter): Name = "Supply Current"; Value = "700 µA"; VariantName = "[No Variations]"
Change component parameters (AddParameter): Name = "Supply Voltage (DC)"; Value = "32.0 V"; VariantName = "[No Variations]"
Change component parameters: Designator = "IC5"; Footprint = "SOIC-OA8_M"; UniqueID = "\IXZTRJBQ"
Change component parameters. Clean all parameters for all variants
Change component parameters (AddParameter): Name = "Bandwidth"; Value = "1.10 MHz"; VariantName = "[No Variations]"
Change component parameters (AddParameter): Name = "Case/Package"; Value = "SOIC"; VariantName = "[No Variations]"
Change component parameters (AddParameter): Name = "Gain Bandwidth Product"; Value = "1.10 MHz"; VariantName = "[No Variations]"
Change component parameters (AddParameter): Name = "Lead-Free Status"; Value = "Lead Free"; VariantName = "[No Variations]"
Change component parameters (AddParameter): Name = "Lifecycle Status"; Value = "Active"; VariantName = "[No Variations]"
Change component parameters (AddParameter): Name = "Manufacture Part Number"; Value = "LM358DT"; VariantName = "[No Variations]"
Change component parameters (AddParameter): Name = "Manufacturer"; Value = "STMicroelectronics"; VariantName = "[No Variations]"
Change component parameters (AddParameter): Name = "Mounting Style"; Value = "Surface Mount"; VariantName = "[No Variations]"
Change component parameters (AddParameter): Name = "Number of Channels"; Value = "2"; VariantName = "[No Variations]"
Change component parameters (AddParameter): Name = "Number of Circuits"; Value = "2"; VariantName = "[No Variations]"
Change component parameters (AddParameter): Name = "Number of Pins"; Value = "8"; VariantName = "[No Variations]"
Change component parameters (AddParameter): Name = "OctopartID"; Value = "9a3c516d515145fb"; VariantName = "[No Variations]"
Change component parameters (AddParameter): Name = "Octopart URL"; Value = "https://octopart.com/lm358dt-stmicroelectronics-39579147"; VariantName = "[No Variations]"
Change component parameters (AddParameter): Name = "Packaging"; Value = "Cut Tape (CT), Tape & Reel (TR)"; VariantName = "[No Variations]"
Change component parameters (AddParameter): Name = "REACH SVHC Compliance"; Value = "No SVHC"; VariantName = "[No Variations]"
Change component parameters (AddParameter): Name = "RoHS"; Value = "Compliant"; VariantName = "[No Variations]"
Change component parameters (AddParameter): Name = "Slew Rate"; Value = "600 mV/µs"; VariantName = "[No Variations]"
Change component parameters (AddParameter): Name = "Supplier"; Value = "LCSC"; VariantName = "[No Variations]"
Change component parameters (AddParameter): Name = "Supplier Part Number"; Value = "C9418"; VariantName = "[No Variations]"
Change component parameters (AddParameter): Name = "Supply Current"; Value = "700 µA"; VariantName = "[No Variations]"
Change component parameters (AddParameter): Name = "Supply Voltage (DC)"; Value = "32.0 V"; VariantName = "[No Variations]"
Change component parameters: Designator = "J1"; Footprint = "PCB-z52whxwf67d3eu6gna8s-1"; UniqueID = "\SGHMXQAL\FEMGPPRX"
Change component parameters. Clean all parameters for all variants
Change component parameters (AddParameter): Name = "Company"; Value = "JST"; VariantName = "[No Variations]"
Change component parameters (AddParameter): Name = "Contact Material"; Value = "Brass"; VariantName = "[No Variations]"
Change component parameters (AddParameter): Name = "Contact Plating"; Value = "Tin"; VariantName = "[No Variations]"
Change component parameters (AddParameter): Name = "Contact Resistance"; Value = "10.0 mO"; VariantName = "[No Variations]"
Change component parameters (AddParameter): Name = "Current Rating"; Value = "3.00 A"; VariantName = "[No Variations]"
Change component parameters (AddParameter): Name = "Gender"; Value = "Male"; VariantName = "[No Variations]"
Change component parameters (AddParameter): Name = "Insulation Resistance"; Value = "1.00 GO"; VariantName = "[No Variations]"
Change component parameters (AddParameter): Name = "Lead-Free Status"; Value = "Lead Free"; VariantName = "[No Variations]"
Change component parameters (AddParameter): Name = "Manufacture Part Number"; Value = "B4B-XH-A (LF)(SN)"; VariantName = "[No Variations]"
Change component parameters (AddParameter): Name = "Manufacturer"; Value = "JST Sales America"; VariantName = "[No Variations]"
Change component parameters (AddParameter): Name = "Mounting Style"; Value = "Through Hole, Vertical"; VariantName = "[No Variations]"
Change component parameters (AddParameter): Name = "Number of Contacts"; Value = "4"; VariantName = "[No Variations]"
Change component parameters (AddParameter): Name = "OctopartID"; Value = "a6466f3bff057981"; VariantName = "[No Variations]"
Change component parameters (AddParameter): Name = "Octopart URL"; Value = "http://octopart.com/b4b-xh-a+%28lf%29%28sn%29-jst-7830565"; VariantName = "[No Variations]"
Change component parameters (AddParameter): Name = "REACH SVHC Compliance"; Value = "No SVHC"; VariantName = "[No Variations]"
Change component parameters (AddParameter): Name = "RoHS"; Value = "Compliant"; VariantName = "[No Variations]"
Change component parameters (AddParameter): Name = "Supplier"; Value = "LCSC"; VariantName = "[No Variations]"
Change component parameters (AddParameter): Name = "Supplier Part Number"; Value = "C144395"; VariantName = "[No Variations]"
Change component parameters (AddParameter): Name = "Voltage Rating (AC)"; Value = "250 V"; VariantName = "[No Variations]"
Change component parameters: Designator = "L1"; Footprint = "PCB-aqghgth2fl3irtnr7nhi-1"; UniqueID = "\VSEXMAQN\XEHJIKWU"
Change component parameters. Clean all parameters for all variants
Change component parameters (AddParameter): Name = "Manufacture Part Number"; Value = "SPM6530T-100M-HZ"; VariantName = "[No Variations]"
Change component parameters (AddParameter): Name = "Manufacturer"; Value = "TDK"; VariantName = "[No Variations]"
Change component parameters (AddParameter): Name = "OctopartID"; Value = "8deb4183ed4a522c"; VariantName = "[No Variations]"
Change component parameters (AddParameter): Name = "Octopart URL"; Value = "https://octopart.com/spm6530t-100m-hz-tdk-90326471"; VariantName = "[No Variations]"
Change component parameters (AddParameter): Name = "Supplier"; Value = "LCSC"; VariantName = "[No Variations]"
Change component parameters (AddParameter): Name = "Supplier Part Number"; Value = "C360728"; VariantName = "[No Variations]"
Change component parameters: Designator = "L3"; Footprint = "PCB-aqghgth2fl3irtnr7nhi-1"; UniqueID = "\ICRWGBVK\PPOOJKKR"
Change component parameters. Clean all parameters for all variants
Change component parameters (AddParameter): Name = "Manufacture Part Number"; Value = "SPM6530T-100M-HZ"; VariantName = "[No Variations]"
Change component parameters (AddParameter): Name = "Manufacturer"; Value = "TDK"; VariantName = "[No Variations]"
Change component parameters (AddParameter): Name = "OctopartID"; Value = "8deb4183ed4a522c"; VariantName = "[No Variations]"
Change component parameters (AddParameter): Name = "Octopart URL"; Value = "https://octopart.com/spm6530t-100m-hz-tdk-90326471"; VariantName = "[No Variations]"
Change component parameters (AddParameter): Name = "Supplier"; Value = "LCSC"; VariantName = "[No Variations]"
Change component parameters (AddParameter): Name = "Supplier Part Number"; Value = "C360728"; VariantName = "[No Variations]"
Change component parameters: Designator = "U1"; Footprint = "STM-LQFP48_M"; UniqueID = "\SGHMXQAL\XYUDIUNE"
Change component parameters. Clean all parameters for all variants
Change component parameters (AddParameter): Name = "Lead-Free Status"; Value = "Lead Free"; VariantName = "[No Variations]"
Change component parameters (AddParameter): Name = "Lifecycle Status"; Value = "Active"; VariantName = "[No Variations]"
Change component parameters (AddParameter): Name = "Manufacture Part Number"; Value = "STM32F103C8T6"; VariantName = "[No Variations]"
Change component parameters (AddParameter): Name = "Manufacturer"; Value = "STMicroelectronics"; VariantName = "[No Variations]"
Change component parameters (AddParameter): Name = "OctopartID"; Value = "c3c10a7d8bb51c06"; VariantName = "[No Variations]"
Change component parameters (AddParameter): Name = "Octopart Url"; Value = "https://octopart.com/stm32f103c8t6tr-stmicroelectronics-11955474"; VariantName = "[No Variations]"
Change component parameters (AddParameter): Name = "RoHS"; Value = "Compliant"; VariantName = "[No Variations]"
Change component parameters (AddParameter): Name = "Supplier"; Value = "LCSC"; VariantName = "[No Variations]"
Change component parameters (AddParameter): Name = "Supplier Part Number"; Value = "C8734"; VariantName = "[No Variations]"
Change component parameters: Designator = "U2"; Footprint = "PCB-j27wim3vo61mdxz6aows-1"; UniqueID = "\SGHMXQAL\NWEEEYPF"
Change component parameters. Clean all parameters for all variants
Change component parameters (AddParameter): Name = "Data Rate"; Value = "1.00 Mbps"; VariantName = "[No Variations]"
Change component parameters (AddParameter): Name = "Lead-Free Status"; Value = "Lead Free"; VariantName = "[No Variations]"
Change component parameters (AddParameter): Name = "Manufacture Part Number"; Value = "MCP2551-I/SN"; VariantName = "[No Variations]"
Change component parameters (AddParameter): Name = "Manufacturer"; Value = "Microchip Tech"; VariantName = "[No Variations]"
Change component parameters (AddParameter): Name = "Number of Pins"; Value = "8"; VariantName = "[No Variations]"
Change component parameters (AddParameter): Name = "Octopart ID"; Value = "0bb6c2bdad83d471"; VariantName = "[No Variations]"
Change component parameters (AddParameter): Name = "OctopartID"; Value = "0bb6c2bdad83d471"; VariantName = "[No Variations]"
Change component parameters (AddParameter): Name = "Octopart URL"; Value = "https://octopart.com/mcp2551-i%2Fsn-microchip-99155"; VariantName = "[No Variations]"
Change component parameters (AddParameter): Name = "Packaging"; Value = "Tube"; VariantName = "[No Variations]"
Change component parameters (AddParameter): Name = "REACH SVHC Compliance"; Value = "No SVHC"; VariantName = "[No Variations]"
Change component parameters (AddParameter): Name = "Slew Rate"; Value = "8.50 V/µs"; VariantName = "[No Variations]"
Change component parameters (AddParameter): Name = "Supplier"; Value = "LCSC"; VariantName = "[No Variations]"
Change component parameters (AddParameter): Name = "Supplier Part Number"; Value = "C7376"; VariantName = "[No Variations]"
Change component parameters (AddParameter): Name = "Supply Current"; Value = "75.0 mA"; VariantName = "[No Variations]"
Change component parameters (AddParameter): Name = "Supply Voltage (DC)"; Value = "4.50 V (min), 5.50 V (max)"; VariantName = "[No Variations]"
Change component parameters: Designator = "U3"; Footprint = "PCB-15095235-1"; UniqueID = "\SGHMXQAL\OBJDRWSQ"
Change component parameters. Clean all parameters for all variants
Change component parameters (AddParameter): Name = "Lead-Free Status"; Value = "Lead Free"; VariantName = "[No Variations]"
Change component parameters (AddParameter): Name = "Lifecycle Status"; Value = "Not Listed by Manufacturer"; VariantName = "[No Variations]"
Change component parameters (AddParameter): Name = "Manufacture Part Number"; Value = "AZ1117CH-3.3TRG1"; VariantName = "[No Variations]"
Change component parameters (AddParameter): Name = "Manufacturer"; Value = "Diodes Incorporated"; VariantName = "[No Variations]"
Change component parameters (AddParameter): Name = "OctopartID"; Value = "a6d46e06d6807913"; VariantName = "[No Variations]"
Change component parameters (AddParameter): Name = "Octopart Url"; Value = "https://octopart.com/az1117ch-3.3trg1-diodes+inc.-30954802"; VariantName = "[No Variations]"
Change component parameters (AddParameter): Name = "RoHS"; Value = "Compliant"; VariantName = "[No Variations]"
Change component parameters (AddParameter): Name = "Supplier"; Value = "LCSC"; VariantName = "[No Variations]"
Change component parameters (AddParameter): Name = "Supplier Part Number"; Value = "C92102"; VariantName = "[No Variations]"
Change component parameters: Designator = "U7"; Footprint = "PCB-pxs93rufbf6wijgtyo7d-1"; UniqueID = "\GCGPWJKY"
Change component parameters. Clean all parameters for all variants
Change component parameters (AddParameter): Name = "CustomComponentID"; Value = "uwgrh96kdeedshkgggct"; VariantName = "[No Variations]"
Change component parameters (AddParameter): Name = "Homepage URL"; Value = ""; VariantName = "[No Variations]"
Change component parameters (AddParameter): Name = "Manufacture Part Number"; Value = "ULN2001D"; VariantName = "[No Variations]"
Change component parameters (AddParameter): Name = "Manufacturer"; Value = "Mixic"; VariantName = "[No Variations]"
Change component parameters (AddParameter): Name = "Supplier"; Value = "LCSC"; VariantName = "[No Variations]"
Change component parameters (AddParameter): Name = "Supplier Part Number"; Value = "C108905"; VariantName = "[No Variations]"
Change component parameters: Designator = "U8"; Footprint = "TI-KVT7"; UniqueID = "\DWSJHVBB\YSHFUXIU"
Change component parameters. Clean all parameters for all variants
Change component parameters (AddParameter): Name = "Bandwidth"; Value = "1000000.0 Hz"; VariantName = "[No Variations]"
Change component parameters (AddParameter): Name = "Gain Bandwidth Product"; Value = "1000000.0 Hz"; VariantName = "[No Variations]"
Change component parameters (AddParameter): Name = "Input Offset Drift"; Value = "3e-05 V/K"; VariantName = "[No Variations]"
Change component parameters (AddParameter): Name = "Lead-Free Status"; Value = "Lead Free"; VariantName = "[No Variations]"
Change component parameters (AddParameter): Name = "Lifecycle Status"; Value = "Active"; VariantName = "[No Variations]"
Change component parameters (AddParameter): Name = "Manufacture Part Number"; Value = "OPA548T"; VariantName = "[No Variations]"
Change component parameters (AddParameter): Name = "Manufacturer"; Value = "Texas Instruments"; VariantName = "[No Variations]"
Change component parameters (AddParameter): Name = "Mounting Style"; Value = "Through Hole"; VariantName = "[No Variations]"
Change component parameters (AddParameter): Name = "Number of Channels"; Value = "1"; VariantName = "[No Variations]"
Change component parameters (AddParameter): Name = "Number of Circuits"; Value = "1"; VariantName = "[No Variations]"
Change component parameters (AddParameter): Name = "Number of Pins"; Value = "7"; VariantName = "[No Variations]"
Change component parameters (AddParameter): Name = "OctopartID"; Value = "076ece6249b8d8a9"; VariantName = "[No Variations]"
Change component parameters (AddParameter): Name = "Octopart Url"; Value = "https://octopart.com/opa548t-texas+instruments-420784"; VariantName = "[No Variations]"
Change component parameters (AddParameter): Name = "Packaging"; Value = "Bulk"; VariantName = "[No Variations]"
Change component parameters (AddParameter): Name = "REACH SVHC Compliance"; Value = "No SVHC"; VariantName = "[No Variations]"
Change component parameters (AddParameter): Name = "RoHS"; Value = "Compliant"; VariantName = "[No Variations]"
Change component parameters (AddParameter): Name = "Slew Rate"; Value = "10.0 V/µs"; VariantName = "[No Variations]"
Change component parameters (AddParameter): Name = "Supplier"; Value = "LCSC"; VariantName = "[No Variations]"
Change component parameters (AddParameter): Name = "Supplier Part Number"; Value = "C138712"; VariantName = "[No Variations]"
Change component parameters (AddParameter): Name = "Supply Voltage (DC)"; Value = "60.0 V"; VariantName = "[No Variations]"
Change component parameters: Designator = "U10"; Footprint = "Z03A"; UniqueID = "\MWECZMFL"
Change component parameters. Clean all parameters for all variants
Change component parameters (AddParameter): Name = "Case/Package"; Value = "SOIC"; VariantName = "[No Variations]"
Change component parameters (AddParameter): Name = "Current Rating"; Value = "1.0 A"; VariantName = "[No Variations]"
Change component parameters (AddParameter): Name = "Dropout Voltage"; Value = "0.003 V"; VariantName = "[No Variations]"
Change component parameters (AddParameter): Name = "Lead-Free Status"; Value = "Lead Free"; VariantName = "[No Variations]"
Change component parameters (AddParameter): Name = "Lifecycle Status"; Value = "Active"; VariantName = "[No Variations]"
Change component parameters (AddParameter): Name = "Manufacture Part Number"; Value = "LM337LZ/NOPB"; VariantName = "[No Variations]"
Change component parameters (AddParameter): Name = "Manufacturer"; Value = "Texas Instruments"; VariantName = "[No Variations]"
Change component parameters (AddParameter): Name = "Mounting Style"; Value = "Through Hole"; VariantName = "[No Variations]"
Change component parameters (AddParameter): Name = "Number of Outputs"; Value = "1"; VariantName = "[No Variations]"
Change component parameters (AddParameter): Name = "Number of Pins"; Value = "3"; VariantName = "[No Variations]"
Change component parameters (AddParameter): Name = "Number of Regulated Outputs"; Value = "1"; VariantName = "[No Variations]"
Change component parameters (AddParameter): Name = "OctopartID"; Value = "cd28055848e712ef"; VariantName = "[No Variations]"
Change component parameters (AddParameter): Name = "Octopart Url"; Value = "https://octopart.com/lm337lz%2Fnopb-texas+instruments-24813737"; VariantName = "[No Variations]"
Change component parameters (AddParameter): Name = "Output Current"; Value = "0.1 A"; VariantName = "[No Variations]"
Change component parameters (AddParameter): Name = "Packaging"; Value = "Box"; VariantName = "[No Variations]"
Change component parameters (AddParameter): Name = "REACH SVHC Compliance"; Value = "No SVHC"; VariantName = "[No Variations]"
Change component parameters (AddParameter): Name = "RoHS"; Value = "Compliant"; VariantName = "[No Variations]"
Change component parameters (AddParameter): Name = "Supplier"; Value = "LCSC"; VariantName = "[No Variations]"
Change component parameters (AddParameter): Name = "Supplier Part Number"; Value = "C33082"; VariantName = "[No Variations]"
Change component parameters: Designator = "SP1"; Footprint = "PCB-gql0f0yk39bxcwo1gexj-1"; UniqueID = "\SGHMXQAL\WLPNJQQI"
Change component parameters. Clean all parameters for all variants
Change component parameters (AddParameter): Name = "CustomComponentID"; Value = "8r7wb9d4hsrx0vdasxxy"; VariantName = "[No Variations]"
Change component parameters (AddParameter): Name = "Homepage URL"; Value = ""; VariantName = "[No Variations]"
Change component parameters (AddParameter): Name = "Manufacture Part Number"; Value = "HNB09A03"; VariantName = "[No Variations]"
Change component parameters (AddParameter): Name = "Manufacturer"; Value = "Jiangsu Huaneng Elec"; VariantName = "[No Variations]"
Change component parameters (AddParameter): Name = "Supplier"; Value = "LCSC"; VariantName = "[No Variations]"
Change component parameters (AddParameter): Name = "Supplier Part Number"; Value = "C96102"; VariantName = "[No Variations]"
