Change Component DesignItemId : Designator=R17 Old DesignItemId=CMP-1853278-27 New DesignItemId=CMP-1853278-27_13
Change Component DesignItemId : Designator=R2 Old DesignItemId=CMP-1853278-27 New DesignItemId=CMP-1853278-27_16
Change Component DesignItemId : Designator=R5 Old DesignItemId=CMP-1853278-27 New DesignItemId=CMP-1853278-27_16
Change Component DesignItemId : Designator=R14 Old DesignItemId=CMP-1853278-27 New DesignItemId=CMP-1853278-27_16
Change Component DesignItemId : Designator=R15 Old DesignItemId=CMP-1853278-27 New DesignItemId=CMP-1853278-27_16
Change Component Library : Designator=R2 Old Library=POWER CARD.IntLib New Library=Resistor Capacitor.IntLib
Change Component Library : Designator=R5 Old Library=POWER CARD.IntLib New Library=Resistor Capacitor.IntLib
Change Component Library : Designator=R14 Old Library=POWER CARD.IntLib New Library=Resistor Capacitor.IntLib
Change Component Library : Designator=R15 Old Library=POWER CARD.IntLib New Library=Resistor Capacitor.IntLib
Change Component Library : Designator=R17 Old Library=POWER CARD.IntLib New Library=Resistor Capacitor.IntLib
Change component parameters: Designator = "R2"; Footprint = "gen0603-2"; UniqueID = "\VSEXMAQN\PYUQNSQV"
Change component parameters. Clean all parameters for all variants
Change component parameters (AddParameter): Name = ".Checked SCH"; Value = ""; VariantName = "[No Variations]"
Change component parameters (AddParameter): Name = "Manufacture Part Number"; Value = "RC0603FR-071KL"; VariantName = "[No Variations]"
Change component parameters (AddParameter): Name = "Manufacturer"; Value = "YAGEO"; VariantName = "[No Variations]"
Change component parameters (AddParameter): Name = "Package / Case"; Value = "0603"; VariantName = "[No Variations]"
Change component parameters (AddParameter): Name = "Resistance"; Value = "1k"; VariantName = "[No Variations]"
Change component parameters (AddParameter): Name = "Resistance Tolerance"; Value = "1%"; VariantName = "[No Variations]"
Change component parameters (AddParameter): Name = "Supplier"; Value = "LCSC"; VariantName = "[No Variations]"
Change component parameters (AddParameter): Name = "Supplier Part Number"; Value = "C22548"; VariantName = "[No Variations]"
Change component parameters: Designator = "R5"; Footprint = "gen0603-2"; UniqueID = "\VSEXMAQN\MRHXNQBD"
Change component parameters. Clean all parameters for all variants
Change component parameters (AddParameter): Name = ".Checked SCH"; Value = ""; VariantName = "[No Variations]"
Change component parameters (AddParameter): Name = "Manufacture Part Number"; Value = "RC0603FR-071KL"; VariantName = "[No Variations]"
Change component parameters (AddParameter): Name = "Manufacturer"; Value = "YAGEO"; VariantName = "[No Variations]"
Change component parameters (AddParameter): Name = "Package / Case"; Value = "0603"; VariantName = "[No Variations]"
Change component parameters (AddParameter): Name = "Resistance"; Value = "1k"; VariantName = "[No Variations]"
Change component parameters (AddParameter): Name = "Resistance Tolerance"; Value = "1%"; VariantName = "[No Variations]"
Change component parameters (AddParameter): Name = "Supplier"; Value = "LCSC"; VariantName = "[No Variations]"
Change component parameters (AddParameter): Name = "Supplier Part Number"; Value = "C22548"; VariantName = "[No Variations]"
Change component parameters: Designator = "R15"; Footprint = "gen0603-2"; UniqueID = "\VBPOGVIB"
Change component parameters. Clean all parameters for all variants
Change component parameters (AddParameter): Name = ".Checked SCH"; Value = ""; VariantName = "[No Variations]"
Change component parameters (AddParameter): Name = "Manufacture Part Number"; Value = "RC0603FR-071KL"; VariantName = "[No Variations]"
Change component parameters (AddParameter): Name = "Manufacturer"; Value = "YAGEO"; VariantName = "[No Variations]"
Change component parameters (AddParameter): Name = "Package / Case"; Value = "0603"; VariantName = "[No Variations]"
Change component parameters (AddParameter): Name = "Resistance"; Value = "1k"; VariantName = "[No Variations]"
Change component parameters (AddParameter): Name = "Resistance Tolerance"; Value = "1%"; VariantName = "[No Variations]"
Change component parameters (AddParameter): Name = "Supplier"; Value = "LCSC"; VariantName = "[No Variations]"
Change component parameters (AddParameter): Name = "Supplier Part Number"; Value = "C22548"; VariantName = "[No Variations]"
Change component parameters: Designator = "R14"; Footprint = "gen0603-2"; UniqueID = "\SGHMXQAL\JEFWHUAK"
Change component parameters. Clean all parameters for all variants
Change component parameters (AddParameter): Name = ".Checked SCH"; Value = ""; VariantName = "[No Variations]"
Change component parameters (AddParameter): Name = "Manufacture Part Number"; Value = "RC0603FR-071KL"; VariantName = "[No Variations]"
Change component parameters (AddParameter): Name = "Manufacturer"; Value = "YAGEO"; VariantName = "[No Variations]"
Change component parameters (AddParameter): Name = "Package / Case"; Value = "0603"; VariantName = "[No Variations]"
Change component parameters (AddParameter): Name = "Resistance"; Value = "1k"; VariantName = "[No Variations]"
Change component parameters (AddParameter): Name = "Resistance Tolerance"; Value = "1%"; VariantName = "[No Variations]"
Change component parameters (AddParameter): Name = "Supplier"; Value = "LCSC"; VariantName = "[No Variations]"
Change component parameters (AddParameter): Name = "Supplier Part Number"; Value = "C22548"; VariantName = "[No Variations]"
Change component parameters: Designator = "R17"; Footprint = "gen0603-2"; UniqueID = "\DWSJHVBB\CRMJKIVH"
Change component parameters. Clean all parameters for all variants
Change component parameters (AddParameter): Name = "Manufacture Part Number"; Value = "RC0603FR-071KL"; VariantName = "[No Variations]"
Change component parameters (AddParameter): Name = "Manufacturer"; Value = "YAGEO"; VariantName = "[No Variations]"
Change component parameters (AddParameter): Name = "Package / Case"; Value = "0603"; VariantName = "[No Variations]"
Change component parameters (AddParameter): Name = "Resistance"; Value = "1k"; VariantName = "[No Variations]"
Change component parameters (AddParameter): Name = "Resistance Tolerance"; Value = "1%"; VariantName = "[No Variations]"
Change component parameters (AddParameter): Name = "Supplier"; Value = "LCSC"; VariantName = "[No Variations]"
Change component parameters (AddParameter): Name = "Supplier Part Number"; Value = "C22548"; VariantName = "[No Variations]"
