Flow report for IO_driver
Sun Jul 25 22:39:45 2021
Quartus Prime Version 18.1.0 Build 625 09/12/2018 SJ Lite Edition


---------------------
; Table of Contents ;
---------------------
  1. Legal Notice
  2. Flow Summary
  3. Flow Settings
  4. Flow Non-Default Global Settings
  5. Flow Elapsed Time
  6. Flow OS Summary
  7. Flow Log
  8. Flow Messages
  9. Flow Suppressed Messages



----------------
; Legal Notice ;
----------------
Copyright (C) 2018  Intel Corporation. All rights reserved.
Your use of Intel Corporation's design tools, logic functions 
and other software and tools, and its AMPP partner logic 
functions, and any output files from any of the foregoing 
(including device programming or simulation files), and any 
associated documentation or information are expressly subject 
to the terms and conditions of the Intel Program License 
Subscription Agreement, the Intel Quartus Prime License Agreement,
the Intel FPGA IP License Agreement, or other applicable license
agreement, including, without limitation, that your use is for
the sole purpose of programming logic devices manufactured by
Intel and sold by Intel or its authorized distributors.  Please
refer to the applicable agreement for further details.



+----------------------------------------------------------------------------------+
; Flow Summary                                                                     ;
+------------------------------------+---------------------------------------------+
; Flow Status                        ; Successful - Sun Jul 25 22:39:45 2021       ;
; Quartus Prime Version              ; 18.1.0 Build 625 09/12/2018 SJ Lite Edition ;
; Revision Name                      ; IO_driver                                   ;
; Top-level Entity Name              ; IO_driver                                   ;
; Family                             ; Cyclone IV E                                ;
; Device                             ; EP4CE22F17C6                                ;
; Timing Models                      ; Final                                       ;
; Total logic elements               ; 2,981 / 22,320 ( 13 % )                     ;
;     Total combinational functions  ; 2,820 / 22,320 ( 13 % )                     ;
;     Dedicated logic registers      ; 2,333 / 22,320 ( 10 % )                     ;
; Total registers                    ; 2333                                        ;
; Total pins                         ; 53 / 154 ( 34 % )                           ;
; Total virtual pins                 ; 0                                           ;
; Total memory bits                  ; 540,672 / 608,256 ( 89 % )                  ;
; Embedded Multiplier 9-bit elements ; 0 / 132 ( 0 % )                             ;
; Total PLLs                         ; 0 / 4 ( 0 % )                               ;
+------------------------------------+---------------------------------------------+


+-----------------------------------------+
; Flow Settings                           ;
+-------------------+---------------------+
; Option            ; Setting             ;
+-------------------+---------------------+
; Start date & time ; 07/25/2021 22:38:20 ;
; Main task         ; Compilation         ;
; Revision Name     ; IO_driver           ;
+-------------------+---------------------+


+---------------------------------------------------------------------------------------------------------------------------------------------------------------+
; Flow Non-Default Global Settings                                                                                                                              ;
+------------------------------------------------+---------------------------------------------------------------+---------------+-------------+----------------+
; Assignment Name                                ; Value                                                         ; Default Value ; Entity Name ; Section Id     ;
+------------------------------------------------+---------------------------------------------------------------+---------------+-------------+----------------+
; COMPILER_SIGNATURE_ID                          ; 104407784571702.162723290010512                               ; --            ; --          ; --             ;
; EDA_DESIGN_INSTANCE_NAME                       ; NA                                                            ; --            ; --          ; tb             ;
; EDA_NATIVELINK_SIMULATION_TEST_BENCH           ; tb                                                            ; --            ; --          ; eda_simulation ;
; EDA_OUTPUT_DATA_FORMAT                         ; Verilog Hdl                                                   ; --            ; --          ; eda_simulation ;
; EDA_SIMULATION_TOOL                            ; ModelSim-Altera (Verilog)                                     ; <None>        ; --          ; --             ;
; EDA_TEST_BENCH_ENABLE_STATUS                   ; TEST_BENCH_MODE                                               ; --            ; --          ; eda_simulation ;
; EDA_TEST_BENCH_FILE                            ; simulation/modelsim/tb.v                                      ; --            ; --          ; tb             ;
; EDA_TEST_BENCH_MODULE_NAME                     ; tb                                                            ; --            ; --          ; tb             ;
; EDA_TEST_BENCH_NAME                            ; tb                                                            ; --            ; --          ; eda_simulation ;
; EDA_TEST_BENCH_RUN_SIM_FOR                     ; 100 ps                                                        ; --            ; --          ; tb             ;
; EDA_TIME_SCALE                                 ; 1 ps                                                          ; --            ; --          ; eda_simulation ;
; EDA_USER_COMPILED_SIMULATION_LIBRARY_DIRECTORY ; C:\0 Nalith Drive\FYP\FPGA\IO_driver_rev2\simulation\modelsim ; --            ; --          ; eda_simulation ;
; MAX_CORE_JUNCTION_TEMP                         ; 85                                                            ; --            ; --          ; --             ;
; MIN_CORE_JUNCTION_TEMP                         ; 0                                                             ; --            ; --          ; --             ;
; MISC_FILE                                      ; fifo_2clk_bb.v                                                ; --            ; --          ; --             ;
; MISC_FILE                                      ; fifo_1clk_bb.v                                                ; --            ; --          ; --             ;
; NOMINAL_CORE_SUPPLY_VOLTAGE                    ; 1.2V                                                          ; --            ; --          ; --             ;
; OUTPUT_IO_TIMING_FAR_END_VMEAS                 ; Half Signal Swing                                             ; --            ; --          ; --             ;
; OUTPUT_IO_TIMING_FAR_END_VMEAS                 ; Half Signal Swing                                             ; --            ; --          ; --             ;
; OUTPUT_IO_TIMING_NEAR_END_VMEAS                ; Half Vccio                                                    ; --            ; --          ; --             ;
; OUTPUT_IO_TIMING_NEAR_END_VMEAS                ; Half Vccio                                                    ; --            ; --          ; --             ;
; PARTITION_COLOR                                ; -- (Not supported for targeted family)                        ; --            ; --          ; Top            ;
; PARTITION_FITTER_PRESERVATION_LEVEL            ; -- (Not supported for targeted family)                        ; --            ; --          ; Top            ;
; PARTITION_NETLIST_TYPE                         ; -- (Not supported for targeted family)                        ; --            ; --          ; Top            ;
; POWER_BOARD_THERMAL_MODEL                      ; None (CONSERVATIVE)                                           ; --            ; --          ; --             ;
; POWER_PRESET_COOLING_SOLUTION                  ; 23 MM HEAT SINK WITH 200 LFPM AIRFLOW                         ; --            ; --          ; --             ;
; PROJECT_OUTPUT_DIRECTORY                       ; output_files                                                  ; --            ; --          ; --             ;
+------------------------------------------------+---------------------------------------------------------------+---------------+-------------+----------------+


+--------------------------------------------------------------------------------------------------------------------------+
; Flow Elapsed Time                                                                                                        ;
+----------------------+--------------+-------------------------+---------------------+------------------------------------+
; Module Name          ; Elapsed Time ; Average Processors Used ; Peak Virtual Memory ; Total CPU Time (on all processors) ;
+----------------------+--------------+-------------------------+---------------------+------------------------------------+
; Analysis & Synthesis ; 00:00:35     ; 1.0                     ; 4797 MB             ; 00:00:55                           ;
; Fitter               ; 00:00:30     ; 1.1                     ; 5316 MB             ; 00:00:38                           ;
; Assembler            ; 00:00:03     ; 1.0                     ; 4684 MB             ; 00:00:02                           ;
; Timing Analyzer      ; 00:00:05     ; 1.2                     ; 4794 MB             ; 00:00:06                           ;
; EDA Netlist Writer   ; 00:00:07     ; 1.0                     ; 4677 MB             ; 00:00:07                           ;
; Total                ; 00:01:20     ; --                      ; --                  ; 00:01:48                           ;
+----------------------+--------------+-------------------------+---------------------+------------------------------------+


+------------------------------------------------------------------------------------+
; Flow OS Summary                                                                    ;
+----------------------+------------------+------------+------------+----------------+
; Module Name          ; Machine Hostname ; OS Name    ; OS Version ; Processor type ;
+----------------------+------------------+------------+------------+----------------+
; Analysis & Synthesis ; DESKTOP-MJ8OCHS  ; Windows 10 ; 10.0       ; x86_64         ;
; Fitter               ; DESKTOP-MJ8OCHS  ; Windows 10 ; 10.0       ; x86_64         ;
; Assembler            ; DESKTOP-MJ8OCHS  ; Windows 10 ; 10.0       ; x86_64         ;
; Timing Analyzer      ; DESKTOP-MJ8OCHS  ; Windows 10 ; 10.0       ; x86_64         ;
; EDA Netlist Writer   ; DESKTOP-MJ8OCHS  ; Windows 10 ; 10.0       ; x86_64         ;
+----------------------+------------------+------------+------------+----------------+


------------
; Flow Log ;
------------
quartus_map --read_settings_files=on --write_settings_files=off IO_driver -c IO_driver
quartus_fit --read_settings_files=off --write_settings_files=off IO_driver -c IO_driver
quartus_asm --read_settings_files=off --write_settings_files=off IO_driver -c IO_driver
quartus_sta IO_driver -c IO_driver
quartus_eda --read_settings_files=off --write_settings_files=off IO_driver -c IO_driver



